<!DOCTYPE html>
<html>
<head>
    <meta charset="utf-8"/>
    <title>1695976597.html</title>
    <link href="assets/style.css" rel="stylesheet" type="text/css"/>
</head>
<body onLoad="init()">
<script>/* This Source Code Form is subject to the terms of the Mozilla Public
 * License, v. 2.0. If a copy of the MPL was not distributed with this file,
 * You can obtain one at http://mozilla.org/MPL/2.0/. */


function toArray(iter) {
    if (iter === null) {
        return null;
    }
    return Array.prototype.slice.call(iter);
}

function find(selector, elem) { // eslint-disable-line no-redeclare
    if (!elem) {
        elem = document;
    }
    return elem.querySelector(selector);
}

function findAll(selector, elem) {
    if (!elem) {
        elem = document;
    }
    return toArray(elem.querySelectorAll(selector));
}

function sortColumn(elem) {
    toggleSortStates(elem);
    const colIndex = toArray(elem.parentNode.childNodes).indexOf(elem);
    let key;
    if (elem.classList.contains('result')) {
        key = keyResult;
    } else if (elem.classList.contains('links')) {
        key = keyLink;
    } else {
        key = keyAlpha;
    }
    sortTable(elem, key(colIndex));
}

function showAllExtras() { // eslint-disable-line no-unused-vars
    findAll('.col-result').forEach(showExtras);
}

function hideAllExtras() { // eslint-disable-line no-unused-vars
    findAll('.col-result').forEach(hideExtras);
}

function showExtras(colresultElem) {
    const extras = colresultElem.parentNode.nextElementSibling;
    const expandcollapse = colresultElem.firstElementChild;
    extras.classList.remove('collapsed');
    expandcollapse.classList.remove('expander');
    expandcollapse.classList.add('collapser');
}

function hideExtras(colresultElem) {
    const extras = colresultElem.parentNode.nextElementSibling;
    const expandcollapse = colresultElem.firstElementChild;
    extras.classList.add('collapsed');
    expandcollapse.classList.remove('collapser');
    expandcollapse.classList.add('expander');
}

function showFilters() {
    let visibleString = getQueryParameter('visible') || 'all';
    visibleString = visibleString.toLowerCase();
    const checkedItems = visibleString.split(',');

    const filterItems = document.getElementsByClassName('filter');
    for (let i = 0; i < filterItems.length; i++) {
        filterItems[i].hidden = false;

        if (visibleString != 'all') {
            filterItems[i].checked = checkedItems.includes(filterItems[i].getAttribute('data-test-result'));
            filterTable(filterItems[i]);
        }
    }
}

function addCollapse() {
    // Add links for show/hide all
    const resulttable = find('table#results-table');
    const showhideall = document.createElement('p');
    showhideall.innerHTML = '<a href="javascript:showAllExtras()">Show all details</a> / ' +
                            '<a href="javascript:hideAllExtras()">Hide all details</a>';
    resulttable.parentElement.insertBefore(showhideall, resulttable);

    // Add show/hide link to each result
    findAll('.col-result').forEach(function(elem) {
        const collapsed = getQueryParameter('collapsed') || 'Passed';
        const extras = elem.parentNode.nextElementSibling;
        const expandcollapse = document.createElement('span');
        if (extras.classList.contains('collapsed')) {
            expandcollapse.classList.add('expander');
        } else if (collapsed.includes(elem.innerHTML)) {
            extras.classList.add('collapsed');
            expandcollapse.classList.add('expander');
        } else {
            expandcollapse.classList.add('collapser');
        }
        elem.appendChild(expandcollapse);

        elem.addEventListener('click', function(event) {
            if (event.currentTarget.parentNode.nextElementSibling.classList.contains('collapsed')) {
                showExtras(event.currentTarget);
            } else {
                hideExtras(event.currentTarget);
            }
        });
    });
}

function getQueryParameter(name) {
    const match = RegExp('[?&]' + name + '=([^&]*)').exec(window.location.search);
    return match && decodeURIComponent(match[1].replace(/\+/g, ' '));
}

function init () { // eslint-disable-line no-unused-vars
    resetSortHeaders();

    addCollapse();

    showFilters();

    sortColumn(find('.initial-sort'));

    findAll('.sortable').forEach(function(elem) {
        elem.addEventListener('click',
            function() {
                sortColumn(elem);
            }, false);
    });
}

function sortTable(clicked, keyFunc) {
    const rows = findAll('.results-table-row');
    const reversed = !clicked.classList.contains('asc');
    const sortedRows = sort(rows, keyFunc, reversed);
    /* Whole table is removed here because browsers acts much slower
     * when appending existing elements.
     */
    const thead = document.getElementById('results-table-head');
    document.getElementById('results-table').remove();
    const parent = document.createElement('table');
    parent.id = 'results-table';
    parent.appendChild(thead);
    sortedRows.forEach(function(elem) {
        parent.appendChild(elem);
    });
    document.getElementsByTagName('BODY')[0].appendChild(parent);
}

function sort(items, keyFunc, reversed) {
    const sortArray = items.map(function(item, i) {
        return [keyFunc(item), i];
    });

    sortArray.sort(function(a, b) {
        const keyA = a[0];
        const keyB = b[0];

        if (keyA == keyB) return 0;

        if (reversed) {
            return keyA < keyB ? 1 : -1;
        } else {
            return keyA > keyB ? 1 : -1;
        }
    });

    return sortArray.map(function(item) {
        const index = item[1];
        return items[index];
    });
}

function keyAlpha(colIndex) {
    return function(elem) {
        return elem.childNodes[1].childNodes[colIndex].firstChild.data.toLowerCase();
    };
}

function keyLink(colIndex) {
    return function(elem) {
        const dataCell = elem.childNodes[1].childNodes[colIndex].firstChild;
        return dataCell == null ? '' : dataCell.innerText.toLowerCase();
    };
}

function keyResult(colIndex) {
    return function(elem) {
        const strings = ['Error', 'Failed', 'Rerun', 'XFailed', 'XPassed',
            'Skipped', 'Passed'];
        return strings.indexOf(elem.childNodes[1].childNodes[colIndex].firstChild.data);
    };
}

function resetSortHeaders() {
    findAll('.sort-icon').forEach(function(elem) {
        elem.parentNode.removeChild(elem);
    });
    findAll('.sortable').forEach(function(elem) {
        const icon = document.createElement('div');
        icon.className = 'sort-icon';
        icon.textContent = 'vvv';
        elem.insertBefore(icon, elem.firstChild);
        elem.classList.remove('desc', 'active');
        elem.classList.add('asc', 'inactive');
    });
}

function toggleSortStates(elem) {
    //if active, toggle between asc and desc
    if (elem.classList.contains('active')) {
        elem.classList.toggle('asc');
        elem.classList.toggle('desc');
    }

    //if inactive, reset all other functions and add ascending active
    if (elem.classList.contains('inactive')) {
        resetSortHeaders();
        elem.classList.remove('inactive');
        elem.classList.add('active');
    }
}

function isAllRowsHidden(value) {
    return value.hidden == false;
}

function filterTable(elem) { // eslint-disable-line no-unused-vars
    const outcomeAtt = 'data-test-result';
    const outcome = elem.getAttribute(outcomeAtt);
    const classOutcome = outcome + ' results-table-row';
    const outcomeRows = document.getElementsByClassName(classOutcome);

    for(let i = 0; i < outcomeRows.length; i++){
        outcomeRows[i].hidden = !elem.checked;
    }

    const rows = findAll('.results-table-row').filter(isAllRowsHidden);
    const allRowsHidden = rows.length == 0 ? true : false;
    const notFoundMessage = document.getElementById('not-found-message');
    notFoundMessage.hidden = !allRowsHidden;
}

</script>
<h1>1695976597.html</h1>
<p>Report generated on 29-Sep-2023 at 14:32:24 by <a href="https://pypi.python.org/pypi/pytest-html">pytest-html</a>
    v3.2.0</p>
<h2>Summary</h2>
<p>33 tests ran in 1497.62 seconds. </p>
<p class="filter" hidden="true">(Un)check the boxes to filter the results.</p><input checked="true" class="filter"
                                                                                     data-test-result="passed"
                                                                                     hidden="true"
                                                                                     name="filter_checkbox"
                                                                                     onChange="filterTable(this)"
                                                                                     type="checkbox"/><span
        class="passed">26 passed</span>, <input checked="true" class="filter" data-test-result="skipped" disabled="true"
                                                hidden="true" name="filter_checkbox" onChange="filterTable(this)"
                                                type="checkbox"/><span class="skipped">0 skipped</span>, <input
        checked="true" class="filter" data-test-result="failed" hidden="true" name="filter_checkbox"
        onChange="filterTable(this)" type="checkbox"/><span class="failed">7 failed</span>, <input checked="true"
                                                                                                   class="filter"
                                                                                                   data-test-result="error"
                                                                                                   disabled="true"
                                                                                                   hidden="true"
                                                                                                   name="filter_checkbox"
                                                                                                   onChange="filterTable(this)"
                                                                                                   type="checkbox"/><span
        class="error">0 errors</span>, <input checked="true" class="filter" data-test-result="xfailed" disabled="true"
                                              hidden="true" name="filter_checkbox" onChange="filterTable(this)"
                                              type="checkbox"/><span class="xfailed">0 expected failures</span>, <input
        checked="true" class="filter" data-test-result="xpassed" disabled="true" hidden="true" name="filter_checkbox"
        onChange="filterTable(this)" type="checkbox"/><span class="xpassed">0 unexpected passes</span>
<h2>Results</h2>
<table id="results-table">
    <thead id="results-table-head">
    <tr>
        <th class="sortable result initial-sort" col="result">Result</th>
        <th class="sortable" col="name">Test</th>
        <th class="sortable" col="duration">Duration</th>
        <th class="sortable links" col="links">Links</th>
    </tr>
    <tr hidden="true" id="not-found-message">
        <th colspan="4">No results found. Try to check the filters</th>
    </tr>
    </thead>
    <tbody class="failed results-table-row">
    <tr>
        <td class="col-result">Failed</td>
        <td class="col-name">Test/test_UpdateProfile.py::Test_Update_Profile::test_update_profile[chrome]</td>
        <td class="col-duration">46.46</td>
        <td class="col-links"></td>
    </tr>
    <tr>
        <td class="extra" colspan="4">
            <div class="log">self = &lt;Test.test_UpdateProfile.Test_Update_Profile object at
                0x0000025CA26D2FE0&gt;<br/><br/> @pytest.mark.profile<br/> @pytest.mark.alltest<br/>
                @pytest.mark.regression<br/> def test_update_profile(self):<br/> self.update =
                LoginPage(self.driver)<br/> self.update.login(BasePage.COUPLE_EMAIL, BasePage.AUTOMATION_PASSWORD)<br/>
                <br/> self.update = UpdateProfile(self.driver)<br/> self.update.Update_Profile(&quot;QAtest&quot;,
                &quot;user&quot;, 9876543210, &quot;newpartner&quot;, &quot;test&quot;, &quot;partner11@yopmail.com&quot;,<br/>
                &quot;Thanks for the visiting&quot;, &quot;Hss&quot;, &quot;New Jersey&quot;)<br/> time.sleep(3)<br/>
                self.update.refresh_page(self.update.driver)<br/> time.sleep(7)<br/> try:<br/> first_name =
                self.update.get_element_value(BasePage.First_Name)<br/> assert first_name == &quot;QAtest&quot;<br/>
                <br/> except AssertionError:<br/> print(&quot;first name is not updating&quot;)<br/> raise<br/> <br/>
                try:<br/> last_name = self.update.get_element_value(BasePage.Last_Name)<br/> assert last_name == &quot;user&quot;<br/>
                <br/> except AssertionError:<br/> print(&quot;last name is not updating&quot;)<br/> raise<br/> <br/>
                try:<br/> phone_number = self.update.get_element_value(BasePage.Phone_Number)<br/> assert phone_number
                == &quot;98765 43210&quot;<br/> <br/> except AssertionError:<br/> print(&quot;phone number is not
                updating&quot;)<br/> raise<br/> <br/> try:<br/> partner_first_name =
                self.update.get_element_value(BasePage.Partner_First_Name)<br/> assert partner_first_name == &quot;newpartner&quot;<br/>
                <br/> except AssertionError:<br/> print(&quot;partner_first_name is not updating&quot;)<br/> raise<br/>
                <br/> try:<br/> Partner_Last_Name = self.update.get_element_value(BasePage.Partner_Last_Name)<br/>
                assert Partner_Last_Name == &quot;test&quot;<br/> <br/> except AssertionError:<br/> print(&quot;Partner_Last_Name
                is not updating&quot;)<br/> raise<br/> <br/> # try:<br/> # Partner_Email =
                self.update.get_element_value(BasePage.Partner_Email)<br/> # print(Partner_Email)<br/> # assert
                Partner_Email == &quot;partner11@yopmail.com&quot;<br/> #<br/> # except AssertionError:<br/> # print(&quot;Partner_Email
                is not updating&quot;)<br/> # raise<br/> <br/> # try:<br/> # Wedding_Date =
                self.asd.get_element_value(BasePage.Wedding_Date)<br/> # assert Wedding_Date == &quot;July 6, 2023&quot;<br/>
                #<br/> # except AssertionError:<br/> # print(&quot;Wedding_Date is not updating&quot;)<br/> # raise<br/>
                <br/> try:<br/> Greetings = self.update.get_element_value(BasePage.Greetings)<br/> assert Greetings ==
                &quot;Thanks for the visiting&quot;<br/> <br/> except AssertionError:<br/> print(&quot;Greetings is not
                updating&quot;)<br/> raise<br/> <br/> try:<br/> Couple_Hashtag =
                self.update.get_element_value(BasePage.Couple_Hashtag)<br/>&gt; assert Couple_Hashtag == &quot;Hss&quot;<br/><span
                        class="error">E           AssertionError: assert &#x27;Hs&#x27; == &#x27;Hss&#x27;</span><br/><span
                        class="error">E             - Hss</span><br/><span class="error">E             ?   -</span><br/><span
                        class="error">E             + Hs</span><br/><br/>Test\test_UpdateProfile.py:93:
                AssertionError<br/> ------------------------------Captured stdout call------------------------------
                <br/>Couple_Hashtag is not updating
                <br/></div>
        </td>
    </tr>
    </tbody>
    <tbody class="failed results-table-row">
    <tr>
        <td class="col-result">Failed</td>
        <td class="col-name">Test/test_change_password.py::Test_change_password::test_change_password_a[chrome]</td>
        <td class="col-duration">32.80</td>
        <td class="col-links"></td>
    </tr>
    <tr>
        <td class="extra" colspan="4">
            <div class="log">self = &lt;Test.test_change_password.Test_change_password object at
                0x0000025CA26FFD30&gt;<br/>request = &lt;FixtureRequest for &lt;Function test_change_password_a[chrome]&gt;&gt;<br/><br/>
                @pytest.mark.changepassword<br/> @pytest.mark.alltest<br/> # ---test change password functionality
                without enter any information------<br/> def test_change_password_a(self, request):<br/> <br/>
                self.login = LoginPage(self.driver)<br/> self.login.login(BasePage.COUPLE_EMAIL,
                BasePage.AUTOMATION_PASSWORD)<br/> <br/> self.login = ChangePassword(self.driver)<br/>&gt;
                self.login.Change_Password(&quot;&quot;, &quot;&quot;, &quot;&quot;)<br/><br/>Test\test_change_password.py:23:
                <br/>_ _ _ _ _ _ _ _ _ _ _ _ _ _ _ _ _ _ _ _ _ _ _ _ _ _ _ _ _ _ _ _ _ _ _ _ _ _ _ _<br/>Pages\ChangePassword.py:12:
                in Change_Password<br/> self.click_element(BasePage.Setting)<br/>Pages\BasePage.py:233: in click_element<br/>
                WebDriverWait(self.driver, 20).until(EC.visibility_of_element_located(by_locator)).click()<br/>_ _ _ _ _
                _ _ _ _ _ _ _ _ _ _ _ _ _ _ _ _ _ _ _ _ _ _ _ _ _ _ _ _ _ _ _ _ _ _ _<br/><br/>self = &lt;selenium.webdriver.support.wait.WebDriverWait
                (session=&quot;1ff11c3157d210e120590f57a4f831e5&quot;)&gt;<br/>method = &lt;function
                visibility_of_element_located.&lt;locals&gt;._predicate at 0x0000025CA2787520&gt;<br/>message = &#x27;&#x27;<br/><br/>
                def until(self, method, message: str = &quot;&quot;):<br/> &quot;&quot;&quot;Calls the method provided
                with the driver as an argument until the \<br/> return value does not evaluate to ``False``.<br/> <br/>
                :param method: callable(WebDriver)<br/> :param message: optional message for
                :exc:`TimeoutException`<br/> :returns: the result of the last call to `method`<br/> :raises:
                :exc:`selenium.common.exceptions.TimeoutException` if timeout occurs<br/> &quot;&quot;&quot;<br/> screen
                = None<br/> stacktrace = None<br/> <br/> end_time = time.monotonic() + self._timeout<br/> while
                True:<br/> try:<br/> value = method(self._driver)<br/> if value:<br/> return value<br/> except
                self._ignored_exceptions as exc:<br/> screen = getattr(exc, &quot;screen&quot;, None)<br/> stacktrace =
                getattr(exc, &quot;stacktrace&quot;, None)<br/> time.sleep(self._poll)<br/> if time.monotonic() &gt;
                end_time:<br/> break<br/>&gt; raise TimeoutException(message, screen, stacktrace)<br/><span
                        class="error">E       selenium.common.exceptions.TimeoutException: Message: </span><br/><span
                        class="error">E       Stacktrace:</span><br/><span class="error">E       	GetHandleVerifier [0x00FFCEB3+45171]</span><br/><span
                        class="error">E       	(No symbol) [0x00F89101]</span><br/><span class="error">E       	(No symbol) [0x00E7BE1D]</span><br/><span
                        class="error">E       	(No symbol) [0x00EAED40]</span><br/><span class="error">E       	(No symbol) [0x00EAF20B]</span><br/><span
                        class="error">E       	(No symbol) [0x00EDF692]</span><br/><span class="error">E       	(No symbol) [0x00ECB094]</span><br/><span
                        class="error">E       	(No symbol) [0x00EDDCFA]</span><br/><span class="error">E       	(No symbol) [0x00ECAE46]</span><br/><span
                        class="error">E       	(No symbol) [0x00EA675E]</span><br/><span class="error">E       	(No symbol) [0x00EA78FD]</span><br/><span
                        class="error">E       	GetHandleVerifier [0x012B54B9+2897529]</span><br/><span class="error">E       	GetHandleVerifier [0x012FDC6B+3194411]</span><br/><span
                        class="error">E       	GetHandleVerifier [0x012F7A41+3169281]</span><br/><span class="error">E       	GetHandleVerifier [0x01086130+606960]</span><br/><span
                        class="error">E       	(No symbol) [0x00F92E7C]</span><br/><span class="error">E       	(No symbol) [0x00F8F008]</span><br/><span
                        class="error">E       	(No symbol) [0x00F8F12F]</span><br/><span class="error">E       	(No symbol) [0x00F81827]</span><br/><span
                        class="error">E       	BaseThreadInitThunk [0x7555FCC9+25]</span><br/><span class="error">E       	RtlGetAppContainerNamedObjectPath [0x77657B1E+286]</span><br/><span
                        class="error">E       	RtlGetAppContainerNamedObjectPath [0x77657AEE+238]</span><br/><br/>..\..\AppData\Local\Packages\PythonSoftwareFoundation.Python.3.10_qbz5n2kfra8p0\LocalCache\local-packages\Python310\site-packages\selenium\webdriver\support\wait.py:95:
                TimeoutException<br/></div>
        </td>
    </tr>
    </tbody>
    <tbody class="failed results-table-row">
    <tr>
        <td class="col-result">Failed</td>
        <td class="col-name">Test/test_change_password.py::Test_change_password::test_change_password_b[chrome]</td>
        <td class="col-duration">1.11</td>
        <td class="col-links"></td>
    </tr>
    <tr>
        <td class="extra" colspan="4">
            <div class="log">self = &lt;Test.test_change_password.Test_change_password object at
                0x0000025CA26FF9D0&gt;<br/>request = &lt;FixtureRequest for &lt;Function test_change_password_b[chrome]&gt;&gt;<br/><br/>
                @pytest.mark.changepassword<br/> @pytest.mark.alltest<br/> # -----test change password functionality
                without enter old password---------<br/> def test_change_password_b(self, request):<br/> self.login =
                LoginPage(self.driver)<br/>&gt; self.login.login(BasePage.COUPLE_EMAIL,
                BasePage.AUTOMATION_PASSWORD)<br/><br/>Test\test_change_password.py:60: <br/>_ _ _ _ _ _ _ _ _ _ _ _ _ _
                _ _ _ _ _ _ _ _ _ _ _ _ _ _ _ _ _ _ _ _ _ _ _ _ _ _<br/>Pages\LoginPage.py:15: in login<br/>
                self.click_element(BasePage.LOGIN_ICON)<br/>Pages\BasePage.py:233: in click_element<br/>
                WebDriverWait(self.driver, 20).until(EC.visibility_of_element_located(by_locator)).click()<br/>..\..\AppData\Local\Packages\PythonSoftwareFoundation.Python.3.10_qbz5n2kfra8p0\LocalCache\local-packages\Python310\site-packages\selenium\webdriver\remote\webelement.py:94:
                in click<br/> self._execute(Command.CLICK_ELEMENT)<br/>..\..\AppData\Local\Packages\PythonSoftwareFoundation.Python.3.10_qbz5n2kfra8p0\LocalCache\local-packages\Python310\site-packages\selenium\webdriver\remote\webelement.py:403:
                in _execute<br/> return self._parent.execute(command, params)<br/>..\..\AppData\Local\Packages\PythonSoftwareFoundation.Python.3.10_qbz5n2kfra8p0\LocalCache\local-packages\Python310\site-packages\selenium\webdriver\remote\webdriver.py:440:
                in execute<br/> self.error_handler.check_response(response)<br/>_ _ _ _ _ _ _ _ _ _ _ _ _ _ _ _ _ _ _ _
                _ _ _ _ _ _ _ _ _ _ _ _ _ _ _ _ _ _ _ _<br/><br/>self = &lt;selenium.webdriver.remote.errorhandler.ErrorHandler
                object at 0x0000025CA2C74160&gt;<br/>response = {&#x27;status&#x27;: 400, &#x27;value&#x27;: &#x27;{&quot;value&quot;:{&quot;error&quot;:&quot;element
                click intercepted&quot;,&quot;message&quot;:&quot;element click intercepted: Element
                ...\n\\tRtlGetAppContainerNamedObjectPath [0x77657B1E+286]\\n\\tRtlGetAppContainerNamedObjectPath
                [0x77657AEE+238]\\n&quot;}}&#x27;}<br/><br/> def check_response(self, response: Dict[str, Any]) -&gt;
                None:<br/> &quot;&quot;&quot;Checks that a JSON response from the WebDriver does not have an<br/> error.<br/>
                <br/> :Args:<br/> - response - The JSON response from the WebDriver server as a dictionary<br/>
                object.<br/> <br/> :Raises: If the response contains an error message.<br/> &quot;&quot;&quot;<br/>
                status = response.get(&quot;status&quot;, None)<br/> if not status or status == ErrorCode.SUCCESS:<br/>
                return<br/> value = None<br/> message = response.get(&quot;message&quot;, &quot;&quot;)<br/> screen: str
                = response.get(&quot;screen&quot;, &quot;&quot;)<br/> stacktrace = None<br/> if isinstance(status, int):<br/>
                value_json = response.get(&quot;value&quot;, None)<br/> if value_json and isinstance(value_json,
                str):<br/> import json<br/> <br/> try:<br/> value = json.loads(value_json)<br/> if len(value) == 1:<br/>
                value = value[&quot;value&quot;]<br/> status = value.get(&quot;error&quot;, None)<br/> if not
                status:<br/> status = value.get(&quot;status&quot;, ErrorCode.UNKNOWN_ERROR)<br/> message = value.get(&quot;value&quot;)
                or value.get(&quot;message&quot;)<br/> if not isinstance(message, str):<br/> value = message<br/>
                message = message.get(&quot;message&quot;)<br/> else:<br/> message = value.get(&quot;message&quot;,
                None)<br/> except ValueError:<br/> pass<br/> <br/> exception_class: Type[WebDriverException]<br/> if
                status in ErrorCode.NO_SUCH_ELEMENT:<br/> exception_class = NoSuchElementException<br/> elif status in
                ErrorCode.NO_SUCH_FRAME:<br/> exception_class = NoSuchFrameException<br/> elif status in
                ErrorCode.NO_SUCH_SHADOW_ROOT:<br/> exception_class = NoSuchShadowRootException<br/> elif status in
                ErrorCode.NO_SUCH_WINDOW:<br/> exception_class = NoSuchWindowException<br/> elif status in
                ErrorCode.STALE_ELEMENT_REFERENCE:<br/> exception_class = StaleElementReferenceException<br/> elif
                status in ErrorCode.ELEMENT_NOT_VISIBLE:<br/> exception_class = ElementNotVisibleException<br/> elif
                status in ErrorCode.INVALID_ELEMENT_STATE:<br/> exception_class = InvalidElementStateException<br/> elif
                (<br/> status in ErrorCode.INVALID_SELECTOR<br/> or status in ErrorCode.INVALID_XPATH_SELECTOR<br/> or
                status in ErrorCode.INVALID_XPATH_SELECTOR_RETURN_TYPER<br/> ):<br/> exception_class =
                InvalidSelectorException<br/> elif status in ErrorCode.ELEMENT_IS_NOT_SELECTABLE:<br/> exception_class =
                ElementNotSelectableException<br/> elif status in ErrorCode.ELEMENT_NOT_INTERACTABLE:<br/>
                exception_class = ElementNotInteractableException<br/> elif status in
                ErrorCode.INVALID_COOKIE_DOMAIN:<br/> exception_class = InvalidCookieDomainException<br/> elif status in
                ErrorCode.UNABLE_TO_SET_COOKIE:<br/> exception_class = UnableToSetCookieException<br/> elif status in
                ErrorCode.TIMEOUT:<br/> exception_class = TimeoutException<br/> elif status in ErrorCode.SCRIPT_TIMEOUT:<br/>
                exception_class = TimeoutException<br/> elif status in ErrorCode.UNKNOWN_ERROR:<br/> exception_class =
                WebDriverException<br/> elif status in ErrorCode.UNEXPECTED_ALERT_OPEN:<br/> exception_class =
                UnexpectedAlertPresentException<br/> elif status in ErrorCode.NO_ALERT_OPEN:<br/> exception_class =
                NoAlertPresentException<br/> elif status in ErrorCode.IME_NOT_AVAILABLE:<br/> exception_class =
                ImeNotAvailableException<br/> elif status in ErrorCode.IME_ENGINE_ACTIVATION_FAILED:<br/>
                exception_class = ImeActivationFailedException<br/> elif status in
                ErrorCode.MOVE_TARGET_OUT_OF_BOUNDS:<br/> exception_class = MoveTargetOutOfBoundsException<br/> elif
                status in ErrorCode.JAVASCRIPT_ERROR:<br/> exception_class = JavascriptException<br/> elif status in
                ErrorCode.SESSION_NOT_CREATED:<br/> exception_class = SessionNotCreatedException<br/> elif status in
                ErrorCode.INVALID_ARGUMENT:<br/> exception_class = InvalidArgumentException<br/> elif status in
                ErrorCode.NO_SUCH_COOKIE:<br/> exception_class = NoSuchCookieException<br/> elif status in
                ErrorCode.UNABLE_TO_CAPTURE_SCREEN:<br/> exception_class = ScreenshotException<br/> elif status in
                ErrorCode.ELEMENT_CLICK_INTERCEPTED:<br/> exception_class = ElementClickInterceptedException<br/> elif
                status in ErrorCode.INSECURE_CERTIFICATE:<br/> exception_class = InsecureCertificateException<br/> elif
                status in ErrorCode.INVALID_COORDINATES:<br/> exception_class = InvalidCoordinatesException<br/> elif
                status in ErrorCode.INVALID_SESSION_ID:<br/> exception_class = InvalidSessionIdException<br/> elif
                status in ErrorCode.UNKNOWN_METHOD:<br/> exception_class = UnknownMethodException<br/> else:<br/>
                exception_class = WebDriverException<br/> if not value:<br/> value = response[&quot;value&quot;]<br/> if
                isinstance(value, str):<br/> raise exception_class(value)<br/> if message == &quot;&quot; and &quot;message&quot;
                in value:<br/> message = value[&quot;message&quot;]<br/> <br/> screen = None # type:
                ignore[assignment]<br/> if &quot;screen&quot; in value:<br/> screen = value[&quot;screen&quot;]<br/>
                <br/> stacktrace = None<br/> st_value = value.get(&quot;stackTrace&quot;) or value.get(&quot;stacktrace&quot;)<br/>
                if st_value:<br/> if isinstance(st_value, str):<br/> stacktrace = st_value.split(&quot;\n&quot;)<br/>
                else:<br/> stacktrace = []<br/> try:<br/> for frame in st_value:<br/> line = frame.get(&quot;lineNumber&quot;,
                &quot;&quot;)<br/> file = frame.get(&quot;fileName&quot;, &quot;&lt;anonymous&gt;&quot;)<br/> if
                line:<br/> file = f&quot;{file}:{line}&quot;<br/> meth = frame.get(&quot;methodName&quot;, &quot;&lt;anonymous&gt;&quot;)<br/>
                if &quot;className&quot; in frame:<br/> meth = f&quot;{frame[&#x27;className&#x27;]}.{meth}&quot;<br/>
                msg = &quot; at %s (%s)&quot;<br/> msg = msg % (meth, file)<br/> stacktrace.append(msg)<br/> except
                TypeError:<br/> pass<br/> if exception_class == UnexpectedAlertPresentException:<br/> alert_text =
                None<br/> if &quot;data&quot; in value:<br/> alert_text =
                value[&quot;data&quot;].get(&quot;text&quot;)<br/> elif &quot;alert&quot; in value:<br/> alert_text =
                value[&quot;alert&quot;].get(&quot;text&quot;)<br/> raise exception_class(message, screen, stacktrace,
                alert_text) # type: ignore[call-arg] # mypy is not smart enough here<br/>&gt; raise
                exception_class(message, screen, stacktrace)<br/><span class="error">E       selenium.common.exceptions.ElementClickInterceptedException: Message: element click intercepted: Element &lt;a _ngcontent-universal-cli-c117=&quot;&quot; class=&quot;nav-link ng-star-inserted&quot; href=&quot;/login&quot;&gt;...&lt;/a&gt; is not clickable at point (1030, 34). Other element would receive the click: &lt;div _ngcontent-universal-cli-c124=&quot;&quot; class=&quot;loader ng-star-inserted&quot;&gt;...&lt;/div&gt;</span><br/><span
                        class="error">E         (Session info: chrome=117.0.5938.132)</span><br/><span class="error">E       Stacktrace:</span><br/><span
                        class="error">E       	GetHandleVerifier [0x00FFCEB3+45171]</span><br/><span class="error">E       	(No symbol) [0x00F89101]</span><br/><span
                        class="error">E       	(No symbol) [0x00E7BE1D]</span><br/><span class="error">E       	(No symbol) [0x00EB3B91]</span><br/><span
                        class="error">E       	(No symbol) [0x00EB268F]</span><br/><span class="error">E       	(No symbol) [0x00EB0C7B]</span><br/><span
                        class="error">E       	(No symbol) [0x00EB0015]</span><br/><span class="error">E       	(No symbol) [0x00EA856A]</span><br/><span
                        class="error">E       	(No symbol) [0x00ECB04C]</span><br/><span class="error">E       	(No symbol) [0x00EA7FA6]</span><br/><span
                        class="error">E       	(No symbol) [0x00ECB2C4]</span><br/><span class="error">E       	(No symbol) [0x00EDDCFA]</span><br/><span
                        class="error">E       	(No symbol) [0x00ECAE46]</span><br/><span class="error">E       	(No symbol) [0x00EA675E]</span><br/><span
                        class="error">E       	(No symbol) [0x00EA78FD]</span><br/><span class="error">E       	GetHandleVerifier [0x012B54B9+2897529]</span><br/><span
                        class="error">E       	GetHandleVerifier [0x012FDC6B+3194411]</span><br/><span class="error">E       	GetHandleVerifier [0x012F7A41+3169281]</span><br/><span
                        class="error">E       	GetHandleVerifier [0x01086130+606960]</span><br/><span class="error">E       	(No symbol) [0x00F92E7C]</span><br/><span
                        class="error">E       	(No symbol) [0x00F8F008]</span><br/><span class="error">E       	(No symbol) [0x00F8F12F]</span><br/><span
                        class="error">E       	(No symbol) [0x00F81827]</span><br/><span class="error">E       	BaseThreadInitThunk [0x7555FCC9+25]</span><br/><span
                        class="error">E       	RtlGetAppContainerNamedObjectPath [0x77657B1E+286]</span><br/><span
                        class="error">E       	RtlGetAppContainerNamedObjectPath [0x77657AEE+238]</span><br/><br/>..\..\AppData\Local\Packages\PythonSoftwareFoundation.Python.3.10_qbz5n2kfra8p0\LocalCache\local-packages\Python310\site-packages\selenium\webdriver\remote\errorhandler.py:245:
                ElementClickInterceptedException<br/></div>
        </td>
    </tr>
    </tbody>
    <tbody class="failed results-table-row">
    <tr>
        <td class="col-result">Failed</td>
        <td class="col-name">Test/test_change_password.py::Test_change_password::test_change_password_c[chrome]</td>
        <td class="col-duration">1.13</td>
        <td class="col-links"></td>
    </tr>
    <tr>
        <td class="extra" colspan="4">
            <div class="log">self = &lt;Test.test_change_password.Test_change_password object at
                0x0000025CA26FE260&gt;<br/>request = &lt;FixtureRequest for &lt;Function test_change_password_c[chrome]&gt;&gt;<br/><br/>
                @pytest.mark.changepassword<br/> @pytest.mark.alltest<br/> def test_change_password_c(self,<br/>
                request): # test change password functionality with enter incorrect password into old password<br/>
                self.login = LoginPage(self.driver)<br/>&gt; self.login.login(BasePage.COUPLE_EMAIL,
                BasePage.AUTOMATION_PASSWORD)<br/><br/>Test\test_change_password.py:92: <br/>_ _ _ _ _ _ _ _ _ _ _ _ _ _
                _ _ _ _ _ _ _ _ _ _ _ _ _ _ _ _ _ _ _ _ _ _ _ _ _ _<br/>Pages\LoginPage.py:15: in login<br/>
                self.click_element(BasePage.LOGIN_ICON)<br/>Pages\BasePage.py:233: in click_element<br/>
                WebDriverWait(self.driver, 20).until(EC.visibility_of_element_located(by_locator)).click()<br/>..\..\AppData\Local\Packages\PythonSoftwareFoundation.Python.3.10_qbz5n2kfra8p0\LocalCache\local-packages\Python310\site-packages\selenium\webdriver\remote\webelement.py:94:
                in click<br/> self._execute(Command.CLICK_ELEMENT)<br/>..\..\AppData\Local\Packages\PythonSoftwareFoundation.Python.3.10_qbz5n2kfra8p0\LocalCache\local-packages\Python310\site-packages\selenium\webdriver\remote\webelement.py:403:
                in _execute<br/> return self._parent.execute(command, params)<br/>..\..\AppData\Local\Packages\PythonSoftwareFoundation.Python.3.10_qbz5n2kfra8p0\LocalCache\local-packages\Python310\site-packages\selenium\webdriver\remote\webdriver.py:440:
                in execute<br/> self.error_handler.check_response(response)<br/>_ _ _ _ _ _ _ _ _ _ _ _ _ _ _ _ _ _ _ _
                _ _ _ _ _ _ _ _ _ _ _ _ _ _ _ _ _ _ _ _<br/><br/>self = &lt;selenium.webdriver.remote.errorhandler.ErrorHandler
                object at 0x0000025CA2C74160&gt;<br/>response = {&#x27;status&#x27;: 400, &#x27;value&#x27;: &#x27;{&quot;value&quot;:{&quot;error&quot;:&quot;element
                click intercepted&quot;,&quot;message&quot;:&quot;element click intercepted: Element
                ...\n\\tRtlGetAppContainerNamedObjectPath [0x77657B1E+286]\\n\\tRtlGetAppContainerNamedObjectPath
                [0x77657AEE+238]\\n&quot;}}&#x27;}<br/><br/> def check_response(self, response: Dict[str, Any]) -&gt;
                None:<br/> &quot;&quot;&quot;Checks that a JSON response from the WebDriver does not have an<br/> error.<br/>
                <br/> :Args:<br/> - response - The JSON response from the WebDriver server as a dictionary<br/>
                object.<br/> <br/> :Raises: If the response contains an error message.<br/> &quot;&quot;&quot;<br/>
                status = response.get(&quot;status&quot;, None)<br/> if not status or status == ErrorCode.SUCCESS:<br/>
                return<br/> value = None<br/> message = response.get(&quot;message&quot;, &quot;&quot;)<br/> screen: str
                = response.get(&quot;screen&quot;, &quot;&quot;)<br/> stacktrace = None<br/> if isinstance(status, int):<br/>
                value_json = response.get(&quot;value&quot;, None)<br/> if value_json and isinstance(value_json,
                str):<br/> import json<br/> <br/> try:<br/> value = json.loads(value_json)<br/> if len(value) == 1:<br/>
                value = value[&quot;value&quot;]<br/> status = value.get(&quot;error&quot;, None)<br/> if not
                status:<br/> status = value.get(&quot;status&quot;, ErrorCode.UNKNOWN_ERROR)<br/> message = value.get(&quot;value&quot;)
                or value.get(&quot;message&quot;)<br/> if not isinstance(message, str):<br/> value = message<br/>
                message = message.get(&quot;message&quot;)<br/> else:<br/> message = value.get(&quot;message&quot;,
                None)<br/> except ValueError:<br/> pass<br/> <br/> exception_class: Type[WebDriverException]<br/> if
                status in ErrorCode.NO_SUCH_ELEMENT:<br/> exception_class = NoSuchElementException<br/> elif status in
                ErrorCode.NO_SUCH_FRAME:<br/> exception_class = NoSuchFrameException<br/> elif status in
                ErrorCode.NO_SUCH_SHADOW_ROOT:<br/> exception_class = NoSuchShadowRootException<br/> elif status in
                ErrorCode.NO_SUCH_WINDOW:<br/> exception_class = NoSuchWindowException<br/> elif status in
                ErrorCode.STALE_ELEMENT_REFERENCE:<br/> exception_class = StaleElementReferenceException<br/> elif
                status in ErrorCode.ELEMENT_NOT_VISIBLE:<br/> exception_class = ElementNotVisibleException<br/> elif
                status in ErrorCode.INVALID_ELEMENT_STATE:<br/> exception_class = InvalidElementStateException<br/> elif
                (<br/> status in ErrorCode.INVALID_SELECTOR<br/> or status in ErrorCode.INVALID_XPATH_SELECTOR<br/> or
                status in ErrorCode.INVALID_XPATH_SELECTOR_RETURN_TYPER<br/> ):<br/> exception_class =
                InvalidSelectorException<br/> elif status in ErrorCode.ELEMENT_IS_NOT_SELECTABLE:<br/> exception_class =
                ElementNotSelectableException<br/> elif status in ErrorCode.ELEMENT_NOT_INTERACTABLE:<br/>
                exception_class = ElementNotInteractableException<br/> elif status in
                ErrorCode.INVALID_COOKIE_DOMAIN:<br/> exception_class = InvalidCookieDomainException<br/> elif status in
                ErrorCode.UNABLE_TO_SET_COOKIE:<br/> exception_class = UnableToSetCookieException<br/> elif status in
                ErrorCode.TIMEOUT:<br/> exception_class = TimeoutException<br/> elif status in ErrorCode.SCRIPT_TIMEOUT:<br/>
                exception_class = TimeoutException<br/> elif status in ErrorCode.UNKNOWN_ERROR:<br/> exception_class =
                WebDriverException<br/> elif status in ErrorCode.UNEXPECTED_ALERT_OPEN:<br/> exception_class =
                UnexpectedAlertPresentException<br/> elif status in ErrorCode.NO_ALERT_OPEN:<br/> exception_class =
                NoAlertPresentException<br/> elif status in ErrorCode.IME_NOT_AVAILABLE:<br/> exception_class =
                ImeNotAvailableException<br/> elif status in ErrorCode.IME_ENGINE_ACTIVATION_FAILED:<br/>
                exception_class = ImeActivationFailedException<br/> elif status in
                ErrorCode.MOVE_TARGET_OUT_OF_BOUNDS:<br/> exception_class = MoveTargetOutOfBoundsException<br/> elif
                status in ErrorCode.JAVASCRIPT_ERROR:<br/> exception_class = JavascriptException<br/> elif status in
                ErrorCode.SESSION_NOT_CREATED:<br/> exception_class = SessionNotCreatedException<br/> elif status in
                ErrorCode.INVALID_ARGUMENT:<br/> exception_class = InvalidArgumentException<br/> elif status in
                ErrorCode.NO_SUCH_COOKIE:<br/> exception_class = NoSuchCookieException<br/> elif status in
                ErrorCode.UNABLE_TO_CAPTURE_SCREEN:<br/> exception_class = ScreenshotException<br/> elif status in
                ErrorCode.ELEMENT_CLICK_INTERCEPTED:<br/> exception_class = ElementClickInterceptedException<br/> elif
                status in ErrorCode.INSECURE_CERTIFICATE:<br/> exception_class = InsecureCertificateException<br/> elif
                status in ErrorCode.INVALID_COORDINATES:<br/> exception_class = InvalidCoordinatesException<br/> elif
                status in ErrorCode.INVALID_SESSION_ID:<br/> exception_class = InvalidSessionIdException<br/> elif
                status in ErrorCode.UNKNOWN_METHOD:<br/> exception_class = UnknownMethodException<br/> else:<br/>
                exception_class = WebDriverException<br/> if not value:<br/> value = response[&quot;value&quot;]<br/> if
                isinstance(value, str):<br/> raise exception_class(value)<br/> if message == &quot;&quot; and &quot;message&quot;
                in value:<br/> message = value[&quot;message&quot;]<br/> <br/> screen = None # type:
                ignore[assignment]<br/> if &quot;screen&quot; in value:<br/> screen = value[&quot;screen&quot;]<br/>
                <br/> stacktrace = None<br/> st_value = value.get(&quot;stackTrace&quot;) or value.get(&quot;stacktrace&quot;)<br/>
                if st_value:<br/> if isinstance(st_value, str):<br/> stacktrace = st_value.split(&quot;\n&quot;)<br/>
                else:<br/> stacktrace = []<br/> try:<br/> for frame in st_value:<br/> line = frame.get(&quot;lineNumber&quot;,
                &quot;&quot;)<br/> file = frame.get(&quot;fileName&quot;, &quot;&lt;anonymous&gt;&quot;)<br/> if
                line:<br/> file = f&quot;{file}:{line}&quot;<br/> meth = frame.get(&quot;methodName&quot;, &quot;&lt;anonymous&gt;&quot;)<br/>
                if &quot;className&quot; in frame:<br/> meth = f&quot;{frame[&#x27;className&#x27;]}.{meth}&quot;<br/>
                msg = &quot; at %s (%s)&quot;<br/> msg = msg % (meth, file)<br/> stacktrace.append(msg)<br/> except
                TypeError:<br/> pass<br/> if exception_class == UnexpectedAlertPresentException:<br/> alert_text =
                None<br/> if &quot;data&quot; in value:<br/> alert_text =
                value[&quot;data&quot;].get(&quot;text&quot;)<br/> elif &quot;alert&quot; in value:<br/> alert_text =
                value[&quot;alert&quot;].get(&quot;text&quot;)<br/> raise exception_class(message, screen, stacktrace,
                alert_text) # type: ignore[call-arg] # mypy is not smart enough here<br/>&gt; raise
                exception_class(message, screen, stacktrace)<br/><span class="error">E       selenium.common.exceptions.ElementClickInterceptedException: Message: element click intercepted: Element &lt;a _ngcontent-universal-cli-c117=&quot;&quot; class=&quot;nav-link ng-star-inserted&quot; href=&quot;/login&quot;&gt;...&lt;/a&gt; is not clickable at point (1030, 34). Other element would receive the click: &lt;div _ngcontent-universal-cli-c124=&quot;&quot; class=&quot;loader ng-star-inserted&quot;&gt;...&lt;/div&gt;</span><br/><span
                        class="error">E         (Session info: chrome=117.0.5938.132)</span><br/><span class="error">E       Stacktrace:</span><br/><span
                        class="error">E       	GetHandleVerifier [0x00FFCEB3+45171]</span><br/><span class="error">E       	(No symbol) [0x00F89101]</span><br/><span
                        class="error">E       	(No symbol) [0x00E7BE1D]</span><br/><span class="error">E       	(No symbol) [0x00EB3B91]</span><br/><span
                        class="error">E       	(No symbol) [0x00EB268F]</span><br/><span class="error">E       	(No symbol) [0x00EB0C7B]</span><br/><span
                        class="error">E       	(No symbol) [0x00EB0015]</span><br/><span class="error">E       	(No symbol) [0x00EA856A]</span><br/><span
                        class="error">E       	(No symbol) [0x00ECB04C]</span><br/><span class="error">E       	(No symbol) [0x00EA7FA6]</span><br/><span
                        class="error">E       	(No symbol) [0x00ECB2C4]</span><br/><span class="error">E       	(No symbol) [0x00EDDCFA]</span><br/><span
                        class="error">E       	(No symbol) [0x00ECAE46]</span><br/><span class="error">E       	(No symbol) [0x00EA675E]</span><br/><span
                        class="error">E       	(No symbol) [0x00EA78FD]</span><br/><span class="error">E       	GetHandleVerifier [0x012B54B9+2897529]</span><br/><span
                        class="error">E       	GetHandleVerifier [0x012FDC6B+3194411]</span><br/><span class="error">E       	GetHandleVerifier [0x012F7A41+3169281]</span><br/><span
                        class="error">E       	GetHandleVerifier [0x01086130+606960]</span><br/><span class="error">E       	(No symbol) [0x00F92E7C]</span><br/><span
                        class="error">E       	(No symbol) [0x00F8F008]</span><br/><span class="error">E       	(No symbol) [0x00F8F12F]</span><br/><span
                        class="error">E       	(No symbol) [0x00F81827]</span><br/><span class="error">E       	BaseThreadInitThunk [0x7555FCC9+25]</span><br/><span
                        class="error">E       	RtlGetAppContainerNamedObjectPath [0x77657B1E+286]</span><br/><span
                        class="error">E       	RtlGetAppContainerNamedObjectPath [0x77657AEE+238]</span><br/><br/>..\..\AppData\Local\Packages\PythonSoftwareFoundation.Python.3.10_qbz5n2kfra8p0\LocalCache\local-packages\Python310\site-packages\selenium\webdriver\remote\errorhandler.py:245:
                ElementClickInterceptedException<br/></div>
        </td>
    </tr>
    </tbody>
    <tbody class="failed results-table-row">
    <tr>
        <td class="col-result">Failed</td>
        <td class="col-name">Test/test_change_password.py::Test_change_password::test_change_password_d[chrome]</td>
        <td class="col-duration">1.11</td>
        <td class="col-links"></td>
    </tr>
    <tr>
        <td class="extra" colspan="4">
            <div class="log">self = &lt;Test.test_change_password.Test_change_password object at
                0x0000025CA26FF8E0&gt;<br/>request = &lt;FixtureRequest for &lt;Function test_change_password_d[chrome]&gt;&gt;<br/><br/>
                @pytest.mark.changepassword<br/> @pytest.mark.alltest<br/> # test change password functionality with
                enter diffrent password into new password and confirm password<br/> def test_change_password_d(self,
                request):<br/> self.login = LoginPage(self.driver)<br/>&gt; self.login.login(BasePage.COUPLE_EMAIL,
                BasePage.AUTOMATION_PASSWORD)<br/><br/>Test\test_change_password.py:125: <br/>_ _ _ _ _ _ _ _ _ _ _ _ _
                _ _ _ _ _ _ _ _ _ _ _ _ _ _ _ _ _ _ _ _ _ _ _ _ _ _ _<br/>Pages\LoginPage.py:15: in login<br/>
                self.click_element(BasePage.LOGIN_ICON)<br/>Pages\BasePage.py:233: in click_element<br/>
                WebDriverWait(self.driver, 20).until(EC.visibility_of_element_located(by_locator)).click()<br/>..\..\AppData\Local\Packages\PythonSoftwareFoundation.Python.3.10_qbz5n2kfra8p0\LocalCache\local-packages\Python310\site-packages\selenium\webdriver\remote\webelement.py:94:
                in click<br/> self._execute(Command.CLICK_ELEMENT)<br/>..\..\AppData\Local\Packages\PythonSoftwareFoundation.Python.3.10_qbz5n2kfra8p0\LocalCache\local-packages\Python310\site-packages\selenium\webdriver\remote\webelement.py:403:
                in _execute<br/> return self._parent.execute(command, params)<br/>..\..\AppData\Local\Packages\PythonSoftwareFoundation.Python.3.10_qbz5n2kfra8p0\LocalCache\local-packages\Python310\site-packages\selenium\webdriver\remote\webdriver.py:440:
                in execute<br/> self.error_handler.check_response(response)<br/>_ _ _ _ _ _ _ _ _ _ _ _ _ _ _ _ _ _ _ _
                _ _ _ _ _ _ _ _ _ _ _ _ _ _ _ _ _ _ _ _<br/><br/>self = &lt;selenium.webdriver.remote.errorhandler.ErrorHandler
                object at 0x0000025CA2C74160&gt;<br/>response = {&#x27;status&#x27;: 400, &#x27;value&#x27;: &#x27;{&quot;value&quot;:{&quot;error&quot;:&quot;element
                click intercepted&quot;,&quot;message&quot;:&quot;element click intercepted: Element
                ...\n\\tRtlGetAppContainerNamedObjectPath [0x77657B1E+286]\\n\\tRtlGetAppContainerNamedObjectPath
                [0x77657AEE+238]\\n&quot;}}&#x27;}<br/><br/> def check_response(self, response: Dict[str, Any]) -&gt;
                None:<br/> &quot;&quot;&quot;Checks that a JSON response from the WebDriver does not have an<br/> error.<br/>
                <br/> :Args:<br/> - response - The JSON response from the WebDriver server as a dictionary<br/>
                object.<br/> <br/> :Raises: If the response contains an error message.<br/> &quot;&quot;&quot;<br/>
                status = response.get(&quot;status&quot;, None)<br/> if not status or status == ErrorCode.SUCCESS:<br/>
                return<br/> value = None<br/> message = response.get(&quot;message&quot;, &quot;&quot;)<br/> screen: str
                = response.get(&quot;screen&quot;, &quot;&quot;)<br/> stacktrace = None<br/> if isinstance(status, int):<br/>
                value_json = response.get(&quot;value&quot;, None)<br/> if value_json and isinstance(value_json,
                str):<br/> import json<br/> <br/> try:<br/> value = json.loads(value_json)<br/> if len(value) == 1:<br/>
                value = value[&quot;value&quot;]<br/> status = value.get(&quot;error&quot;, None)<br/> if not
                status:<br/> status = value.get(&quot;status&quot;, ErrorCode.UNKNOWN_ERROR)<br/> message = value.get(&quot;value&quot;)
                or value.get(&quot;message&quot;)<br/> if not isinstance(message, str):<br/> value = message<br/>
                message = message.get(&quot;message&quot;)<br/> else:<br/> message = value.get(&quot;message&quot;,
                None)<br/> except ValueError:<br/> pass<br/> <br/> exception_class: Type[WebDriverException]<br/> if
                status in ErrorCode.NO_SUCH_ELEMENT:<br/> exception_class = NoSuchElementException<br/> elif status in
                ErrorCode.NO_SUCH_FRAME:<br/> exception_class = NoSuchFrameException<br/> elif status in
                ErrorCode.NO_SUCH_SHADOW_ROOT:<br/> exception_class = NoSuchShadowRootException<br/> elif status in
                ErrorCode.NO_SUCH_WINDOW:<br/> exception_class = NoSuchWindowException<br/> elif status in
                ErrorCode.STALE_ELEMENT_REFERENCE:<br/> exception_class = StaleElementReferenceException<br/> elif
                status in ErrorCode.ELEMENT_NOT_VISIBLE:<br/> exception_class = ElementNotVisibleException<br/> elif
                status in ErrorCode.INVALID_ELEMENT_STATE:<br/> exception_class = InvalidElementStateException<br/> elif
                (<br/> status in ErrorCode.INVALID_SELECTOR<br/> or status in ErrorCode.INVALID_XPATH_SELECTOR<br/> or
                status in ErrorCode.INVALID_XPATH_SELECTOR_RETURN_TYPER<br/> ):<br/> exception_class =
                InvalidSelectorException<br/> elif status in ErrorCode.ELEMENT_IS_NOT_SELECTABLE:<br/> exception_class =
                ElementNotSelectableException<br/> elif status in ErrorCode.ELEMENT_NOT_INTERACTABLE:<br/>
                exception_class = ElementNotInteractableException<br/> elif status in
                ErrorCode.INVALID_COOKIE_DOMAIN:<br/> exception_class = InvalidCookieDomainException<br/> elif status in
                ErrorCode.UNABLE_TO_SET_COOKIE:<br/> exception_class = UnableToSetCookieException<br/> elif status in
                ErrorCode.TIMEOUT:<br/> exception_class = TimeoutException<br/> elif status in ErrorCode.SCRIPT_TIMEOUT:<br/>
                exception_class = TimeoutException<br/> elif status in ErrorCode.UNKNOWN_ERROR:<br/> exception_class =
                WebDriverException<br/> elif status in ErrorCode.UNEXPECTED_ALERT_OPEN:<br/> exception_class =
                UnexpectedAlertPresentException<br/> elif status in ErrorCode.NO_ALERT_OPEN:<br/> exception_class =
                NoAlertPresentException<br/> elif status in ErrorCode.IME_NOT_AVAILABLE:<br/> exception_class =
                ImeNotAvailableException<br/> elif status in ErrorCode.IME_ENGINE_ACTIVATION_FAILED:<br/>
                exception_class = ImeActivationFailedException<br/> elif status in
                ErrorCode.MOVE_TARGET_OUT_OF_BOUNDS:<br/> exception_class = MoveTargetOutOfBoundsException<br/> elif
                status in ErrorCode.JAVASCRIPT_ERROR:<br/> exception_class = JavascriptException<br/> elif status in
                ErrorCode.SESSION_NOT_CREATED:<br/> exception_class = SessionNotCreatedException<br/> elif status in
                ErrorCode.INVALID_ARGUMENT:<br/> exception_class = InvalidArgumentException<br/> elif status in
                ErrorCode.NO_SUCH_COOKIE:<br/> exception_class = NoSuchCookieException<br/> elif status in
                ErrorCode.UNABLE_TO_CAPTURE_SCREEN:<br/> exception_class = ScreenshotException<br/> elif status in
                ErrorCode.ELEMENT_CLICK_INTERCEPTED:<br/> exception_class = ElementClickInterceptedException<br/> elif
                status in ErrorCode.INSECURE_CERTIFICATE:<br/> exception_class = InsecureCertificateException<br/> elif
                status in ErrorCode.INVALID_COORDINATES:<br/> exception_class = InvalidCoordinatesException<br/> elif
                status in ErrorCode.INVALID_SESSION_ID:<br/> exception_class = InvalidSessionIdException<br/> elif
                status in ErrorCode.UNKNOWN_METHOD:<br/> exception_class = UnknownMethodException<br/> else:<br/>
                exception_class = WebDriverException<br/> if not value:<br/> value = response[&quot;value&quot;]<br/> if
                isinstance(value, str):<br/> raise exception_class(value)<br/> if message == &quot;&quot; and &quot;message&quot;
                in value:<br/> message = value[&quot;message&quot;]<br/> <br/> screen = None # type:
                ignore[assignment]<br/> if &quot;screen&quot; in value:<br/> screen = value[&quot;screen&quot;]<br/>
                <br/> stacktrace = None<br/> st_value = value.get(&quot;stackTrace&quot;) or value.get(&quot;stacktrace&quot;)<br/>
                if st_value:<br/> if isinstance(st_value, str):<br/> stacktrace = st_value.split(&quot;\n&quot;)<br/>
                else:<br/> stacktrace = []<br/> try:<br/> for frame in st_value:<br/> line = frame.get(&quot;lineNumber&quot;,
                &quot;&quot;)<br/> file = frame.get(&quot;fileName&quot;, &quot;&lt;anonymous&gt;&quot;)<br/> if
                line:<br/> file = f&quot;{file}:{line}&quot;<br/> meth = frame.get(&quot;methodName&quot;, &quot;&lt;anonymous&gt;&quot;)<br/>
                if &quot;className&quot; in frame:<br/> meth = f&quot;{frame[&#x27;className&#x27;]}.{meth}&quot;<br/>
                msg = &quot; at %s (%s)&quot;<br/> msg = msg % (meth, file)<br/> stacktrace.append(msg)<br/> except
                TypeError:<br/> pass<br/> if exception_class == UnexpectedAlertPresentException:<br/> alert_text =
                None<br/> if &quot;data&quot; in value:<br/> alert_text =
                value[&quot;data&quot;].get(&quot;text&quot;)<br/> elif &quot;alert&quot; in value:<br/> alert_text =
                value[&quot;alert&quot;].get(&quot;text&quot;)<br/> raise exception_class(message, screen, stacktrace,
                alert_text) # type: ignore[call-arg] # mypy is not smart enough here<br/>&gt; raise
                exception_class(message, screen, stacktrace)<br/><span class="error">E       selenium.common.exceptions.ElementClickInterceptedException: Message: element click intercepted: Element &lt;a _ngcontent-universal-cli-c117=&quot;&quot; class=&quot;nav-link ng-star-inserted&quot; href=&quot;/login&quot;&gt;...&lt;/a&gt; is not clickable at point (1030, 34). Other element would receive the click: &lt;div _ngcontent-universal-cli-c124=&quot;&quot; class=&quot;loader ng-star-inserted&quot;&gt;...&lt;/div&gt;</span><br/><span
                        class="error">E         (Session info: chrome=117.0.5938.132)</span><br/><span class="error">E       Stacktrace:</span><br/><span
                        class="error">E       	GetHandleVerifier [0x00FFCEB3+45171]</span><br/><span class="error">E       	(No symbol) [0x00F89101]</span><br/><span
                        class="error">E       	(No symbol) [0x00E7BE1D]</span><br/><span class="error">E       	(No symbol) [0x00EB3B91]</span><br/><span
                        class="error">E       	(No symbol) [0x00EB268F]</span><br/><span class="error">E       	(No symbol) [0x00EB0C7B]</span><br/><span
                        class="error">E       	(No symbol) [0x00EB0015]</span><br/><span class="error">E       	(No symbol) [0x00EA856A]</span><br/><span
                        class="error">E       	(No symbol) [0x00ECB04C]</span><br/><span class="error">E       	(No symbol) [0x00EA7FA6]</span><br/><span
                        class="error">E       	(No symbol) [0x00ECB2C4]</span><br/><span class="error">E       	(No symbol) [0x00EDDCFA]</span><br/><span
                        class="error">E       	(No symbol) [0x00ECAE46]</span><br/><span class="error">E       	(No symbol) [0x00EA675E]</span><br/><span
                        class="error">E       	(No symbol) [0x00EA78FD]</span><br/><span class="error">E       	GetHandleVerifier [0x012B54B9+2897529]</span><br/><span
                        class="error">E       	GetHandleVerifier [0x012FDC6B+3194411]</span><br/><span class="error">E       	GetHandleVerifier [0x012F7A41+3169281]</span><br/><span
                        class="error">E       	GetHandleVerifier [0x01086130+606960]</span><br/><span class="error">E       	(No symbol) [0x00F92E7C]</span><br/><span
                        class="error">E       	(No symbol) [0x00F8F008]</span><br/><span class="error">E       	(No symbol) [0x00F8F12F]</span><br/><span
                        class="error">E       	(No symbol) [0x00F81827]</span><br/><span class="error">E       	BaseThreadInitThunk [0x7555FCC9+25]</span><br/><span
                        class="error">E       	RtlGetAppContainerNamedObjectPath [0x77657B1E+286]</span><br/><span
                        class="error">E       	RtlGetAppContainerNamedObjectPath [0x77657AEE+238]</span><br/><br/>..\..\AppData\Local\Packages\PythonSoftwareFoundation.Python.3.10_qbz5n2kfra8p0\LocalCache\local-packages\Python310\site-packages\selenium\webdriver\remote\errorhandler.py:245:
                ElementClickInterceptedException<br/></div>
        </td>
    </tr>
    </tbody>
    <tbody class="failed results-table-row">
    <tr>
        <td class="col-result">Failed</td>
        <td class="col-name">Test/test_change_password.py::Test_change_password::test_change_password_e[chrome]</td>
        <td class="col-duration">1.14</td>
        <td class="col-links"></td>
    </tr>
    <tr>
        <td class="extra" colspan="4">
            <div class="log">self = &lt;Test.test_change_password.Test_change_password object at
                0x0000025CA26FF700&gt;<br/>request = &lt;FixtureRequest for &lt;Function test_change_password_e[chrome]&gt;&gt;<br/><br/>
                @pytest.mark.changepassword<br/> @pytest.mark.alltest<br/> # ----------------------------------test
                password combination------------------------------<br/> def test_change_password_e(self, request):<br/>
                self.login = LoginPage(self.driver)<br/>&gt; self.login.login(BasePage.COUPLE_EMAIL,
                BasePage.AUTOMATION_PASSWORD)<br/><br/>Test\test_change_password.py:158: <br/>_ _ _ _ _ _ _ _ _ _ _ _ _
                _ _ _ _ _ _ _ _ _ _ _ _ _ _ _ _ _ _ _ _ _ _ _ _ _ _ _<br/>Pages\LoginPage.py:15: in login<br/>
                self.click_element(BasePage.LOGIN_ICON)<br/>Pages\BasePage.py:233: in click_element<br/>
                WebDriverWait(self.driver, 20).until(EC.visibility_of_element_located(by_locator)).click()<br/>..\..\AppData\Local\Packages\PythonSoftwareFoundation.Python.3.10_qbz5n2kfra8p0\LocalCache\local-packages\Python310\site-packages\selenium\webdriver\remote\webelement.py:94:
                in click<br/> self._execute(Command.CLICK_ELEMENT)<br/>..\..\AppData\Local\Packages\PythonSoftwareFoundation.Python.3.10_qbz5n2kfra8p0\LocalCache\local-packages\Python310\site-packages\selenium\webdriver\remote\webelement.py:403:
                in _execute<br/> return self._parent.execute(command, params)<br/>..\..\AppData\Local\Packages\PythonSoftwareFoundation.Python.3.10_qbz5n2kfra8p0\LocalCache\local-packages\Python310\site-packages\selenium\webdriver\remote\webdriver.py:440:
                in execute<br/> self.error_handler.check_response(response)<br/>_ _ _ _ _ _ _ _ _ _ _ _ _ _ _ _ _ _ _ _
                _ _ _ _ _ _ _ _ _ _ _ _ _ _ _ _ _ _ _ _<br/><br/>self = &lt;selenium.webdriver.remote.errorhandler.ErrorHandler
                object at 0x0000025CA2C74160&gt;<br/>response = {&#x27;status&#x27;: 400, &#x27;value&#x27;: &#x27;{&quot;value&quot;:{&quot;error&quot;:&quot;element
                click intercepted&quot;,&quot;message&quot;:&quot;element click intercepted: Element
                ...\n\\tRtlGetAppContainerNamedObjectPath [0x77657B1E+286]\\n\\tRtlGetAppContainerNamedObjectPath
                [0x77657AEE+238]\\n&quot;}}&#x27;}<br/><br/> def check_response(self, response: Dict[str, Any]) -&gt;
                None:<br/> &quot;&quot;&quot;Checks that a JSON response from the WebDriver does not have an<br/> error.<br/>
                <br/> :Args:<br/> - response - The JSON response from the WebDriver server as a dictionary<br/>
                object.<br/> <br/> :Raises: If the response contains an error message.<br/> &quot;&quot;&quot;<br/>
                status = response.get(&quot;status&quot;, None)<br/> if not status or status == ErrorCode.SUCCESS:<br/>
                return<br/> value = None<br/> message = response.get(&quot;message&quot;, &quot;&quot;)<br/> screen: str
                = response.get(&quot;screen&quot;, &quot;&quot;)<br/> stacktrace = None<br/> if isinstance(status, int):<br/>
                value_json = response.get(&quot;value&quot;, None)<br/> if value_json and isinstance(value_json,
                str):<br/> import json<br/> <br/> try:<br/> value = json.loads(value_json)<br/> if len(value) == 1:<br/>
                value = value[&quot;value&quot;]<br/> status = value.get(&quot;error&quot;, None)<br/> if not
                status:<br/> status = value.get(&quot;status&quot;, ErrorCode.UNKNOWN_ERROR)<br/> message = value.get(&quot;value&quot;)
                or value.get(&quot;message&quot;)<br/> if not isinstance(message, str):<br/> value = message<br/>
                message = message.get(&quot;message&quot;)<br/> else:<br/> message = value.get(&quot;message&quot;,
                None)<br/> except ValueError:<br/> pass<br/> <br/> exception_class: Type[WebDriverException]<br/> if
                status in ErrorCode.NO_SUCH_ELEMENT:<br/> exception_class = NoSuchElementException<br/> elif status in
                ErrorCode.NO_SUCH_FRAME:<br/> exception_class = NoSuchFrameException<br/> elif status in
                ErrorCode.NO_SUCH_SHADOW_ROOT:<br/> exception_class = NoSuchShadowRootException<br/> elif status in
                ErrorCode.NO_SUCH_WINDOW:<br/> exception_class = NoSuchWindowException<br/> elif status in
                ErrorCode.STALE_ELEMENT_REFERENCE:<br/> exception_class = StaleElementReferenceException<br/> elif
                status in ErrorCode.ELEMENT_NOT_VISIBLE:<br/> exception_class = ElementNotVisibleException<br/> elif
                status in ErrorCode.INVALID_ELEMENT_STATE:<br/> exception_class = InvalidElementStateException<br/> elif
                (<br/> status in ErrorCode.INVALID_SELECTOR<br/> or status in ErrorCode.INVALID_XPATH_SELECTOR<br/> or
                status in ErrorCode.INVALID_XPATH_SELECTOR_RETURN_TYPER<br/> ):<br/> exception_class =
                InvalidSelectorException<br/> elif status in ErrorCode.ELEMENT_IS_NOT_SELECTABLE:<br/> exception_class =
                ElementNotSelectableException<br/> elif status in ErrorCode.ELEMENT_NOT_INTERACTABLE:<br/>
                exception_class = ElementNotInteractableException<br/> elif status in
                ErrorCode.INVALID_COOKIE_DOMAIN:<br/> exception_class = InvalidCookieDomainException<br/> elif status in
                ErrorCode.UNABLE_TO_SET_COOKIE:<br/> exception_class = UnableToSetCookieException<br/> elif status in
                ErrorCode.TIMEOUT:<br/> exception_class = TimeoutException<br/> elif status in ErrorCode.SCRIPT_TIMEOUT:<br/>
                exception_class = TimeoutException<br/> elif status in ErrorCode.UNKNOWN_ERROR:<br/> exception_class =
                WebDriverException<br/> elif status in ErrorCode.UNEXPECTED_ALERT_OPEN:<br/> exception_class =
                UnexpectedAlertPresentException<br/> elif status in ErrorCode.NO_ALERT_OPEN:<br/> exception_class =
                NoAlertPresentException<br/> elif status in ErrorCode.IME_NOT_AVAILABLE:<br/> exception_class =
                ImeNotAvailableException<br/> elif status in ErrorCode.IME_ENGINE_ACTIVATION_FAILED:<br/>
                exception_class = ImeActivationFailedException<br/> elif status in
                ErrorCode.MOVE_TARGET_OUT_OF_BOUNDS:<br/> exception_class = MoveTargetOutOfBoundsException<br/> elif
                status in ErrorCode.JAVASCRIPT_ERROR:<br/> exception_class = JavascriptException<br/> elif status in
                ErrorCode.SESSION_NOT_CREATED:<br/> exception_class = SessionNotCreatedException<br/> elif status in
                ErrorCode.INVALID_ARGUMENT:<br/> exception_class = InvalidArgumentException<br/> elif status in
                ErrorCode.NO_SUCH_COOKIE:<br/> exception_class = NoSuchCookieException<br/> elif status in
                ErrorCode.UNABLE_TO_CAPTURE_SCREEN:<br/> exception_class = ScreenshotException<br/> elif status in
                ErrorCode.ELEMENT_CLICK_INTERCEPTED:<br/> exception_class = ElementClickInterceptedException<br/> elif
                status in ErrorCode.INSECURE_CERTIFICATE:<br/> exception_class = InsecureCertificateException<br/> elif
                status in ErrorCode.INVALID_COORDINATES:<br/> exception_class = InvalidCoordinatesException<br/> elif
                status in ErrorCode.INVALID_SESSION_ID:<br/> exception_class = InvalidSessionIdException<br/> elif
                status in ErrorCode.UNKNOWN_METHOD:<br/> exception_class = UnknownMethodException<br/> else:<br/>
                exception_class = WebDriverException<br/> if not value:<br/> value = response[&quot;value&quot;]<br/> if
                isinstance(value, str):<br/> raise exception_class(value)<br/> if message == &quot;&quot; and &quot;message&quot;
                in value:<br/> message = value[&quot;message&quot;]<br/> <br/> screen = None # type:
                ignore[assignment]<br/> if &quot;screen&quot; in value:<br/> screen = value[&quot;screen&quot;]<br/>
                <br/> stacktrace = None<br/> st_value = value.get(&quot;stackTrace&quot;) or value.get(&quot;stacktrace&quot;)<br/>
                if st_value:<br/> if isinstance(st_value, str):<br/> stacktrace = st_value.split(&quot;\n&quot;)<br/>
                else:<br/> stacktrace = []<br/> try:<br/> for frame in st_value:<br/> line = frame.get(&quot;lineNumber&quot;,
                &quot;&quot;)<br/> file = frame.get(&quot;fileName&quot;, &quot;&lt;anonymous&gt;&quot;)<br/> if
                line:<br/> file = f&quot;{file}:{line}&quot;<br/> meth = frame.get(&quot;methodName&quot;, &quot;&lt;anonymous&gt;&quot;)<br/>
                if &quot;className&quot; in frame:<br/> meth = f&quot;{frame[&#x27;className&#x27;]}.{meth}&quot;<br/>
                msg = &quot; at %s (%s)&quot;<br/> msg = msg % (meth, file)<br/> stacktrace.append(msg)<br/> except
                TypeError:<br/> pass<br/> if exception_class == UnexpectedAlertPresentException:<br/> alert_text =
                None<br/> if &quot;data&quot; in value:<br/> alert_text =
                value[&quot;data&quot;].get(&quot;text&quot;)<br/> elif &quot;alert&quot; in value:<br/> alert_text =
                value[&quot;alert&quot;].get(&quot;text&quot;)<br/> raise exception_class(message, screen, stacktrace,
                alert_text) # type: ignore[call-arg] # mypy is not smart enough here<br/>&gt; raise
                exception_class(message, screen, stacktrace)<br/><span class="error">E       selenium.common.exceptions.ElementClickInterceptedException: Message: element click intercepted: Element &lt;a _ngcontent-universal-cli-c117=&quot;&quot; class=&quot;nav-link ng-star-inserted&quot; href=&quot;/login&quot;&gt;...&lt;/a&gt; is not clickable at point (1030, 34). Other element would receive the click: &lt;div _ngcontent-universal-cli-c124=&quot;&quot; class=&quot;loader ng-star-inserted&quot;&gt;...&lt;/div&gt;</span><br/><span
                        class="error">E         (Session info: chrome=117.0.5938.132)</span><br/><span class="error">E       Stacktrace:</span><br/><span
                        class="error">E       	GetHandleVerifier [0x00FFCEB3+45171]</span><br/><span class="error">E       	(No symbol) [0x00F89101]</span><br/><span
                        class="error">E       	(No symbol) [0x00E7BE1D]</span><br/><span class="error">E       	(No symbol) [0x00EB3B91]</span><br/><span
                        class="error">E       	(No symbol) [0x00EB268F]</span><br/><span class="error">E       	(No symbol) [0x00EB0C7B]</span><br/><span
                        class="error">E       	(No symbol) [0x00EB0015]</span><br/><span class="error">E       	(No symbol) [0x00EA856A]</span><br/><span
                        class="error">E       	(No symbol) [0x00ECB04C]</span><br/><span class="error">E       	(No symbol) [0x00EA7FA6]</span><br/><span
                        class="error">E       	(No symbol) [0x00ECB2C4]</span><br/><span class="error">E       	(No symbol) [0x00EDDCFA]</span><br/><span
                        class="error">E       	(No symbol) [0x00ECAE46]</span><br/><span class="error">E       	(No symbol) [0x00EA675E]</span><br/><span
                        class="error">E       	(No symbol) [0x00EA78FD]</span><br/><span class="error">E       	GetHandleVerifier [0x012B54B9+2897529]</span><br/><span
                        class="error">E       	GetHandleVerifier [0x012FDC6B+3194411]</span><br/><span class="error">E       	GetHandleVerifier [0x012F7A41+3169281]</span><br/><span
                        class="error">E       	GetHandleVerifier [0x01086130+606960]</span><br/><span class="error">E       	(No symbol) [0x00F92E7C]</span><br/><span
                        class="error">E       	(No symbol) [0x00F8F008]</span><br/><span class="error">E       	(No symbol) [0x00F8F12F]</span><br/><span
                        class="error">E       	(No symbol) [0x00F81827]</span><br/><span class="error">E       	BaseThreadInitThunk [0x7555FCC9+25]</span><br/><span
                        class="error">E       	RtlGetAppContainerNamedObjectPath [0x77657B1E+286]</span><br/><span
                        class="error">E       	RtlGetAppContainerNamedObjectPath [0x77657AEE+238]</span><br/><br/>..\..\AppData\Local\Packages\PythonSoftwareFoundation.Python.3.10_qbz5n2kfra8p0\LocalCache\local-packages\Python310\site-packages\selenium\webdriver\remote\errorhandler.py:245:
                ElementClickInterceptedException<br/></div>
        </td>
    </tr>
    </tbody>
    <tbody class="failed results-table-row">
    <tr>
        <td class="col-result">Failed</td>
        <td class="col-name">Test/test_change_password.py::Test_change_password::test_change_password_f[chrome]</td>
        <td class="col-duration">3.35</td>
        <td class="col-links"></td>
    </tr>
    <tr>
        <td class="extra" colspan="4">
            <div class="log">self = &lt;Test.test_change_password.Test_change_password object at
                0x0000025CA26FF550&gt;<br/>request = &lt;FixtureRequest for &lt;Function test_change_password_f[chrome]&gt;&gt;<br/><br/>
                @pytest.mark.changepassword<br/> @pytest.mark.alltest<br/> @pytest.mark.regression<br/> # ----------test
                change password functionality with valid information----------------<br/> def
                test_change_password_f(self, request):<br/> self.login = LoginPage(self.driver)<br/>&gt;
                self.login.login(BasePage.COUPLE_EMAIL, BasePage.AUTOMATION_PASSWORD)<br/><br/>Test\test_change_password.py:197:
                <br/>_ _ _ _ _ _ _ _ _ _ _ _ _ _ _ _ _ _ _ _ _ _ _ _ _ _ _ _ _ _ _ _ _ _ _ _ _ _ _ _<br/>Pages\LoginPage.py:15:
                in login<br/> self.click_element(BasePage.LOGIN_ICON)<br/>Pages\BasePage.py:233: in click_element<br/>
                WebDriverWait(self.driver, 20).until(EC.visibility_of_element_located(by_locator)).click()<br/>..\..\AppData\Local\Packages\PythonSoftwareFoundation.Python.3.10_qbz5n2kfra8p0\LocalCache\local-packages\Python310\site-packages\selenium\webdriver\remote\webelement.py:94:
                in click<br/> self._execute(Command.CLICK_ELEMENT)<br/>..\..\AppData\Local\Packages\PythonSoftwareFoundation.Python.3.10_qbz5n2kfra8p0\LocalCache\local-packages\Python310\site-packages\selenium\webdriver\remote\webelement.py:403:
                in _execute<br/> return self._parent.execute(command, params)<br/>..\..\AppData\Local\Packages\PythonSoftwareFoundation.Python.3.10_qbz5n2kfra8p0\LocalCache\local-packages\Python310\site-packages\selenium\webdriver\remote\webdriver.py:440:
                in execute<br/> self.error_handler.check_response(response)<br/>_ _ _ _ _ _ _ _ _ _ _ _ _ _ _ _ _ _ _ _
                _ _ _ _ _ _ _ _ _ _ _ _ _ _ _ _ _ _ _ _<br/><br/>self = &lt;selenium.webdriver.remote.errorhandler.ErrorHandler
                object at 0x0000025CA2C74160&gt;<br/>response = {&#x27;status&#x27;: 400, &#x27;value&#x27;: &#x27;{&quot;value&quot;:{&quot;error&quot;:&quot;element
                click intercepted&quot;,&quot;message&quot;:&quot;element click intercepted: Element
                ...\n\\tRtlGetAppContainerNamedObjectPath [0x77657B1E+286]\\n\\tRtlGetAppContainerNamedObjectPath
                [0x77657AEE+238]\\n&quot;}}&#x27;}<br/><br/> def check_response(self, response: Dict[str, Any]) -&gt;
                None:<br/> &quot;&quot;&quot;Checks that a JSON response from the WebDriver does not have an<br/> error.<br/>
                <br/> :Args:<br/> - response - The JSON response from the WebDriver server as a dictionary<br/>
                object.<br/> <br/> :Raises: If the response contains an error message.<br/> &quot;&quot;&quot;<br/>
                status = response.get(&quot;status&quot;, None)<br/> if not status or status == ErrorCode.SUCCESS:<br/>
                return<br/> value = None<br/> message = response.get(&quot;message&quot;, &quot;&quot;)<br/> screen: str
                = response.get(&quot;screen&quot;, &quot;&quot;)<br/> stacktrace = None<br/> if isinstance(status, int):<br/>
                value_json = response.get(&quot;value&quot;, None)<br/> if value_json and isinstance(value_json,
                str):<br/> import json<br/> <br/> try:<br/> value = json.loads(value_json)<br/> if len(value) == 1:<br/>
                value = value[&quot;value&quot;]<br/> status = value.get(&quot;error&quot;, None)<br/> if not
                status:<br/> status = value.get(&quot;status&quot;, ErrorCode.UNKNOWN_ERROR)<br/> message = value.get(&quot;value&quot;)
                or value.get(&quot;message&quot;)<br/> if not isinstance(message, str):<br/> value = message<br/>
                message = message.get(&quot;message&quot;)<br/> else:<br/> message = value.get(&quot;message&quot;,
                None)<br/> except ValueError:<br/> pass<br/> <br/> exception_class: Type[WebDriverException]<br/> if
                status in ErrorCode.NO_SUCH_ELEMENT:<br/> exception_class = NoSuchElementException<br/> elif status in
                ErrorCode.NO_SUCH_FRAME:<br/> exception_class = NoSuchFrameException<br/> elif status in
                ErrorCode.NO_SUCH_SHADOW_ROOT:<br/> exception_class = NoSuchShadowRootException<br/> elif status in
                ErrorCode.NO_SUCH_WINDOW:<br/> exception_class = NoSuchWindowException<br/> elif status in
                ErrorCode.STALE_ELEMENT_REFERENCE:<br/> exception_class = StaleElementReferenceException<br/> elif
                status in ErrorCode.ELEMENT_NOT_VISIBLE:<br/> exception_class = ElementNotVisibleException<br/> elif
                status in ErrorCode.INVALID_ELEMENT_STATE:<br/> exception_class = InvalidElementStateException<br/> elif
                (<br/> status in ErrorCode.INVALID_SELECTOR<br/> or status in ErrorCode.INVALID_XPATH_SELECTOR<br/> or
                status in ErrorCode.INVALID_XPATH_SELECTOR_RETURN_TYPER<br/> ):<br/> exception_class =
                InvalidSelectorException<br/> elif status in ErrorCode.ELEMENT_IS_NOT_SELECTABLE:<br/> exception_class =
                ElementNotSelectableException<br/> elif status in ErrorCode.ELEMENT_NOT_INTERACTABLE:<br/>
                exception_class = ElementNotInteractableException<br/> elif status in
                ErrorCode.INVALID_COOKIE_DOMAIN:<br/> exception_class = InvalidCookieDomainException<br/> elif status in
                ErrorCode.UNABLE_TO_SET_COOKIE:<br/> exception_class = UnableToSetCookieException<br/> elif status in
                ErrorCode.TIMEOUT:<br/> exception_class = TimeoutException<br/> elif status in ErrorCode.SCRIPT_TIMEOUT:<br/>
                exception_class = TimeoutException<br/> elif status in ErrorCode.UNKNOWN_ERROR:<br/> exception_class =
                WebDriverException<br/> elif status in ErrorCode.UNEXPECTED_ALERT_OPEN:<br/> exception_class =
                UnexpectedAlertPresentException<br/> elif status in ErrorCode.NO_ALERT_OPEN:<br/> exception_class =
                NoAlertPresentException<br/> elif status in ErrorCode.IME_NOT_AVAILABLE:<br/> exception_class =
                ImeNotAvailableException<br/> elif status in ErrorCode.IME_ENGINE_ACTIVATION_FAILED:<br/>
                exception_class = ImeActivationFailedException<br/> elif status in
                ErrorCode.MOVE_TARGET_OUT_OF_BOUNDS:<br/> exception_class = MoveTargetOutOfBoundsException<br/> elif
                status in ErrorCode.JAVASCRIPT_ERROR:<br/> exception_class = JavascriptException<br/> elif status in
                ErrorCode.SESSION_NOT_CREATED:<br/> exception_class = SessionNotCreatedException<br/> elif status in
                ErrorCode.INVALID_ARGUMENT:<br/> exception_class = InvalidArgumentException<br/> elif status in
                ErrorCode.NO_SUCH_COOKIE:<br/> exception_class = NoSuchCookieException<br/> elif status in
                ErrorCode.UNABLE_TO_CAPTURE_SCREEN:<br/> exception_class = ScreenshotException<br/> elif status in
                ErrorCode.ELEMENT_CLICK_INTERCEPTED:<br/> exception_class = ElementClickInterceptedException<br/> elif
                status in ErrorCode.INSECURE_CERTIFICATE:<br/> exception_class = InsecureCertificateException<br/> elif
                status in ErrorCode.INVALID_COORDINATES:<br/> exception_class = InvalidCoordinatesException<br/> elif
                status in ErrorCode.INVALID_SESSION_ID:<br/> exception_class = InvalidSessionIdException<br/> elif
                status in ErrorCode.UNKNOWN_METHOD:<br/> exception_class = UnknownMethodException<br/> else:<br/>
                exception_class = WebDriverException<br/> if not value:<br/> value = response[&quot;value&quot;]<br/> if
                isinstance(value, str):<br/> raise exception_class(value)<br/> if message == &quot;&quot; and &quot;message&quot;
                in value:<br/> message = value[&quot;message&quot;]<br/> <br/> screen = None # type:
                ignore[assignment]<br/> if &quot;screen&quot; in value:<br/> screen = value[&quot;screen&quot;]<br/>
                <br/> stacktrace = None<br/> st_value = value.get(&quot;stackTrace&quot;) or value.get(&quot;stacktrace&quot;)<br/>
                if st_value:<br/> if isinstance(st_value, str):<br/> stacktrace = st_value.split(&quot;\n&quot;)<br/>
                else:<br/> stacktrace = []<br/> try:<br/> for frame in st_value:<br/> line = frame.get(&quot;lineNumber&quot;,
                &quot;&quot;)<br/> file = frame.get(&quot;fileName&quot;, &quot;&lt;anonymous&gt;&quot;)<br/> if
                line:<br/> file = f&quot;{file}:{line}&quot;<br/> meth = frame.get(&quot;methodName&quot;, &quot;&lt;anonymous&gt;&quot;)<br/>
                if &quot;className&quot; in frame:<br/> meth = f&quot;{frame[&#x27;className&#x27;]}.{meth}&quot;<br/>
                msg = &quot; at %s (%s)&quot;<br/> msg = msg % (meth, file)<br/> stacktrace.append(msg)<br/> except
                TypeError:<br/> pass<br/> if exception_class == UnexpectedAlertPresentException:<br/> alert_text =
                None<br/> if &quot;data&quot; in value:<br/> alert_text =
                value[&quot;data&quot;].get(&quot;text&quot;)<br/> elif &quot;alert&quot; in value:<br/> alert_text =
                value[&quot;alert&quot;].get(&quot;text&quot;)<br/> raise exception_class(message, screen, stacktrace,
                alert_text) # type: ignore[call-arg] # mypy is not smart enough here<br/>&gt; raise
                exception_class(message, screen, stacktrace)<br/><span class="error">E       selenium.common.exceptions.ElementClickInterceptedException: Message: element click intercepted: Element &lt;a _ngcontent-universal-cli-c117=&quot;&quot; class=&quot;nav-link ng-star-inserted&quot; href=&quot;/login&quot;&gt;...&lt;/a&gt; is not clickable at point (1030, 34). Other element would receive the click: &lt;div _ngcontent-universal-cli-c124=&quot;&quot; class=&quot;loader ng-star-inserted&quot;&gt;...&lt;/div&gt;</span><br/><span
                        class="error">E         (Session info: chrome=117.0.5938.132)</span><br/><span class="error">E       Stacktrace:</span><br/><span
                        class="error">E       	GetHandleVerifier [0x00FFCEB3+45171]</span><br/><span class="error">E       	(No symbol) [0x00F89101]</span><br/><span
                        class="error">E       	(No symbol) [0x00E7BE1D]</span><br/><span class="error">E       	(No symbol) [0x00EB3B91]</span><br/><span
                        class="error">E       	(No symbol) [0x00EB268F]</span><br/><span class="error">E       	(No symbol) [0x00EB0C7B]</span><br/><span
                        class="error">E       	(No symbol) [0x00EB0015]</span><br/><span class="error">E       	(No symbol) [0x00EA856A]</span><br/><span
                        class="error">E       	(No symbol) [0x00ECB04C]</span><br/><span class="error">E       	(No symbol) [0x00EA7FA6]</span><br/><span
                        class="error">E       	(No symbol) [0x00ECB2C4]</span><br/><span class="error">E       	(No symbol) [0x00EDDCFA]</span><br/><span
                        class="error">E       	(No symbol) [0x00ECAE46]</span><br/><span class="error">E       	(No symbol) [0x00EA675E]</span><br/><span
                        class="error">E       	(No symbol) [0x00EA78FD]</span><br/><span class="error">E       	GetHandleVerifier [0x012B54B9+2897529]</span><br/><span
                        class="error">E       	GetHandleVerifier [0x012FDC6B+3194411]</span><br/><span class="error">E       	GetHandleVerifier [0x012F7A41+3169281]</span><br/><span
                        class="error">E       	GetHandleVerifier [0x01086130+606960]</span><br/><span class="error">E       	(No symbol) [0x00F92E7C]</span><br/><span
                        class="error">E       	(No symbol) [0x00F8F008]</span><br/><span class="error">E       	(No symbol) [0x00F8F12F]</span><br/><span
                        class="error">E       	(No symbol) [0x00F81827]</span><br/><span class="error">E       	BaseThreadInitThunk [0x7555FCC9+25]</span><br/><span
                        class="error">E       	RtlGetAppContainerNamedObjectPath [0x77657B1E+286]</span><br/><span
                        class="error">E       	RtlGetAppContainerNamedObjectPath [0x77657AEE+238]</span><br/><br/>..\..\AppData\Local\Packages\PythonSoftwareFoundation.Python.3.10_qbz5n2kfra8p0\LocalCache\local-packages\Python310\site-packages\selenium\webdriver\remote\errorhandler.py:245:
                ElementClickInterceptedException<br/></div>
        </td>
    </tr>
    </tbody>
    <tbody class="passed results-table-row">
    <tr>
        <td class="col-result">Passed</td>
        <td class="col-name">Test/test_Charity_reg_page.py::Test_CHARITY_SIGNUP::test_charity_signup[chrome]</td>
        <td class="col-duration">419.18</td>
        <td class="col-links"></td>
    </tr>
    <tr>
        <td class="extra" colspan="4">
            <div class="log"> ------------------------------Captured stdout call------------------------------ <br/>charity
                signup working fine.
                <br/></div>
        </td>
    </tr>
    </tbody>
    <tbody class="passed results-table-row">
    <tr>
        <td class="col-result">Passed</td>
        <td class="col-name">Test/test_Create_Exp.py::Test_Create_Exp::test_create_exp[chrome]</td>
        <td class="col-duration">85.86</td>
        <td class="col-links"></td>
    </tr>
    <tr>
        <td class="extra" colspan="4">
            <div class="empty log">No log output captured.</div>
        </td>
    </tr>
    </tbody>
    <tbody class="passed results-table-row">
    <tr>
        <td class="col-result">Passed</td>
        <td class="col-name">Test/test_EP_register.py::Test_EXPRegistration::test_ep_rgistration[chrome]</td>
        <td class="col-duration">62.53</td>
        <td class="col-links"></td>
    </tr>
    <tr>
        <td class="extra" colspan="4">
            <div class="log"> ------------------------------Captured stdout call------------------------------ <br/>EP
                signup working fine.
                <br/></div>
        </td>
    </tr>
    </tbody>
    <tbody class="passed results-table-row">
    <tr>
        <td class="col-result">Passed</td>
        <td class="col-name">Test/test_Loginpage.py::Test_Login::test_check_with_blank[chrome]</td>
        <td class="col-duration">25.02</td>
        <td class="col-links"></td>
    </tr>
    <tr>
        <td class="extra" colspan="4">
            <div class="empty log">No log output captured.</div>
        </td>
    </tr>
    </tbody>
    <tbody class="passed results-table-row">
    <tr>
        <td class="col-result">Passed</td>
        <td class="col-name">Test/test_Loginpage.py::Test_Login::test_couple_login[chrome]</td>
        <td class="col-duration">12.15</td>
        <td class="col-links"></td>
    </tr>
    <tr>
        <td class="extra" colspan="4">
            <div class="log"> ------------------------------Captured stdout call------------------------------ <br/>Couple
                user login working fine.
                <br/></div>
        </td>
    </tr>
    </tbody>
    <tbody class="passed results-table-row">
    <tr>
        <td class="col-result">Passed</td>
        <td class="col-name">Test/test_Loginpage.py::Test_Login::test_couple_login_by_username[chrome]</td>
        <td class="col-duration">12.08</td>
        <td class="col-links"></td>
    </tr>
    <tr>
        <td class="extra" colspan="4">
            <div class="log"> ------------------------------Captured stdout call------------------------------ <br/>Couple
                user login working fine.
                <br/></div>
        </td>
    </tr>
    </tbody>
    <tbody class="passed results-table-row">
    <tr>
        <td class="col-result">Passed</td>
        <td class="col-name">Test/test_Loginpage.py::Test_Login::test_individual_login[chrome]</td>
        <td class="col-duration">9.20</td>
        <td class="col-links"></td>
    </tr>
    <tr>
        <td class="extra" colspan="4">
            <div class="log"> ------------------------------Captured stdout call------------------------------ <br/>Individual
                user login working fine.
                <br/></div>
        </td>
    </tr>
    </tbody>
    <tbody class="passed results-table-row">
    <tr>
        <td class="col-result">Passed</td>
        <td class="col-name">Test/test_Loginpage.py::Test_Login::test_EP_login[chrome]</td>
        <td class="col-duration">9.23</td>
        <td class="col-links"></td>
    </tr>
    <tr>
        <td class="extra" colspan="4">
            <div class="log"> ------------------------------Captured stdout call------------------------------ <br/>EP
                user login working fine.
                <br/></div>
        </td>
    </tr>
    </tbody>
    <tbody class="passed results-table-row">
    <tr>
        <td class="col-result">Passed</td>
        <td class="col-name">Test/test_Loginpage.py::Test_Login::test_charity_login[chrome]</td>
        <td class="col-duration">9.03</td>
        <td class="col-links"></td>
    </tr>
    <tr>
        <td class="extra" colspan="4">
            <div class="log"> ------------------------------Captured stdout call------------------------------ <br/>Charity
                user login working fine.
                <br/></div>
        </td>
    </tr>
    </tbody>
    <tbody class="passed results-table-row">
    <tr>
        <td class="col-result">Passed</td>
        <td class="col-name">Test/test_Loginpage.py::Test_Login::test_joy_login[chrome]</td>
        <td class="col-duration">9.48</td>
        <td class="col-links"></td>
    </tr>
    <tr>
        <td class="extra" colspan="4">
            <div class="log"> ------------------------------Captured stdout call------------------------------ <br/>Joy
                user login working fine.
                <br/></div>
        </td>
    </tr>
    </tbody>
    <tbody class="passed results-table-row">
    <tr>
        <td class="col-result">Passed</td>
        <td class="col-name">Test/test_Loginpage.py::Test_Login::test_zola_login[chrome]</td>
        <td class="col-duration">9.47</td>
        <td class="col-links"></td>
    </tr>
    <tr>
        <td class="extra" colspan="4">
            <div class="log"> ------------------------------Captured stdout call------------------------------ <br/>Zola
                user login working fine.
                <br/></div>
        </td>
    </tr>
    </tbody>
    <tbody class="passed results-table-row">
    <tr>
        <td class="col-result">Passed</td>
        <td class="col-name">Test/test_Loginpage.py::Test_Login::test_knot_login[chrome]</td>
        <td class="col-duration">14.52</td>
        <td class="col-links"></td>
    </tr>
    <tr>
        <td class="extra" colspan="4">
            <div class="log"> ------------------------------Captured stdout call------------------------------ <br/>Knot
                user login working fine.
                <br/></div>
        </td>
    </tr>
    </tbody>
    <tbody class="passed results-table-row">
    <tr>
        <td class="col-result">Passed</td>
        <td class="col-name">Test/test_account.py::Test_Account::test_deactivate_account[chrome]</td>
        <td class="col-duration">47.54</td>
        <td class="col-links"></td>
    </tr>
    <tr>
        <td class="extra" colspan="4">
            <div class="empty log">No log output captured.</div>
        </td>
    </tr>
    </tbody>
    <tbody class="passed results-table-row">
    <tr>
        <td class="col-result">Passed</td>
        <td class="col-name">Test/test_forgot_password.py::Test_forgot_password::test_forgot_password[chrome]</td>
        <td class="col-duration">51.50</td>
        <td class="col-links"></td>
    </tr>
    <tr>
        <td class="extra" colspan="4">
            <div class="empty log">No log output captured.</div>
        </td>
    </tr>
    </tbody>
    <tbody class="passed results-table-row">
    <tr>
        <td class="col-result">Passed</td>
        <td class="col-name">Test/test_friendrequest.py::Test_Friendreq::test_Friendreq[chrome]</td>
        <td class="col-duration">62.87</td>
        <td class="col-links"></td>
    </tr>
    <tr>
        <td class="extra" colspan="4">
            <div class="empty log">No log output captured.</div>
        </td>
    </tr>
    </tbody>
    <tbody class="passed results-table-row">
    <tr>
        <td class="col-result">Passed</td>
        <td class="col-name">Test/test_invitepartner.py::Test_Invite_Partner::test_update_invite_partner[chrome]</td>
        <td class="col-duration">56.98</td>
        <td class="col-links"></td>
    </tr>
    <tr>
        <td class="extra" colspan="4">
            <div class="empty log">No log output captured.</div>
        </td>
    </tr>
    </tbody>
    <tbody class="passed results-table-row">
    <tr>
        <td class="col-result">Passed</td>
        <td class="col-name">Test/test_prcie_filter.py::TestPriceFilter::test_price_filter_a[chrome]</td>
        <td class="col-duration">45.52</td>
        <td class="col-links"></td>
    </tr>
    <tr>
        <td class="extra" colspan="4">
            <div class="empty log">No log output captured.</div>
        </td>
    </tr>
    </tbody>
    <tbody class="passed results-table-row">
    <tr>
        <td class="col-result">Passed</td>
        <td class="col-name">Test/test_prcie_filter.py::TestPriceFilter::test_price_filter_b[chrome]</td>
        <td class="col-duration">33.88</td>
        <td class="col-links"></td>
    </tr>
    <tr>
        <td class="extra" colspan="4">
            <div class="log"> ------------------------------Captured stdout call------------------------------ <br/>[198,
                200, 110, 125, 150, 200, 198, 160, 170, 198]
                <br/></div>
        </td>
    </tr>
    </tbody>
    <tbody class="passed results-table-row">
    <tr>
        <td class="col-result">Passed</td>
        <td class="col-name">Test/test_prcie_filter.py::TestPriceFilter::test_price_filter_c[chrome]</td>
        <td class="col-duration">35.24</td>
        <td class="col-links"></td>
    </tr>
    <tr>
        <td class="extra" colspan="4">
            <div class="log"> ------------------------------Captured stdout call------------------------------ <br/>[500,
                378, 225, 548, 950, 1025, 500, 550, 548, 1500, 1800, 1900, 260, 220, 220]
                <br/></div>
        </td>
    </tr>
    </tbody>
    <tbody class="passed results-table-row">
    <tr>
        <td class="col-result">Passed</td>
        <td class="col-name">Test/test_prcie_filter.py::TestPriceFilter::test_price_filter_d[chrome]</td>
        <td class="col-duration">37.78</td>
        <td class="col-links"></td>
    </tr>
    <tr>
        <td class="extra" colspan="4">
            <div class="log"> ------------------------------Captured stdout call------------------------------ <br/>[0,
                0]
                <br/></div>
        </td>
    </tr>
    </tbody>
    <tbody class="passed results-table-row">
    <tr>
        <td class="col-result">Passed</td>
        <td class="col-name">Test/test_registry_page.py::Test_Registry::test_add_to_registry[chrome]</td>
        <td class="col-duration">47.02</td>
        <td class="col-links"></td>
    </tr>
    <tr>
        <td class="extra" colspan="4">
            <div class="empty log">No log output captured.</div>
        </td>
    </tr>
    </tbody>
    <tbody class="passed results-table-row">
    <tr>
        <td class="col-result">Passed</td>
        <td class="col-name">Test/test_registry_page.py::Test_Registry::test_add_to_bucket_list[chrome]</td>
        <td class="col-duration">31.40</td>
        <td class="col-links"></td>
    </tr>
    <tr>
        <td class="extra" colspan="4">
            <div class="empty log">No log output captured.</div>
        </td>
    </tr>
    </tbody>
    <tbody class="passed results-table-row">
    <tr>
        <td class="col-result">Passed</td>
        <td class="col-name">Test/test_registry_page.py::Test_Registry::test_guest_view[chrome]</td>
        <td class="col-duration">85.78</td>
        <td class="col-links"></td>
    </tr>
    <tr>
        <td class="extra" colspan="4">
            <div class="log"> ------------------------------Captured stdout call------------------------------ <br/>TEST
                LIVE EXP (NEW YORK)
                <br/></div>
        </td>
    </tr>
    </tbody>
    <tbody class="passed results-table-row">
    <tr>
        <td class="col-result">Passed</td>
        <td class="col-name">Test/test_update_honeymoon.py::Test_Honeymoon::test_update_honeymoon[chrome]</td>
        <td class="col-duration">68.35</td>
        <td class="col-links"></td>
    </tr>
    <tr>
        <td class="extra" colspan="4">
            <div class="empty log">No log output captured.</div>
        </td>
    </tr>
    </tbody>
    <tbody class="passed results-table-row">
    <tr>
        <td class="col-result">Passed</td>
        <td class="col-name">Test/test_update_shipping.py::Test_Update_Shipping::test_update_shipping[chrome]</td>
        <td class="col-duration">47.90</td>
        <td class="col-links"></td>
    </tr>
    <tr>
        <td class="extra" colspan="4">
            <div class="empty log">No log output captured.</div>
        </td>
    </tr>
    </tbody>
    <tbody class="passed results-table-row">
    <tr>
        <td class="col-result">Passed</td>
        <td class="col-name">Test/test_url.py::Test_URL::test_registryurl[chrome]</td>
        <td class="col-duration">22.41</td>
        <td class="col-links"></td>
    </tr>
    <tr>
        <td class="extra" colspan="4">
            <div class="empty log">No log output captured.</div>
        </td>
    </tr>
    </tbody>
</table>
</body>
</html>