<!DOCTYPE html>
<html>
<head>
    <meta charset="utf-8"/>
    <title>1695902335.html</title>
    <link href="assets/style.css" rel="stylesheet" type="text/css"/>
</head>
<body onLoad="init()">
<script>/* This Source Code Form is subject to the terms of the Mozilla Public
 * License, v. 2.0. If a copy of the MPL was not distributed with this file,
 * You can obtain one at http://mozilla.org/MPL/2.0/. */


function toArray(iter) {
    if (iter === null) {
        return null;
    }
    return Array.prototype.slice.call(iter);
}

function find(selector, elem) { // eslint-disable-line no-redeclare
    if (!elem) {
        elem = document;
    }
    return elem.querySelector(selector);
}

function findAll(selector, elem) {
    if (!elem) {
        elem = document;
    }
    return toArray(elem.querySelectorAll(selector));
}

function sortColumn(elem) {
    toggleSortStates(elem);
    const colIndex = toArray(elem.parentNode.childNodes).indexOf(elem);
    let key;
    if (elem.classList.contains('result')) {
        key = keyResult;
    } else if (elem.classList.contains('links')) {
        key = keyLink;
    } else {
        key = keyAlpha;
    }
    sortTable(elem, key(colIndex));
}

function showAllExtras() { // eslint-disable-line no-unused-vars
    findAll('.col-result').forEach(showExtras);
}

function hideAllExtras() { // eslint-disable-line no-unused-vars
    findAll('.col-result').forEach(hideExtras);
}

function showExtras(colresultElem) {
    const extras = colresultElem.parentNode.nextElementSibling;
    const expandcollapse = colresultElem.firstElementChild;
    extras.classList.remove('collapsed');
    expandcollapse.classList.remove('expander');
    expandcollapse.classList.add('collapser');
}

function hideExtras(colresultElem) {
    const extras = colresultElem.parentNode.nextElementSibling;
    const expandcollapse = colresultElem.firstElementChild;
    extras.classList.add('collapsed');
    expandcollapse.classList.remove('collapser');
    expandcollapse.classList.add('expander');
}

function showFilters() {
    let visibleString = getQueryParameter('visible') || 'all';
    visibleString = visibleString.toLowerCase();
    const checkedItems = visibleString.split(',');

    const filterItems = document.getElementsByClassName('filter');
    for (let i = 0; i < filterItems.length; i++) {
        filterItems[i].hidden = false;

        if (visibleString != 'all') {
            filterItems[i].checked = checkedItems.includes(filterItems[i].getAttribute('data-test-result'));
            filterTable(filterItems[i]);
        }
    }
}

function addCollapse() {
    // Add links for show/hide all
    const resulttable = find('table#results-table');
    const showhideall = document.createElement('p');
    showhideall.innerHTML = '<a href="javascript:showAllExtras()">Show all details</a> / ' +
                            '<a href="javascript:hideAllExtras()">Hide all details</a>';
    resulttable.parentElement.insertBefore(showhideall, resulttable);

    // Add show/hide link to each result
    findAll('.col-result').forEach(function(elem) {
        const collapsed = getQueryParameter('collapsed') || 'Passed';
        const extras = elem.parentNode.nextElementSibling;
        const expandcollapse = document.createElement('span');
        if (extras.classList.contains('collapsed')) {
            expandcollapse.classList.add('expander');
        } else if (collapsed.includes(elem.innerHTML)) {
            extras.classList.add('collapsed');
            expandcollapse.classList.add('expander');
        } else {
            expandcollapse.classList.add('collapser');
        }
        elem.appendChild(expandcollapse);

        elem.addEventListener('click', function(event) {
            if (event.currentTarget.parentNode.nextElementSibling.classList.contains('collapsed')) {
                showExtras(event.currentTarget);
            } else {
                hideExtras(event.currentTarget);
            }
        });
    });
}

function getQueryParameter(name) {
    const match = RegExp('[?&]' + name + '=([^&]*)').exec(window.location.search);
    return match && decodeURIComponent(match[1].replace(/\+/g, ' '));
}

function init () { // eslint-disable-line no-unused-vars
    resetSortHeaders();

    addCollapse();

    showFilters();

    sortColumn(find('.initial-sort'));

    findAll('.sortable').forEach(function(elem) {
        elem.addEventListener('click',
            function() {
                sortColumn(elem);
            }, false);
    });
}

function sortTable(clicked, keyFunc) {
    const rows = findAll('.results-table-row');
    const reversed = !clicked.classList.contains('asc');
    const sortedRows = sort(rows, keyFunc, reversed);
    /* Whole table is removed here because browsers acts much slower
     * when appending existing elements.
     */
    const thead = document.getElementById('results-table-head');
    document.getElementById('results-table').remove();
    const parent = document.createElement('table');
    parent.id = 'results-table';
    parent.appendChild(thead);
    sortedRows.forEach(function(elem) {
        parent.appendChild(elem);
    });
    document.getElementsByTagName('BODY')[0].appendChild(parent);
}

function sort(items, keyFunc, reversed) {
    const sortArray = items.map(function(item, i) {
        return [keyFunc(item), i];
    });

    sortArray.sort(function(a, b) {
        const keyA = a[0];
        const keyB = b[0];

        if (keyA == keyB) return 0;

        if (reversed) {
            return keyA < keyB ? 1 : -1;
        } else {
            return keyA > keyB ? 1 : -1;
        }
    });

    return sortArray.map(function(item) {
        const index = item[1];
        return items[index];
    });
}

function keyAlpha(colIndex) {
    return function(elem) {
        return elem.childNodes[1].childNodes[colIndex].firstChild.data.toLowerCase();
    };
}

function keyLink(colIndex) {
    return function(elem) {
        const dataCell = elem.childNodes[1].childNodes[colIndex].firstChild;
        return dataCell == null ? '' : dataCell.innerText.toLowerCase();
    };
}

function keyResult(colIndex) {
    return function(elem) {
        const strings = ['Error', 'Failed', 'Rerun', 'XFailed', 'XPassed',
            'Skipped', 'Passed'];
        return strings.indexOf(elem.childNodes[1].childNodes[colIndex].firstChild.data);
    };
}

function resetSortHeaders() {
    findAll('.sort-icon').forEach(function(elem) {
        elem.parentNode.removeChild(elem);
    });
    findAll('.sortable').forEach(function(elem) {
        const icon = document.createElement('div');
        icon.className = 'sort-icon';
        icon.textContent = 'vvv';
        elem.insertBefore(icon, elem.firstChild);
        elem.classList.remove('desc', 'active');
        elem.classList.add('asc', 'inactive');
    });
}

function toggleSortStates(elem) {
    //if active, toggle between asc and desc
    if (elem.classList.contains('active')) {
        elem.classList.toggle('asc');
        elem.classList.toggle('desc');
    }

    //if inactive, reset all other functions and add ascending active
    if (elem.classList.contains('inactive')) {
        resetSortHeaders();
        elem.classList.remove('inactive');
        elem.classList.add('active');
    }
}

function isAllRowsHidden(value) {
    return value.hidden == false;
}

function filterTable(elem) { // eslint-disable-line no-unused-vars
    const outcomeAtt = 'data-test-result';
    const outcome = elem.getAttribute(outcomeAtt);
    const classOutcome = outcome + ' results-table-row';
    const outcomeRows = document.getElementsByClassName(classOutcome);

    for(let i = 0; i < outcomeRows.length; i++){
        outcomeRows[i].hidden = !elem.checked;
    }

    const rows = findAll('.results-table-row').filter(isAllRowsHidden);
    const allRowsHidden = rows.length == 0 ? true : false;
    const notFoundMessage = document.getElementById('not-found-message');
    notFoundMessage.hidden = !allRowsHidden;
}

</script>
<h1>1695902335.html</h1>
<p>Report generated on 28-Sep-2023 at 17:44:50 by <a href="https://pypi.python.org/pypi/pytest-html">pytest-html</a>
    v3.2.0</p>
<h2>Summary</h2>
<p>34 tests ran in 954.93 seconds. </p>
<p class="filter" hidden="true">(Un)check the boxes to filter the results.</p><input checked="true" class="filter"
                                                                                     data-test-result="passed"
                                                                                     hidden="true"
                                                                                     name="filter_checkbox"
                                                                                     onChange="filterTable(this)"
                                                                                     type="checkbox"/><span
        class="passed">23 passed</span>, <input checked="true" class="filter" data-test-result="skipped" disabled="true"
                                                hidden="true" name="filter_checkbox" onChange="filterTable(this)"
                                                type="checkbox"/><span class="skipped">0 skipped</span>, <input
        checked="true" class="filter" data-test-result="failed" hidden="true" name="filter_checkbox"
        onChange="filterTable(this)" type="checkbox"/><span class="failed">11 failed</span>, <input checked="true"
                                                                                                    class="filter"
                                                                                                    data-test-result="error"
                                                                                                    disabled="true"
                                                                                                    hidden="true"
                                                                                                    name="filter_checkbox"
                                                                                                    onChange="filterTable(this)"
                                                                                                    type="checkbox"/><span
        class="error">0 errors</span>, <input checked="true" class="filter" data-test-result="xfailed" disabled="true"
                                              hidden="true" name="filter_checkbox" onChange="filterTable(this)"
                                              type="checkbox"/><span class="xfailed">0 expected failures</span>, <input
        checked="true" class="filter" data-test-result="xpassed" disabled="true" hidden="true" name="filter_checkbox"
        onChange="filterTable(this)" type="checkbox"/><span class="xpassed">0 unexpected passes</span>
<h2>Results</h2>
<table id="results-table">
    <thead id="results-table-head">
    <tr>
        <th class="sortable result initial-sort" col="result">Result</th>
        <th class="sortable" col="name">Test</th>
        <th class="sortable" col="duration">Duration</th>
        <th class="sortable links" col="links">Links</th>
    </tr>
    <tr hidden="true" id="not-found-message">
        <th colspan="4">No results found. Try to check the filters</th>
    </tr>
    </thead>
    <tbody class="failed results-table-row">
    <tr>
        <td class="col-result">Failed</td>
        <td class="col-name">Test/test_Create_Exp.py::Test_Create_Exp::test_create_exp[chrome]</td>
        <td class="col-duration">61.40</td>
        <td class="col-links"></td>
    </tr>
    <tr>
        <td class="extra" colspan="4">
            <div class="log">self = &lt;Test.test_Create_Exp.Test_Create_Exp object at 0x00000187348E4CA0&gt;<br/>request
                = &lt;FixtureRequest for &lt;Function test_create_exp[chrome]&gt;&gt;<br/><br/>
                @pytest.mark.createxp<br/> @pytest.mark.alltest<br/> def test_create_exp(self, request):<br/> <br/>
                self.regist = LoginPage(self.driver)<br/> self.regist.login(BasePage.EP_EMAIL,
                BasePage.AUTOMATION_PASSWORD)<br/> time.sleep(5)<br/> self.exp = CreateExp(self.driver)<br/>
                self.exp.Createexp()<br/> time.sleep(2)<br/> <br/> OUREXP =
                self.exp.get_element_text(BasePage.EXP_HEADING)<br/> try:<br/> assert OUREXP == &quot;WELCOME, TEST
                BUSINESS&quot;<br/> self.exp.click_element(BasePage.SUBMIT)<br/> time.sleep(4)<br/> <br/> except
                AssertionError:<br/> timestamp = str(int(time.time()))<br/> <br/> # Get the current test name<br/>
                test_name = request.node.name<br/> # Create a unique file name using the test name and timestamp<br/>
                file_name = f&quot;{test_name}_{timestamp}.png&quot;<br/> <br/> # Specify the directory path to save the
                screenshot<br/> directory = &quot;C:/Users/HP/PycharmProjects/spur-automations/Screenshot/&quot;<br/>
                <br/> # Create the full path by joining the directory path and file name<br/> screenshot_path =
                os.path.join(directory, file_name)<br/> <br/> # Save the screenshot<br/>
                self.driver.save_screenshot(screenshot_path)<br/> raise<br/> <br/> try:<br/> exp_list = (By.XPATH,
                &quot;//div[@class=&#x27;product-name&#x27;]//h2&quot;)<br/> all_experiences =
                self.exp.get_list_of_elements(exp_list)<br/> name_all_exp = []<br/> for i in all_experiences:<br/>
                name_all_exp.append(i.text)<br/>&gt; assert self.exp.exp_name.upper() in name_all_exp<br/><span
                        class="error">E           AssertionError: assert &#x27;TEST AUTO 172855SEPTEMBER282023&#x27; in [&#x27;BALKISHAN&#x27;, &#x27;TEST AUTO 103224SEPTEMBER012023&#x27;, &#x27;TEST AUTO 120304SEPTEMBER042023&#x27;, &#x27;TEST AUTO 121309SEPTEMBER012023&#x27;, &#x27;TEST AUTO 132506SEPTEMBER112023&#x27;, &#x27;TEST AUTO 134612SEPTEMBER012023&#x27;, ...]</span><br/><span
                        class="error">E            +  where &#x27;TEST AUTO 172855SEPTEMBER282023&#x27; = &lt;built-in method upper of str object at 0x00000187348DF6E0&gt;()</span><br/><span
                        class="error">E            +    where &lt;built-in method upper of str object at 0x00000187348DF6E0&gt; = &#x27;test auto 172855September282023&#x27;.upper</span><br/><span
                        class="error">E            +      where &#x27;test auto 172855September282023&#x27; = &lt;Pages.CreateEXP.CreateExp object at 0x000001873B95FCA0&gt;.exp_name</span><br/><span
                        class="error">E            +        where &lt;Pages.CreateEXP.CreateExp object at 0x000001873B95FCA0&gt; = &lt;Test.test_Create_Exp.Test_Create_Exp object at 0x00000187348E4CA0&gt;.exp</span><br/><br/>Test\test_Create_Exp.py:57:
                AssertionError<br/> ------------------------------Captured stdout call------------------------------
                <br/>experience is not created.
                <br/></div>
        </td>
    </tr>
    </tbody>
    <tbody class="failed results-table-row">
    <tr>
        <td class="col-result">Failed</td>
        <td class="col-name">Test/test_change_password.py::Test_change_password::test_change_password_b[chrome]</td>
        <td class="col-duration">22.63</td>
        <td class="col-links"></td>
    </tr>
    <tr>
        <td class="extra" colspan="4">
            <div class="log">self = &lt;Test.test_change_password.Test_change_password object at
                0x000001873B8F87C0&gt;<br/>request = &lt;FixtureRequest for &lt;Function test_change_password_b[chrome]&gt;&gt;<br/><br/>
                @pytest.mark.changepassword<br/> @pytest.mark.alltest<br/> # -----test change password functionality
                without enter old password---------<br/> def test_change_password_b(self, request):<br/> self.login =
                LoginPage(self.driver)<br/> self.login.login(BasePage.COUPLE_EMAIL, BasePage.AUTOMATION_PASSWORD)<br/>
                <br/> self.login = ChangePassword(self.driver)<br/>&gt; self.login.Change_Password(&quot;&quot;, &quot;System@321&quot;,
                &quot;System@321&quot;)<br/><br/>Test\test_change_password.py:63: <br/>_ _ _ _ _ _ _ _ _ _ _ _ _ _ _ _ _
                _ _ _ _ _ _ _ _ _ _ _ _ _ _ _ _ _ _ _ _ _ _ _<br/>Pages\ChangePassword.py:12: in Change_Password<br/>
                self.click_element(BasePage.Setting)<br/>Pages\BasePage.py:233: in click_element<br/>
                WebDriverWait(self.driver, 20).until(EC.visibility_of_element_located(by_locator)).click()<br/>_ _ _ _ _
                _ _ _ _ _ _ _ _ _ _ _ _ _ _ _ _ _ _ _ _ _ _ _ _ _ _ _ _ _ _ _ _ _ _ _<br/><br/>self = &lt;selenium.webdriver.support.wait.WebDriverWait
                (session=&quot;c385aef74cd0947f745cadd5072b6dc2&quot;)&gt;<br/>method = &lt;function
                visibility_of_element_located.&lt;locals&gt;._predicate at 0x000001873B98B880&gt;<br/>message = &#x27;&#x27;<br/><br/>
                def until(self, method, message: str = &quot;&quot;):<br/> &quot;&quot;&quot;Calls the method provided
                with the driver as an argument until the \<br/> return value does not evaluate to ``False``.<br/> <br/>
                :param method: callable(WebDriver)<br/> :param message: optional message for
                :exc:`TimeoutException`<br/> :returns: the result of the last call to `method`<br/> :raises:
                :exc:`selenium.common.exceptions.TimeoutException` if timeout occurs<br/> &quot;&quot;&quot;<br/> screen
                = None<br/> stacktrace = None<br/> <br/> end_time = time.monotonic() + self._timeout<br/> while
                True:<br/> try:<br/> value = method(self._driver)<br/> if value:<br/> return value<br/> except
                self._ignored_exceptions as exc:<br/> screen = getattr(exc, &quot;screen&quot;, None)<br/> stacktrace =
                getattr(exc, &quot;stacktrace&quot;, None)<br/> time.sleep(self._poll)<br/> if time.monotonic() &gt;
                end_time:<br/> break<br/>&gt; raise TimeoutException(message, screen, stacktrace)<br/><span
                        class="error">E       selenium.common.exceptions.TimeoutException: Message: </span><br/><span
                        class="error">E       Stacktrace:</span><br/><span class="error">E       	GetHandleVerifier [0x0030CEB3+45171]</span><br/><span
                        class="error">E       	(No symbol) [0x00299101]</span><br/><span class="error">E       	(No symbol) [0x0018BE1D]</span><br/><span
                        class="error">E       	(No symbol) [0x001BED40]</span><br/><span class="error">E       	(No symbol) [0x001BF20B]</span><br/><span
                        class="error">E       	(No symbol) [0x001EF692]</span><br/><span class="error">E       	(No symbol) [0x001DB094]</span><br/><span
                        class="error">E       	(No symbol) [0x001EDCFA]</span><br/><span class="error">E       	(No symbol) [0x001DAE46]</span><br/><span
                        class="error">E       	(No symbol) [0x001B675E]</span><br/><span class="error">E       	(No symbol) [0x001B78FD]</span><br/><span
                        class="error">E       	GetHandleVerifier [0x005C54B9+2897529]</span><br/><span class="error">E       	GetHandleVerifier [0x0060DC6B+3194411]</span><br/><span
                        class="error">E       	GetHandleVerifier [0x00607A41+3169281]</span><br/><span class="error">E       	GetHandleVerifier [0x00396130+606960]</span><br/><span
                        class="error">E       	(No symbol) [0x002A2E7C]</span><br/><span class="error">E       	(No symbol) [0x0029F008]</span><br/><span
                        class="error">E       	(No symbol) [0x0029F12F]</span><br/><span class="error">E       	(No symbol) [0x00291827]</span><br/><span
                        class="error">E       	BaseThreadInitThunk [0x7555FCC9+25]</span><br/><span class="error">E       	RtlGetAppContainerNamedObjectPath [0x77657B1E+286]</span><br/><span
                        class="error">E       	RtlGetAppContainerNamedObjectPath [0x77657AEE+238]</span><br/><span
                        class="error">E       	(No symbol) [0x00000000]</span><br/><br/>..\..\AppData\Local\Packages\PythonSoftwareFoundation.Python.3.10_qbz5n2kfra8p0\LocalCache\local-packages\Python310\site-packages\selenium\webdriver\support\wait.py:95:
                TimeoutException<br/></div>
        </td>
    </tr>
    </tbody>
    <tbody class="failed results-table-row">
    <tr>
        <td class="col-result">Failed</td>
        <td class="col-name">Test/test_change_password.py::Test_change_password::test_change_password_c[chrome]</td>
        <td class="col-duration">1.10</td>
        <td class="col-links"></td>
    </tr>
    <tr>
        <td class="extra" colspan="4">
            <div class="log">self = &lt;Test.test_change_password.Test_change_password object at
                0x000001873B8F8940&gt;<br/>request = &lt;FixtureRequest for &lt;Function test_change_password_c[chrome]&gt;&gt;<br/><br/>
                @pytest.mark.changepassword<br/> @pytest.mark.alltest<br/> def test_change_password_c(self,<br/>
                request): # test change password functionality with enter incorrect password into old password<br/>
                self.login = LoginPage(self.driver)<br/>&gt; self.login.login(BasePage.COUPLE_EMAIL,
                BasePage.AUTOMATION_PASSWORD)<br/><br/>Test\test_change_password.py:92: <br/>_ _ _ _ _ _ _ _ _ _ _ _ _ _
                _ _ _ _ _ _ _ _ _ _ _ _ _ _ _ _ _ _ _ _ _ _ _ _ _ _<br/>Pages\LoginPage.py:15: in login<br/>
                self.click_element(BasePage.LOGIN_ICON)<br/>Pages\BasePage.py:233: in click_element<br/>
                WebDriverWait(self.driver, 20).until(EC.visibility_of_element_located(by_locator)).click()<br/>..\..\AppData\Local\Packages\PythonSoftwareFoundation.Python.3.10_qbz5n2kfra8p0\LocalCache\local-packages\Python310\site-packages\selenium\webdriver\remote\webelement.py:94:
                in click<br/> self._execute(Command.CLICK_ELEMENT)<br/>..\..\AppData\Local\Packages\PythonSoftwareFoundation.Python.3.10_qbz5n2kfra8p0\LocalCache\local-packages\Python310\site-packages\selenium\webdriver\remote\webelement.py:403:
                in _execute<br/> return self._parent.execute(command, params)<br/>..\..\AppData\Local\Packages\PythonSoftwareFoundation.Python.3.10_qbz5n2kfra8p0\LocalCache\local-packages\Python310\site-packages\selenium\webdriver\remote\webdriver.py:440:
                in execute<br/> self.error_handler.check_response(response)<br/>_ _ _ _ _ _ _ _ _ _ _ _ _ _ _ _ _ _ _ _
                _ _ _ _ _ _ _ _ _ _ _ _ _ _ _ _ _ _ _ _<br/><br/>self = &lt;selenium.webdriver.remote.errorhandler.ErrorHandler
                object at 0x000001873BC82350&gt;<br/>response = {&#x27;status&#x27;: 400, &#x27;value&#x27;: &#x27;{&quot;value&quot;:{&quot;error&quot;:&quot;element
                click intercepted&quot;,&quot;message&quot;:&quot;element click intercepted: Element ...jectPath
                [0x77657B1E+286]\\n\\tRtlGetAppContainerNamedObjectPath [0x77657AEE+238]\\n\\t(No symbol)
                [0x00000000]\\n&quot;}}&#x27;}<br/><br/> def check_response(self, response: Dict[str, Any]) -&gt;
                None:<br/> &quot;&quot;&quot;Checks that a JSON response from the WebDriver does not have an<br/> error.<br/>
                <br/> :Args:<br/> - response - The JSON response from the WebDriver server as a dictionary<br/>
                object.<br/> <br/> :Raises: If the response contains an error message.<br/> &quot;&quot;&quot;<br/>
                status = response.get(&quot;status&quot;, None)<br/> if not status or status == ErrorCode.SUCCESS:<br/>
                return<br/> value = None<br/> message = response.get(&quot;message&quot;, &quot;&quot;)<br/> screen: str
                = response.get(&quot;screen&quot;, &quot;&quot;)<br/> stacktrace = None<br/> if isinstance(status, int):<br/>
                value_json = response.get(&quot;value&quot;, None)<br/> if value_json and isinstance(value_json,
                str):<br/> import json<br/> <br/> try:<br/> value = json.loads(value_json)<br/> if len(value) == 1:<br/>
                value = value[&quot;value&quot;]<br/> status = value.get(&quot;error&quot;, None)<br/> if not
                status:<br/> status = value.get(&quot;status&quot;, ErrorCode.UNKNOWN_ERROR)<br/> message = value.get(&quot;value&quot;)
                or value.get(&quot;message&quot;)<br/> if not isinstance(message, str):<br/> value = message<br/>
                message = message.get(&quot;message&quot;)<br/> else:<br/> message = value.get(&quot;message&quot;,
                None)<br/> except ValueError:<br/> pass<br/> <br/> exception_class: Type[WebDriverException]<br/> if
                status in ErrorCode.NO_SUCH_ELEMENT:<br/> exception_class = NoSuchElementException<br/> elif status in
                ErrorCode.NO_SUCH_FRAME:<br/> exception_class = NoSuchFrameException<br/> elif status in
                ErrorCode.NO_SUCH_SHADOW_ROOT:<br/> exception_class = NoSuchShadowRootException<br/> elif status in
                ErrorCode.NO_SUCH_WINDOW:<br/> exception_class = NoSuchWindowException<br/> elif status in
                ErrorCode.STALE_ELEMENT_REFERENCE:<br/> exception_class = StaleElementReferenceException<br/> elif
                status in ErrorCode.ELEMENT_NOT_VISIBLE:<br/> exception_class = ElementNotVisibleException<br/> elif
                status in ErrorCode.INVALID_ELEMENT_STATE:<br/> exception_class = InvalidElementStateException<br/> elif
                (<br/> status in ErrorCode.INVALID_SELECTOR<br/> or status in ErrorCode.INVALID_XPATH_SELECTOR<br/> or
                status in ErrorCode.INVALID_XPATH_SELECTOR_RETURN_TYPER<br/> ):<br/> exception_class =
                InvalidSelectorException<br/> elif status in ErrorCode.ELEMENT_IS_NOT_SELECTABLE:<br/> exception_class =
                ElementNotSelectableException<br/> elif status in ErrorCode.ELEMENT_NOT_INTERACTABLE:<br/>
                exception_class = ElementNotInteractableException<br/> elif status in
                ErrorCode.INVALID_COOKIE_DOMAIN:<br/> exception_class = InvalidCookieDomainException<br/> elif status in
                ErrorCode.UNABLE_TO_SET_COOKIE:<br/> exception_class = UnableToSetCookieException<br/> elif status in
                ErrorCode.TIMEOUT:<br/> exception_class = TimeoutException<br/> elif status in ErrorCode.SCRIPT_TIMEOUT:<br/>
                exception_class = TimeoutException<br/> elif status in ErrorCode.UNKNOWN_ERROR:<br/> exception_class =
                WebDriverException<br/> elif status in ErrorCode.UNEXPECTED_ALERT_OPEN:<br/> exception_class =
                UnexpectedAlertPresentException<br/> elif status in ErrorCode.NO_ALERT_OPEN:<br/> exception_class =
                NoAlertPresentException<br/> elif status in ErrorCode.IME_NOT_AVAILABLE:<br/> exception_class =
                ImeNotAvailableException<br/> elif status in ErrorCode.IME_ENGINE_ACTIVATION_FAILED:<br/>
                exception_class = ImeActivationFailedException<br/> elif status in
                ErrorCode.MOVE_TARGET_OUT_OF_BOUNDS:<br/> exception_class = MoveTargetOutOfBoundsException<br/> elif
                status in ErrorCode.JAVASCRIPT_ERROR:<br/> exception_class = JavascriptException<br/> elif status in
                ErrorCode.SESSION_NOT_CREATED:<br/> exception_class = SessionNotCreatedException<br/> elif status in
                ErrorCode.INVALID_ARGUMENT:<br/> exception_class = InvalidArgumentException<br/> elif status in
                ErrorCode.NO_SUCH_COOKIE:<br/> exception_class = NoSuchCookieException<br/> elif status in
                ErrorCode.UNABLE_TO_CAPTURE_SCREEN:<br/> exception_class = ScreenshotException<br/> elif status in
                ErrorCode.ELEMENT_CLICK_INTERCEPTED:<br/> exception_class = ElementClickInterceptedException<br/> elif
                status in ErrorCode.INSECURE_CERTIFICATE:<br/> exception_class = InsecureCertificateException<br/> elif
                status in ErrorCode.INVALID_COORDINATES:<br/> exception_class = InvalidCoordinatesException<br/> elif
                status in ErrorCode.INVALID_SESSION_ID:<br/> exception_class = InvalidSessionIdException<br/> elif
                status in ErrorCode.UNKNOWN_METHOD:<br/> exception_class = UnknownMethodException<br/> else:<br/>
                exception_class = WebDriverException<br/> if not value:<br/> value = response[&quot;value&quot;]<br/> if
                isinstance(value, str):<br/> raise exception_class(value)<br/> if message == &quot;&quot; and &quot;message&quot;
                in value:<br/> message = value[&quot;message&quot;]<br/> <br/> screen = None # type:
                ignore[assignment]<br/> if &quot;screen&quot; in value:<br/> screen = value[&quot;screen&quot;]<br/>
                <br/> stacktrace = None<br/> st_value = value.get(&quot;stackTrace&quot;) or value.get(&quot;stacktrace&quot;)<br/>
                if st_value:<br/> if isinstance(st_value, str):<br/> stacktrace = st_value.split(&quot;\n&quot;)<br/>
                else:<br/> stacktrace = []<br/> try:<br/> for frame in st_value:<br/> line = frame.get(&quot;lineNumber&quot;,
                &quot;&quot;)<br/> file = frame.get(&quot;fileName&quot;, &quot;&lt;anonymous&gt;&quot;)<br/> if
                line:<br/> file = f&quot;{file}:{line}&quot;<br/> meth = frame.get(&quot;methodName&quot;, &quot;&lt;anonymous&gt;&quot;)<br/>
                if &quot;className&quot; in frame:<br/> meth = f&quot;{frame[&#x27;className&#x27;]}.{meth}&quot;<br/>
                msg = &quot; at %s (%s)&quot;<br/> msg = msg % (meth, file)<br/> stacktrace.append(msg)<br/> except
                TypeError:<br/> pass<br/> if exception_class == UnexpectedAlertPresentException:<br/> alert_text =
                None<br/> if &quot;data&quot; in value:<br/> alert_text =
                value[&quot;data&quot;].get(&quot;text&quot;)<br/> elif &quot;alert&quot; in value:<br/> alert_text =
                value[&quot;alert&quot;].get(&quot;text&quot;)<br/> raise exception_class(message, screen, stacktrace,
                alert_text) # type: ignore[call-arg] # mypy is not smart enough here<br/>&gt; raise
                exception_class(message, screen, stacktrace)<br/><span class="error">E       selenium.common.exceptions.ElementClickInterceptedException: Message: element click intercepted: Element &lt;a _ngcontent-universal-cli-c117=&quot;&quot; class=&quot;nav-link ng-star-inserted&quot; href=&quot;/login&quot;&gt;...&lt;/a&gt; is not clickable at point (1030, 34). Other element would receive the click: &lt;div _ngcontent-universal-cli-c124=&quot;&quot; class=&quot;loader ng-star-inserted&quot;&gt;...&lt;/div&gt;</span><br/><span
                        class="error">E         (Session info: chrome=117.0.5938.132)</span><br/><span class="error">E       Stacktrace:</span><br/><span
                        class="error">E       	GetHandleVerifier [0x0030CEB3+45171]</span><br/><span class="error">E       	(No symbol) [0x00299101]</span><br/><span
                        class="error">E       	(No symbol) [0x0018BE1D]</span><br/><span class="error">E       	(No symbol) [0x001C3B91]</span><br/><span
                        class="error">E       	(No symbol) [0x001C268F]</span><br/><span class="error">E       	(No symbol) [0x001C0C7B]</span><br/><span
                        class="error">E       	(No symbol) [0x001C0015]</span><br/><span class="error">E       	(No symbol) [0x001B856A]</span><br/><span
                        class="error">E       	(No symbol) [0x001DB04C]</span><br/><span class="error">E       	(No symbol) [0x001B7FA6]</span><br/><span
                        class="error">E       	(No symbol) [0x001DB2C4]</span><br/><span class="error">E       	(No symbol) [0x001EDCFA]</span><br/><span
                        class="error">E       	(No symbol) [0x001DAE46]</span><br/><span class="error">E       	(No symbol) [0x001B675E]</span><br/><span
                        class="error">E       	(No symbol) [0x001B78FD]</span><br/><span class="error">E       	GetHandleVerifier [0x005C54B9+2897529]</span><br/><span
                        class="error">E       	GetHandleVerifier [0x0060DC6B+3194411]</span><br/><span class="error">E       	GetHandleVerifier [0x00607A41+3169281]</span><br/><span
                        class="error">E       	GetHandleVerifier [0x00396130+606960]</span><br/><span class="error">E       	(No symbol) [0x002A2E7C]</span><br/><span
                        class="error">E       	(No symbol) [0x0029F008]</span><br/><span class="error">E       	(No symbol) [0x0029F12F]</span><br/><span
                        class="error">E       	(No symbol) [0x00291827]</span><br/><span class="error">E       	BaseThreadInitThunk [0x7555FCC9+25]</span><br/><span
                        class="error">E       	RtlGetAppContainerNamedObjectPath [0x77657B1E+286]</span><br/><span
                        class="error">E       	RtlGetAppContainerNamedObjectPath [0x77657AEE+238]</span><br/><span
                        class="error">E       	(No symbol) [0x00000000]</span><br/><br/>..\..\AppData\Local\Packages\PythonSoftwareFoundation.Python.3.10_qbz5n2kfra8p0\LocalCache\local-packages\Python310\site-packages\selenium\webdriver\remote\errorhandler.py:245:
                ElementClickInterceptedException<br/></div>
        </td>
    </tr>
    </tbody>
    <tbody class="failed results-table-row">
    <tr>
        <td class="col-result">Failed</td>
        <td class="col-name">Test/test_change_password.py::Test_change_password::test_change_password_d[chrome]</td>
        <td class="col-duration">1.14</td>
        <td class="col-links"></td>
    </tr>
    <tr>
        <td class="extra" colspan="4">
            <div class="log">self = &lt;Test.test_change_password.Test_change_password object at
                0x000001873B8F8AC0&gt;<br/>request = &lt;FixtureRequest for &lt;Function test_change_password_d[chrome]&gt;&gt;<br/><br/>
                @pytest.mark.changepassword<br/> @pytest.mark.alltest<br/> # test change password functionality with
                enter diffrent password into new password and confirm password<br/> def test_change_password_d(self,
                request):<br/> self.login = LoginPage(self.driver)<br/>&gt; self.login.login(BasePage.COUPLE_EMAIL,
                BasePage.AUTOMATION_PASSWORD)<br/><br/>Test\test_change_password.py:124: <br/>_ _ _ _ _ _ _ _ _ _ _ _ _
                _ _ _ _ _ _ _ _ _ _ _ _ _ _ _ _ _ _ _ _ _ _ _ _ _ _ _<br/>Pages\LoginPage.py:15: in login<br/>
                self.click_element(BasePage.LOGIN_ICON)<br/>Pages\BasePage.py:233: in click_element<br/>
                WebDriverWait(self.driver, 20).until(EC.visibility_of_element_located(by_locator)).click()<br/>..\..\AppData\Local\Packages\PythonSoftwareFoundation.Python.3.10_qbz5n2kfra8p0\LocalCache\local-packages\Python310\site-packages\selenium\webdriver\remote\webelement.py:94:
                in click<br/> self._execute(Command.CLICK_ELEMENT)<br/>..\..\AppData\Local\Packages\PythonSoftwareFoundation.Python.3.10_qbz5n2kfra8p0\LocalCache\local-packages\Python310\site-packages\selenium\webdriver\remote\webelement.py:403:
                in _execute<br/> return self._parent.execute(command, params)<br/>..\..\AppData\Local\Packages\PythonSoftwareFoundation.Python.3.10_qbz5n2kfra8p0\LocalCache\local-packages\Python310\site-packages\selenium\webdriver\remote\webdriver.py:440:
                in execute<br/> self.error_handler.check_response(response)<br/>_ _ _ _ _ _ _ _ _ _ _ _ _ _ _ _ _ _ _ _
                _ _ _ _ _ _ _ _ _ _ _ _ _ _ _ _ _ _ _ _<br/><br/>self = &lt;selenium.webdriver.remote.errorhandler.ErrorHandler
                object at 0x000001873BC82350&gt;<br/>response = {&#x27;status&#x27;: 400, &#x27;value&#x27;: &#x27;{&quot;value&quot;:{&quot;error&quot;:&quot;element
                click intercepted&quot;,&quot;message&quot;:&quot;element click intercepted: Element ...jectPath
                [0x77657B1E+286]\\n\\tRtlGetAppContainerNamedObjectPath [0x77657AEE+238]\\n\\t(No symbol)
                [0x00000000]\\n&quot;}}&#x27;}<br/><br/> def check_response(self, response: Dict[str, Any]) -&gt;
                None:<br/> &quot;&quot;&quot;Checks that a JSON response from the WebDriver does not have an<br/> error.<br/>
                <br/> :Args:<br/> - response - The JSON response from the WebDriver server as a dictionary<br/>
                object.<br/> <br/> :Raises: If the response contains an error message.<br/> &quot;&quot;&quot;<br/>
                status = response.get(&quot;status&quot;, None)<br/> if not status or status == ErrorCode.SUCCESS:<br/>
                return<br/> value = None<br/> message = response.get(&quot;message&quot;, &quot;&quot;)<br/> screen: str
                = response.get(&quot;screen&quot;, &quot;&quot;)<br/> stacktrace = None<br/> if isinstance(status, int):<br/>
                value_json = response.get(&quot;value&quot;, None)<br/> if value_json and isinstance(value_json,
                str):<br/> import json<br/> <br/> try:<br/> value = json.loads(value_json)<br/> if len(value) == 1:<br/>
                value = value[&quot;value&quot;]<br/> status = value.get(&quot;error&quot;, None)<br/> if not
                status:<br/> status = value.get(&quot;status&quot;, ErrorCode.UNKNOWN_ERROR)<br/> message = value.get(&quot;value&quot;)
                or value.get(&quot;message&quot;)<br/> if not isinstance(message, str):<br/> value = message<br/>
                message = message.get(&quot;message&quot;)<br/> else:<br/> message = value.get(&quot;message&quot;,
                None)<br/> except ValueError:<br/> pass<br/> <br/> exception_class: Type[WebDriverException]<br/> if
                status in ErrorCode.NO_SUCH_ELEMENT:<br/> exception_class = NoSuchElementException<br/> elif status in
                ErrorCode.NO_SUCH_FRAME:<br/> exception_class = NoSuchFrameException<br/> elif status in
                ErrorCode.NO_SUCH_SHADOW_ROOT:<br/> exception_class = NoSuchShadowRootException<br/> elif status in
                ErrorCode.NO_SUCH_WINDOW:<br/> exception_class = NoSuchWindowException<br/> elif status in
                ErrorCode.STALE_ELEMENT_REFERENCE:<br/> exception_class = StaleElementReferenceException<br/> elif
                status in ErrorCode.ELEMENT_NOT_VISIBLE:<br/> exception_class = ElementNotVisibleException<br/> elif
                status in ErrorCode.INVALID_ELEMENT_STATE:<br/> exception_class = InvalidElementStateException<br/> elif
                (<br/> status in ErrorCode.INVALID_SELECTOR<br/> or status in ErrorCode.INVALID_XPATH_SELECTOR<br/> or
                status in ErrorCode.INVALID_XPATH_SELECTOR_RETURN_TYPER<br/> ):<br/> exception_class =
                InvalidSelectorException<br/> elif status in ErrorCode.ELEMENT_IS_NOT_SELECTABLE:<br/> exception_class =
                ElementNotSelectableException<br/> elif status in ErrorCode.ELEMENT_NOT_INTERACTABLE:<br/>
                exception_class = ElementNotInteractableException<br/> elif status in
                ErrorCode.INVALID_COOKIE_DOMAIN:<br/> exception_class = InvalidCookieDomainException<br/> elif status in
                ErrorCode.UNABLE_TO_SET_COOKIE:<br/> exception_class = UnableToSetCookieException<br/> elif status in
                ErrorCode.TIMEOUT:<br/> exception_class = TimeoutException<br/> elif status in ErrorCode.SCRIPT_TIMEOUT:<br/>
                exception_class = TimeoutException<br/> elif status in ErrorCode.UNKNOWN_ERROR:<br/> exception_class =
                WebDriverException<br/> elif status in ErrorCode.UNEXPECTED_ALERT_OPEN:<br/> exception_class =
                UnexpectedAlertPresentException<br/> elif status in ErrorCode.NO_ALERT_OPEN:<br/> exception_class =
                NoAlertPresentException<br/> elif status in ErrorCode.IME_NOT_AVAILABLE:<br/> exception_class =
                ImeNotAvailableException<br/> elif status in ErrorCode.IME_ENGINE_ACTIVATION_FAILED:<br/>
                exception_class = ImeActivationFailedException<br/> elif status in
                ErrorCode.MOVE_TARGET_OUT_OF_BOUNDS:<br/> exception_class = MoveTargetOutOfBoundsException<br/> elif
                status in ErrorCode.JAVASCRIPT_ERROR:<br/> exception_class = JavascriptException<br/> elif status in
                ErrorCode.SESSION_NOT_CREATED:<br/> exception_class = SessionNotCreatedException<br/> elif status in
                ErrorCode.INVALID_ARGUMENT:<br/> exception_class = InvalidArgumentException<br/> elif status in
                ErrorCode.NO_SUCH_COOKIE:<br/> exception_class = NoSuchCookieException<br/> elif status in
                ErrorCode.UNABLE_TO_CAPTURE_SCREEN:<br/> exception_class = ScreenshotException<br/> elif status in
                ErrorCode.ELEMENT_CLICK_INTERCEPTED:<br/> exception_class = ElementClickInterceptedException<br/> elif
                status in ErrorCode.INSECURE_CERTIFICATE:<br/> exception_class = InsecureCertificateException<br/> elif
                status in ErrorCode.INVALID_COORDINATES:<br/> exception_class = InvalidCoordinatesException<br/> elif
                status in ErrorCode.INVALID_SESSION_ID:<br/> exception_class = InvalidSessionIdException<br/> elif
                status in ErrorCode.UNKNOWN_METHOD:<br/> exception_class = UnknownMethodException<br/> else:<br/>
                exception_class = WebDriverException<br/> if not value:<br/> value = response[&quot;value&quot;]<br/> if
                isinstance(value, str):<br/> raise exception_class(value)<br/> if message == &quot;&quot; and &quot;message&quot;
                in value:<br/> message = value[&quot;message&quot;]<br/> <br/> screen = None # type:
                ignore[assignment]<br/> if &quot;screen&quot; in value:<br/> screen = value[&quot;screen&quot;]<br/>
                <br/> stacktrace = None<br/> st_value = value.get(&quot;stackTrace&quot;) or value.get(&quot;stacktrace&quot;)<br/>
                if st_value:<br/> if isinstance(st_value, str):<br/> stacktrace = st_value.split(&quot;\n&quot;)<br/>
                else:<br/> stacktrace = []<br/> try:<br/> for frame in st_value:<br/> line = frame.get(&quot;lineNumber&quot;,
                &quot;&quot;)<br/> file = frame.get(&quot;fileName&quot;, &quot;&lt;anonymous&gt;&quot;)<br/> if
                line:<br/> file = f&quot;{file}:{line}&quot;<br/> meth = frame.get(&quot;methodName&quot;, &quot;&lt;anonymous&gt;&quot;)<br/>
                if &quot;className&quot; in frame:<br/> meth = f&quot;{frame[&#x27;className&#x27;]}.{meth}&quot;<br/>
                msg = &quot; at %s (%s)&quot;<br/> msg = msg % (meth, file)<br/> stacktrace.append(msg)<br/> except
                TypeError:<br/> pass<br/> if exception_class == UnexpectedAlertPresentException:<br/> alert_text =
                None<br/> if &quot;data&quot; in value:<br/> alert_text =
                value[&quot;data&quot;].get(&quot;text&quot;)<br/> elif &quot;alert&quot; in value:<br/> alert_text =
                value[&quot;alert&quot;].get(&quot;text&quot;)<br/> raise exception_class(message, screen, stacktrace,
                alert_text) # type: ignore[call-arg] # mypy is not smart enough here<br/>&gt; raise
                exception_class(message, screen, stacktrace)<br/><span class="error">E       selenium.common.exceptions.ElementClickInterceptedException: Message: element click intercepted: Element &lt;a _ngcontent-universal-cli-c117=&quot;&quot; class=&quot;nav-link ng-star-inserted&quot; href=&quot;/login&quot;&gt;...&lt;/a&gt; is not clickable at point (1030, 34). Other element would receive the click: &lt;div _ngcontent-universal-cli-c124=&quot;&quot; class=&quot;loader ng-star-inserted&quot;&gt;...&lt;/div&gt;</span><br/><span
                        class="error">E         (Session info: chrome=117.0.5938.132)</span><br/><span class="error">E       Stacktrace:</span><br/><span
                        class="error">E       	GetHandleVerifier [0x0030CEB3+45171]</span><br/><span class="error">E       	(No symbol) [0x00299101]</span><br/><span
                        class="error">E       	(No symbol) [0x0018BE1D]</span><br/><span class="error">E       	(No symbol) [0x001C3B91]</span><br/><span
                        class="error">E       	(No symbol) [0x001C268F]</span><br/><span class="error">E       	(No symbol) [0x001C0C7B]</span><br/><span
                        class="error">E       	(No symbol) [0x001C0015]</span><br/><span class="error">E       	(No symbol) [0x001B856A]</span><br/><span
                        class="error">E       	(No symbol) [0x001DB04C]</span><br/><span class="error">E       	(No symbol) [0x001B7FA6]</span><br/><span
                        class="error">E       	(No symbol) [0x001DB2C4]</span><br/><span class="error">E       	(No symbol) [0x001EDCFA]</span><br/><span
                        class="error">E       	(No symbol) [0x001DAE46]</span><br/><span class="error">E       	(No symbol) [0x001B675E]</span><br/><span
                        class="error">E       	(No symbol) [0x001B78FD]</span><br/><span class="error">E       	GetHandleVerifier [0x005C54B9+2897529]</span><br/><span
                        class="error">E       	GetHandleVerifier [0x0060DC6B+3194411]</span><br/><span class="error">E       	GetHandleVerifier [0x00607A41+3169281]</span><br/><span
                        class="error">E       	GetHandleVerifier [0x00396130+606960]</span><br/><span class="error">E       	(No symbol) [0x002A2E7C]</span><br/><span
                        class="error">E       	(No symbol) [0x0029F008]</span><br/><span class="error">E       	(No symbol) [0x0029F12F]</span><br/><span
                        class="error">E       	(No symbol) [0x00291827]</span><br/><span class="error">E       	BaseThreadInitThunk [0x7555FCC9+25]</span><br/><span
                        class="error">E       	RtlGetAppContainerNamedObjectPath [0x77657B1E+286]</span><br/><span
                        class="error">E       	RtlGetAppContainerNamedObjectPath [0x77657AEE+238]</span><br/><span
                        class="error">E       	(No symbol) [0x00000000]</span><br/><br/>..\..\AppData\Local\Packages\PythonSoftwareFoundation.Python.3.10_qbz5n2kfra8p0\LocalCache\local-packages\Python310\site-packages\selenium\webdriver\remote\errorhandler.py:245:
                ElementClickInterceptedException<br/></div>
        </td>
    </tr>
    </tbody>
    <tbody class="failed results-table-row">
    <tr>
        <td class="col-result">Failed</td>
        <td class="col-name">Test/test_change_password.py::Test_change_password::test_change_password_e[chrome]</td>
        <td class="col-duration">1.13</td>
        <td class="col-links"></td>
    </tr>
    <tr>
        <td class="extra" colspan="4">
            <div class="log">self = &lt;Test.test_change_password.Test_change_password object at
                0x000001873B8F8C40&gt;<br/>request = &lt;FixtureRequest for &lt;Function test_change_password_e[chrome]&gt;&gt;<br/><br/>
                @pytest.mark.changepassword<br/> @pytest.mark.alltest<br/> # ----------------------------------test
                password combination------------------------------<br/> def test_change_password_e(self, request):<br/>
                self.login = LoginPage(self.driver)<br/>&gt; self.login.login(BasePage.COUPLE_EMAIL,
                BasePage.AUTOMATION_PASSWORD)<br/><br/>Test\test_change_password.py:156: <br/>_ _ _ _ _ _ _ _ _ _ _ _ _
                _ _ _ _ _ _ _ _ _ _ _ _ _ _ _ _ _ _ _ _ _ _ _ _ _ _ _<br/>Pages\LoginPage.py:15: in login<br/>
                self.click_element(BasePage.LOGIN_ICON)<br/>Pages\BasePage.py:233: in click_element<br/>
                WebDriverWait(self.driver, 20).until(EC.visibility_of_element_located(by_locator)).click()<br/>..\..\AppData\Local\Packages\PythonSoftwareFoundation.Python.3.10_qbz5n2kfra8p0\LocalCache\local-packages\Python310\site-packages\selenium\webdriver\remote\webelement.py:94:
                in click<br/> self._execute(Command.CLICK_ELEMENT)<br/>..\..\AppData\Local\Packages\PythonSoftwareFoundation.Python.3.10_qbz5n2kfra8p0\LocalCache\local-packages\Python310\site-packages\selenium\webdriver\remote\webelement.py:403:
                in _execute<br/> return self._parent.execute(command, params)<br/>..\..\AppData\Local\Packages\PythonSoftwareFoundation.Python.3.10_qbz5n2kfra8p0\LocalCache\local-packages\Python310\site-packages\selenium\webdriver\remote\webdriver.py:440:
                in execute<br/> self.error_handler.check_response(response)<br/>_ _ _ _ _ _ _ _ _ _ _ _ _ _ _ _ _ _ _ _
                _ _ _ _ _ _ _ _ _ _ _ _ _ _ _ _ _ _ _ _<br/><br/>self = &lt;selenium.webdriver.remote.errorhandler.ErrorHandler
                object at 0x000001873BC82350&gt;<br/>response = {&#x27;status&#x27;: 400, &#x27;value&#x27;: &#x27;{&quot;value&quot;:{&quot;error&quot;:&quot;element
                click intercepted&quot;,&quot;message&quot;:&quot;element click intercepted: Element ...jectPath
                [0x77657B1E+286]\\n\\tRtlGetAppContainerNamedObjectPath [0x77657AEE+238]\\n\\t(No symbol)
                [0x00000000]\\n&quot;}}&#x27;}<br/><br/> def check_response(self, response: Dict[str, Any]) -&gt;
                None:<br/> &quot;&quot;&quot;Checks that a JSON response from the WebDriver does not have an<br/> error.<br/>
                <br/> :Args:<br/> - response - The JSON response from the WebDriver server as a dictionary<br/>
                object.<br/> <br/> :Raises: If the response contains an error message.<br/> &quot;&quot;&quot;<br/>
                status = response.get(&quot;status&quot;, None)<br/> if not status or status == ErrorCode.SUCCESS:<br/>
                return<br/> value = None<br/> message = response.get(&quot;message&quot;, &quot;&quot;)<br/> screen: str
                = response.get(&quot;screen&quot;, &quot;&quot;)<br/> stacktrace = None<br/> if isinstance(status, int):<br/>
                value_json = response.get(&quot;value&quot;, None)<br/> if value_json and isinstance(value_json,
                str):<br/> import json<br/> <br/> try:<br/> value = json.loads(value_json)<br/> if len(value) == 1:<br/>
                value = value[&quot;value&quot;]<br/> status = value.get(&quot;error&quot;, None)<br/> if not
                status:<br/> status = value.get(&quot;status&quot;, ErrorCode.UNKNOWN_ERROR)<br/> message = value.get(&quot;value&quot;)
                or value.get(&quot;message&quot;)<br/> if not isinstance(message, str):<br/> value = message<br/>
                message = message.get(&quot;message&quot;)<br/> else:<br/> message = value.get(&quot;message&quot;,
                None)<br/> except ValueError:<br/> pass<br/> <br/> exception_class: Type[WebDriverException]<br/> if
                status in ErrorCode.NO_SUCH_ELEMENT:<br/> exception_class = NoSuchElementException<br/> elif status in
                ErrorCode.NO_SUCH_FRAME:<br/> exception_class = NoSuchFrameException<br/> elif status in
                ErrorCode.NO_SUCH_SHADOW_ROOT:<br/> exception_class = NoSuchShadowRootException<br/> elif status in
                ErrorCode.NO_SUCH_WINDOW:<br/> exception_class = NoSuchWindowException<br/> elif status in
                ErrorCode.STALE_ELEMENT_REFERENCE:<br/> exception_class = StaleElementReferenceException<br/> elif
                status in ErrorCode.ELEMENT_NOT_VISIBLE:<br/> exception_class = ElementNotVisibleException<br/> elif
                status in ErrorCode.INVALID_ELEMENT_STATE:<br/> exception_class = InvalidElementStateException<br/> elif
                (<br/> status in ErrorCode.INVALID_SELECTOR<br/> or status in ErrorCode.INVALID_XPATH_SELECTOR<br/> or
                status in ErrorCode.INVALID_XPATH_SELECTOR_RETURN_TYPER<br/> ):<br/> exception_class =
                InvalidSelectorException<br/> elif status in ErrorCode.ELEMENT_IS_NOT_SELECTABLE:<br/> exception_class =
                ElementNotSelectableException<br/> elif status in ErrorCode.ELEMENT_NOT_INTERACTABLE:<br/>
                exception_class = ElementNotInteractableException<br/> elif status in
                ErrorCode.INVALID_COOKIE_DOMAIN:<br/> exception_class = InvalidCookieDomainException<br/> elif status in
                ErrorCode.UNABLE_TO_SET_COOKIE:<br/> exception_class = UnableToSetCookieException<br/> elif status in
                ErrorCode.TIMEOUT:<br/> exception_class = TimeoutException<br/> elif status in ErrorCode.SCRIPT_TIMEOUT:<br/>
                exception_class = TimeoutException<br/> elif status in ErrorCode.UNKNOWN_ERROR:<br/> exception_class =
                WebDriverException<br/> elif status in ErrorCode.UNEXPECTED_ALERT_OPEN:<br/> exception_class =
                UnexpectedAlertPresentException<br/> elif status in ErrorCode.NO_ALERT_OPEN:<br/> exception_class =
                NoAlertPresentException<br/> elif status in ErrorCode.IME_NOT_AVAILABLE:<br/> exception_class =
                ImeNotAvailableException<br/> elif status in ErrorCode.IME_ENGINE_ACTIVATION_FAILED:<br/>
                exception_class = ImeActivationFailedException<br/> elif status in
                ErrorCode.MOVE_TARGET_OUT_OF_BOUNDS:<br/> exception_class = MoveTargetOutOfBoundsException<br/> elif
                status in ErrorCode.JAVASCRIPT_ERROR:<br/> exception_class = JavascriptException<br/> elif status in
                ErrorCode.SESSION_NOT_CREATED:<br/> exception_class = SessionNotCreatedException<br/> elif status in
                ErrorCode.INVALID_ARGUMENT:<br/> exception_class = InvalidArgumentException<br/> elif status in
                ErrorCode.NO_SUCH_COOKIE:<br/> exception_class = NoSuchCookieException<br/> elif status in
                ErrorCode.UNABLE_TO_CAPTURE_SCREEN:<br/> exception_class = ScreenshotException<br/> elif status in
                ErrorCode.ELEMENT_CLICK_INTERCEPTED:<br/> exception_class = ElementClickInterceptedException<br/> elif
                status in ErrorCode.INSECURE_CERTIFICATE:<br/> exception_class = InsecureCertificateException<br/> elif
                status in ErrorCode.INVALID_COORDINATES:<br/> exception_class = InvalidCoordinatesException<br/> elif
                status in ErrorCode.INVALID_SESSION_ID:<br/> exception_class = InvalidSessionIdException<br/> elif
                status in ErrorCode.UNKNOWN_METHOD:<br/> exception_class = UnknownMethodException<br/> else:<br/>
                exception_class = WebDriverException<br/> if not value:<br/> value = response[&quot;value&quot;]<br/> if
                isinstance(value, str):<br/> raise exception_class(value)<br/> if message == &quot;&quot; and &quot;message&quot;
                in value:<br/> message = value[&quot;message&quot;]<br/> <br/> screen = None # type:
                ignore[assignment]<br/> if &quot;screen&quot; in value:<br/> screen = value[&quot;screen&quot;]<br/>
                <br/> stacktrace = None<br/> st_value = value.get(&quot;stackTrace&quot;) or value.get(&quot;stacktrace&quot;)<br/>
                if st_value:<br/> if isinstance(st_value, str):<br/> stacktrace = st_value.split(&quot;\n&quot;)<br/>
                else:<br/> stacktrace = []<br/> try:<br/> for frame in st_value:<br/> line = frame.get(&quot;lineNumber&quot;,
                &quot;&quot;)<br/> file = frame.get(&quot;fileName&quot;, &quot;&lt;anonymous&gt;&quot;)<br/> if
                line:<br/> file = f&quot;{file}:{line}&quot;<br/> meth = frame.get(&quot;methodName&quot;, &quot;&lt;anonymous&gt;&quot;)<br/>
                if &quot;className&quot; in frame:<br/> meth = f&quot;{frame[&#x27;className&#x27;]}.{meth}&quot;<br/>
                msg = &quot; at %s (%s)&quot;<br/> msg = msg % (meth, file)<br/> stacktrace.append(msg)<br/> except
                TypeError:<br/> pass<br/> if exception_class == UnexpectedAlertPresentException:<br/> alert_text =
                None<br/> if &quot;data&quot; in value:<br/> alert_text =
                value[&quot;data&quot;].get(&quot;text&quot;)<br/> elif &quot;alert&quot; in value:<br/> alert_text =
                value[&quot;alert&quot;].get(&quot;text&quot;)<br/> raise exception_class(message, screen, stacktrace,
                alert_text) # type: ignore[call-arg] # mypy is not smart enough here<br/>&gt; raise
                exception_class(message, screen, stacktrace)<br/><span class="error">E       selenium.common.exceptions.ElementClickInterceptedException: Message: element click intercepted: Element &lt;a _ngcontent-universal-cli-c117=&quot;&quot; class=&quot;nav-link ng-star-inserted&quot; href=&quot;/login&quot;&gt;...&lt;/a&gt; is not clickable at point (1030, 34). Other element would receive the click: &lt;div _ngcontent-universal-cli-c124=&quot;&quot; class=&quot;loader ng-star-inserted&quot;&gt;...&lt;/div&gt;</span><br/><span
                        class="error">E         (Session info: chrome=117.0.5938.132)</span><br/><span class="error">E       Stacktrace:</span><br/><span
                        class="error">E       	GetHandleVerifier [0x0030CEB3+45171]</span><br/><span class="error">E       	(No symbol) [0x00299101]</span><br/><span
                        class="error">E       	(No symbol) [0x0018BE1D]</span><br/><span class="error">E       	(No symbol) [0x001C3B91]</span><br/><span
                        class="error">E       	(No symbol) [0x001C268F]</span><br/><span class="error">E       	(No symbol) [0x001C0C7B]</span><br/><span
                        class="error">E       	(No symbol) [0x001C0015]</span><br/><span class="error">E       	(No symbol) [0x001B856A]</span><br/><span
                        class="error">E       	(No symbol) [0x001DB04C]</span><br/><span class="error">E       	(No symbol) [0x001B7FA6]</span><br/><span
                        class="error">E       	(No symbol) [0x001DB2C4]</span><br/><span class="error">E       	(No symbol) [0x001EDCFA]</span><br/><span
                        class="error">E       	(No symbol) [0x001DAE46]</span><br/><span class="error">E       	(No symbol) [0x001B675E]</span><br/><span
                        class="error">E       	(No symbol) [0x001B78FD]</span><br/><span class="error">E       	GetHandleVerifier [0x005C54B9+2897529]</span><br/><span
                        class="error">E       	GetHandleVerifier [0x0060DC6B+3194411]</span><br/><span class="error">E       	GetHandleVerifier [0x00607A41+3169281]</span><br/><span
                        class="error">E       	GetHandleVerifier [0x00396130+606960]</span><br/><span class="error">E       	(No symbol) [0x002A2E7C]</span><br/><span
                        class="error">E       	(No symbol) [0x0029F008]</span><br/><span class="error">E       	(No symbol) [0x0029F12F]</span><br/><span
                        class="error">E       	(No symbol) [0x00291827]</span><br/><span class="error">E       	BaseThreadInitThunk [0x7555FCC9+25]</span><br/><span
                        class="error">E       	RtlGetAppContainerNamedObjectPath [0x77657B1E+286]</span><br/><span
                        class="error">E       	RtlGetAppContainerNamedObjectPath [0x77657AEE+238]</span><br/><span
                        class="error">E       	(No symbol) [0x00000000]</span><br/><br/>..\..\AppData\Local\Packages\PythonSoftwareFoundation.Python.3.10_qbz5n2kfra8p0\LocalCache\local-packages\Python310\site-packages\selenium\webdriver\remote\errorhandler.py:245:
                ElementClickInterceptedException<br/></div>
        </td>
    </tr>
    </tbody>
    <tbody class="failed results-table-row">
    <tr>
        <td class="col-result">Failed</td>
        <td class="col-name">Test/test_change_password.py::Test_change_password::test_change_password_f[chrome]</td>
        <td class="col-duration">3.38</td>
        <td class="col-links"></td>
    </tr>
    <tr>
        <td class="extra" colspan="4">
            <div class="log">self = &lt;Test.test_change_password.Test_change_password object at
                0x000001873B8F8DC0&gt;<br/>request = &lt;FixtureRequest for &lt;Function test_change_password_f[chrome]&gt;&gt;<br/><br/>
                @pytest.mark.changepassword<br/> @pytest.mark.alltest<br/> @pytest.mark.regression<br/> # ----------test
                change password functionality with valid information----------------<br/> def
                test_change_password_f(self, request):<br/> self.login = LoginPage(self.driver)<br/>&gt;
                self.login.login(BasePage.COUPLE_EMAIL, BasePage.AUTOMATION_PASSWORD)<br/><br/>Test\test_change_password.py:194:
                <br/>_ _ _ _ _ _ _ _ _ _ _ _ _ _ _ _ _ _ _ _ _ _ _ _ _ _ _ _ _ _ _ _ _ _ _ _ _ _ _ _<br/>Pages\LoginPage.py:15:
                in login<br/> self.click_element(BasePage.LOGIN_ICON)<br/>Pages\BasePage.py:233: in click_element<br/>
                WebDriverWait(self.driver, 20).until(EC.visibility_of_element_located(by_locator)).click()<br/>..\..\AppData\Local\Packages\PythonSoftwareFoundation.Python.3.10_qbz5n2kfra8p0\LocalCache\local-packages\Python310\site-packages\selenium\webdriver\remote\webelement.py:94:
                in click<br/> self._execute(Command.CLICK_ELEMENT)<br/>..\..\AppData\Local\Packages\PythonSoftwareFoundation.Python.3.10_qbz5n2kfra8p0\LocalCache\local-packages\Python310\site-packages\selenium\webdriver\remote\webelement.py:403:
                in _execute<br/> return self._parent.execute(command, params)<br/>..\..\AppData\Local\Packages\PythonSoftwareFoundation.Python.3.10_qbz5n2kfra8p0\LocalCache\local-packages\Python310\site-packages\selenium\webdriver\remote\webdriver.py:440:
                in execute<br/> self.error_handler.check_response(response)<br/>_ _ _ _ _ _ _ _ _ _ _ _ _ _ _ _ _ _ _ _
                _ _ _ _ _ _ _ _ _ _ _ _ _ _ _ _ _ _ _ _<br/><br/>self = &lt;selenium.webdriver.remote.errorhandler.ErrorHandler
                object at 0x000001873BC82350&gt;<br/>response = {&#x27;status&#x27;: 400, &#x27;value&#x27;: &#x27;{&quot;value&quot;:{&quot;error&quot;:&quot;element
                click intercepted&quot;,&quot;message&quot;:&quot;element click intercepted: Element ...jectPath
                [0x77657B1E+286]\\n\\tRtlGetAppContainerNamedObjectPath [0x77657AEE+238]\\n\\t(No symbol)
                [0x00000000]\\n&quot;}}&#x27;}<br/><br/> def check_response(self, response: Dict[str, Any]) -&gt;
                None:<br/> &quot;&quot;&quot;Checks that a JSON response from the WebDriver does not have an<br/> error.<br/>
                <br/> :Args:<br/> - response - The JSON response from the WebDriver server as a dictionary<br/>
                object.<br/> <br/> :Raises: If the response contains an error message.<br/> &quot;&quot;&quot;<br/>
                status = response.get(&quot;status&quot;, None)<br/> if not status or status == ErrorCode.SUCCESS:<br/>
                return<br/> value = None<br/> message = response.get(&quot;message&quot;, &quot;&quot;)<br/> screen: str
                = response.get(&quot;screen&quot;, &quot;&quot;)<br/> stacktrace = None<br/> if isinstance(status, int):<br/>
                value_json = response.get(&quot;value&quot;, None)<br/> if value_json and isinstance(value_json,
                str):<br/> import json<br/> <br/> try:<br/> value = json.loads(value_json)<br/> if len(value) == 1:<br/>
                value = value[&quot;value&quot;]<br/> status = value.get(&quot;error&quot;, None)<br/> if not
                status:<br/> status = value.get(&quot;status&quot;, ErrorCode.UNKNOWN_ERROR)<br/> message = value.get(&quot;value&quot;)
                or value.get(&quot;message&quot;)<br/> if not isinstance(message, str):<br/> value = message<br/>
                message = message.get(&quot;message&quot;)<br/> else:<br/> message = value.get(&quot;message&quot;,
                None)<br/> except ValueError:<br/> pass<br/> <br/> exception_class: Type[WebDriverException]<br/> if
                status in ErrorCode.NO_SUCH_ELEMENT:<br/> exception_class = NoSuchElementException<br/> elif status in
                ErrorCode.NO_SUCH_FRAME:<br/> exception_class = NoSuchFrameException<br/> elif status in
                ErrorCode.NO_SUCH_SHADOW_ROOT:<br/> exception_class = NoSuchShadowRootException<br/> elif status in
                ErrorCode.NO_SUCH_WINDOW:<br/> exception_class = NoSuchWindowException<br/> elif status in
                ErrorCode.STALE_ELEMENT_REFERENCE:<br/> exception_class = StaleElementReferenceException<br/> elif
                status in ErrorCode.ELEMENT_NOT_VISIBLE:<br/> exception_class = ElementNotVisibleException<br/> elif
                status in ErrorCode.INVALID_ELEMENT_STATE:<br/> exception_class = InvalidElementStateException<br/> elif
                (<br/> status in ErrorCode.INVALID_SELECTOR<br/> or status in ErrorCode.INVALID_XPATH_SELECTOR<br/> or
                status in ErrorCode.INVALID_XPATH_SELECTOR_RETURN_TYPER<br/> ):<br/> exception_class =
                InvalidSelectorException<br/> elif status in ErrorCode.ELEMENT_IS_NOT_SELECTABLE:<br/> exception_class =
                ElementNotSelectableException<br/> elif status in ErrorCode.ELEMENT_NOT_INTERACTABLE:<br/>
                exception_class = ElementNotInteractableException<br/> elif status in
                ErrorCode.INVALID_COOKIE_DOMAIN:<br/> exception_class = InvalidCookieDomainException<br/> elif status in
                ErrorCode.UNABLE_TO_SET_COOKIE:<br/> exception_class = UnableToSetCookieException<br/> elif status in
                ErrorCode.TIMEOUT:<br/> exception_class = TimeoutException<br/> elif status in ErrorCode.SCRIPT_TIMEOUT:<br/>
                exception_class = TimeoutException<br/> elif status in ErrorCode.UNKNOWN_ERROR:<br/> exception_class =
                WebDriverException<br/> elif status in ErrorCode.UNEXPECTED_ALERT_OPEN:<br/> exception_class =
                UnexpectedAlertPresentException<br/> elif status in ErrorCode.NO_ALERT_OPEN:<br/> exception_class =
                NoAlertPresentException<br/> elif status in ErrorCode.IME_NOT_AVAILABLE:<br/> exception_class =
                ImeNotAvailableException<br/> elif status in ErrorCode.IME_ENGINE_ACTIVATION_FAILED:<br/>
                exception_class = ImeActivationFailedException<br/> elif status in
                ErrorCode.MOVE_TARGET_OUT_OF_BOUNDS:<br/> exception_class = MoveTargetOutOfBoundsException<br/> elif
                status in ErrorCode.JAVASCRIPT_ERROR:<br/> exception_class = JavascriptException<br/> elif status in
                ErrorCode.SESSION_NOT_CREATED:<br/> exception_class = SessionNotCreatedException<br/> elif status in
                ErrorCode.INVALID_ARGUMENT:<br/> exception_class = InvalidArgumentException<br/> elif status in
                ErrorCode.NO_SUCH_COOKIE:<br/> exception_class = NoSuchCookieException<br/> elif status in
                ErrorCode.UNABLE_TO_CAPTURE_SCREEN:<br/> exception_class = ScreenshotException<br/> elif status in
                ErrorCode.ELEMENT_CLICK_INTERCEPTED:<br/> exception_class = ElementClickInterceptedException<br/> elif
                status in ErrorCode.INSECURE_CERTIFICATE:<br/> exception_class = InsecureCertificateException<br/> elif
                status in ErrorCode.INVALID_COORDINATES:<br/> exception_class = InvalidCoordinatesException<br/> elif
                status in ErrorCode.INVALID_SESSION_ID:<br/> exception_class = InvalidSessionIdException<br/> elif
                status in ErrorCode.UNKNOWN_METHOD:<br/> exception_class = UnknownMethodException<br/> else:<br/>
                exception_class = WebDriverException<br/> if not value:<br/> value = response[&quot;value&quot;]<br/> if
                isinstance(value, str):<br/> raise exception_class(value)<br/> if message == &quot;&quot; and &quot;message&quot;
                in value:<br/> message = value[&quot;message&quot;]<br/> <br/> screen = None # type:
                ignore[assignment]<br/> if &quot;screen&quot; in value:<br/> screen = value[&quot;screen&quot;]<br/>
                <br/> stacktrace = None<br/> st_value = value.get(&quot;stackTrace&quot;) or value.get(&quot;stacktrace&quot;)<br/>
                if st_value:<br/> if isinstance(st_value, str):<br/> stacktrace = st_value.split(&quot;\n&quot;)<br/>
                else:<br/> stacktrace = []<br/> try:<br/> for frame in st_value:<br/> line = frame.get(&quot;lineNumber&quot;,
                &quot;&quot;)<br/> file = frame.get(&quot;fileName&quot;, &quot;&lt;anonymous&gt;&quot;)<br/> if
                line:<br/> file = f&quot;{file}:{line}&quot;<br/> meth = frame.get(&quot;methodName&quot;, &quot;&lt;anonymous&gt;&quot;)<br/>
                if &quot;className&quot; in frame:<br/> meth = f&quot;{frame[&#x27;className&#x27;]}.{meth}&quot;<br/>
                msg = &quot; at %s (%s)&quot;<br/> msg = msg % (meth, file)<br/> stacktrace.append(msg)<br/> except
                TypeError:<br/> pass<br/> if exception_class == UnexpectedAlertPresentException:<br/> alert_text =
                None<br/> if &quot;data&quot; in value:<br/> alert_text =
                value[&quot;data&quot;].get(&quot;text&quot;)<br/> elif &quot;alert&quot; in value:<br/> alert_text =
                value[&quot;alert&quot;].get(&quot;text&quot;)<br/> raise exception_class(message, screen, stacktrace,
                alert_text) # type: ignore[call-arg] # mypy is not smart enough here<br/>&gt; raise
                exception_class(message, screen, stacktrace)<br/><span class="error">E       selenium.common.exceptions.ElementClickInterceptedException: Message: element click intercepted: Element &lt;a _ngcontent-universal-cli-c117=&quot;&quot; class=&quot;nav-link ng-star-inserted&quot; href=&quot;/login&quot;&gt;...&lt;/a&gt; is not clickable at point (1030, 34). Other element would receive the click: &lt;div _ngcontent-universal-cli-c124=&quot;&quot; class=&quot;loader ng-star-inserted&quot;&gt;...&lt;/div&gt;</span><br/><span
                        class="error">E         (Session info: chrome=117.0.5938.132)</span><br/><span class="error">E       Stacktrace:</span><br/><span
                        class="error">E       	GetHandleVerifier [0x0030CEB3+45171]</span><br/><span class="error">E       	(No symbol) [0x00299101]</span><br/><span
                        class="error">E       	(No symbol) [0x0018BE1D]</span><br/><span class="error">E       	(No symbol) [0x001C3B91]</span><br/><span
                        class="error">E       	(No symbol) [0x001C268F]</span><br/><span class="error">E       	(No symbol) [0x001C0C7B]</span><br/><span
                        class="error">E       	(No symbol) [0x001C0015]</span><br/><span class="error">E       	(No symbol) [0x001B856A]</span><br/><span
                        class="error">E       	(No symbol) [0x001DB04C]</span><br/><span class="error">E       	(No symbol) [0x001B7FA6]</span><br/><span
                        class="error">E       	(No symbol) [0x001DB2C4]</span><br/><span class="error">E       	(No symbol) [0x001EDCFA]</span><br/><span
                        class="error">E       	(No symbol) [0x001DAE46]</span><br/><span class="error">E       	(No symbol) [0x001B675E]</span><br/><span
                        class="error">E       	(No symbol) [0x001B78FD]</span><br/><span class="error">E       	GetHandleVerifier [0x005C54B9+2897529]</span><br/><span
                        class="error">E       	GetHandleVerifier [0x0060DC6B+3194411]</span><br/><span class="error">E       	GetHandleVerifier [0x00607A41+3169281]</span><br/><span
                        class="error">E       	GetHandleVerifier [0x00396130+606960]</span><br/><span class="error">E       	(No symbol) [0x002A2E7C]</span><br/><span
                        class="error">E       	(No symbol) [0x0029F008]</span><br/><span class="error">E       	(No symbol) [0x0029F12F]</span><br/><span
                        class="error">E       	(No symbol) [0x00291827]</span><br/><span class="error">E       	BaseThreadInitThunk [0x7555FCC9+25]</span><br/><span
                        class="error">E       	RtlGetAppContainerNamedObjectPath [0x77657B1E+286]</span><br/><span
                        class="error">E       	RtlGetAppContainerNamedObjectPath [0x77657AEE+238]</span><br/><span
                        class="error">E       	(No symbol) [0x00000000]</span><br/><br/>..\..\AppData\Local\Packages\PythonSoftwareFoundation.Python.3.10_qbz5n2kfra8p0\LocalCache\local-packages\Python310\site-packages\selenium\webdriver\remote\errorhandler.py:245:
                ElementClickInterceptedException<br/></div>
        </td>
    </tr>
    </tbody>
    <tbody class="failed results-table-row">
    <tr>
        <td class="col-result">Failed</td>
        <td class="col-name">Test/test_forgot_password.py::Test_forgot_password::test_forgot_password[chrome]</td>
        <td class="col-duration">46.01</td>
        <td class="col-links"></td>
    </tr>
    <tr>
        <td class="extra" colspan="4">
            <div class="log">self = &lt;Test.test_forgot_password.Test_forgot_password object at
                0x000001873B8F9AE0&gt;<br/>request = &lt;FixtureRequest for &lt;Function test_forgot_password[chrome]&gt;&gt;<br/><br/>
                @pytest.mark.forgotpassword<br/> @pytest.mark.regression<br/> @pytest.mark.alltest<br/> def
                test_forgot_password(self, request):<br/> # ----------reset password-----------<br/> self.forgot =
                Forgot_password(self.driver)<br/>&gt; self.forgot.forgot_password(newemail, apppassword,
                NewPassword)<br/><br/>Test\test_forgot_password.py:29: <br/>_ _ _ _ _ _ _ _ _ _ _ _ _ _ _ _ _ _ _ _ _ _
                _ _ _ _ _ _ _ _ _ _ _ _ _ _ _ _ _ _<br/>Pages\Forgot_Password.py:42: in forgot_password<br/>
                self.send_keys(INPUT_OTP, otp)<br/>Pages\BasePage.py:244: in send_keys<br/> WebDriverWait(self.driver,
                10).until(EC.visibility_of_element_located(by_locator)).send_keys(text)<br/>_ _ _ _ _ _ _ _ _ _ _ _ _ _
                _ _ _ _ _ _ _ _ _ _ _ _ _ _ _ _ _ _ _ _ _ _ _ _ _ _<br/><br/>self = &lt;selenium.webdriver.support.wait.WebDriverWait
                (session=&quot;df88b8602d18d238a6faf1cfb1a927d1&quot;)&gt;<br/>method = &lt;function
                visibility_of_element_located.&lt;locals&gt;._predicate at 0x000001873BDF8AF0&gt;<br/>message = &#x27;&#x27;<br/><br/>
                def until(self, method, message: str = &quot;&quot;):<br/> &quot;&quot;&quot;Calls the method provided
                with the driver as an argument until the \<br/> return value does not evaluate to ``False``.<br/> <br/>
                :param method: callable(WebDriver)<br/> :param message: optional message for
                :exc:`TimeoutException`<br/> :returns: the result of the last call to `method`<br/> :raises:
                :exc:`selenium.common.exceptions.TimeoutException` if timeout occurs<br/> &quot;&quot;&quot;<br/> screen
                = None<br/> stacktrace = None<br/> <br/> end_time = time.monotonic() + self._timeout<br/> while
                True:<br/> try:<br/> value = method(self._driver)<br/> if value:<br/> return value<br/> except
                self._ignored_exceptions as exc:<br/> screen = getattr(exc, &quot;screen&quot;, None)<br/> stacktrace =
                getattr(exc, &quot;stacktrace&quot;, None)<br/> time.sleep(self._poll)<br/> if time.monotonic() &gt;
                end_time:<br/> break<br/>&gt; raise TimeoutException(message, screen, stacktrace)<br/><span
                        class="error">E       selenium.common.exceptions.TimeoutException: Message: </span><br/><span
                        class="error">E       Stacktrace:</span><br/><span class="error">E       	GetHandleVerifier [0x00F6CEB3+45171]</span><br/><span
                        class="error">E       	(No symbol) [0x00EF9101]</span><br/><span class="error">E       	(No symbol) [0x00DEBE1D]</span><br/><span
                        class="error">E       	(No symbol) [0x00E1ED40]</span><br/><span class="error">E       	(No symbol) [0x00E1F20B]</span><br/><span
                        class="error">E       	(No symbol) [0x00E4F692]</span><br/><span class="error">E       	(No symbol) [0x00E3B094]</span><br/><span
                        class="error">E       	(No symbol) [0x00E4DCFA]</span><br/><span class="error">E       	(No symbol) [0x00E3AE46]</span><br/><span
                        class="error">E       	(No symbol) [0x00E1675E]</span><br/><span class="error">E       	(No symbol) [0x00E178FD]</span><br/><span
                        class="error">E       	GetHandleVerifier [0x012254B9+2897529]</span><br/><span class="error">E       	GetHandleVerifier [0x0126DC6B+3194411]</span><br/><span
                        class="error">E       	GetHandleVerifier [0x01267A41+3169281]</span><br/><span class="error">E       	GetHandleVerifier [0x00FF6130+606960]</span><br/><span
                        class="error">E       	(No symbol) [0x00F02E7C]</span><br/><span class="error">E       	(No symbol) [0x00EFF008]</span><br/><span
                        class="error">E       	(No symbol) [0x00EFF12F]</span><br/><span class="error">E       	(No symbol) [0x00EF1827]</span><br/><span
                        class="error">E       	BaseThreadInitThunk [0x7555FCC9+25]</span><br/><span class="error">E       	RtlGetAppContainerNamedObjectPath [0x77657B1E+286]</span><br/><span
                        class="error">E       	RtlGetAppContainerNamedObjectPath [0x77657AEE+238]</span><br/><br/>..\..\AppData\Local\Packages\PythonSoftwareFoundation.Python.3.10_qbz5n2kfra8p0\LocalCache\local-packages\Python310\site-packages\selenium\webdriver\support\wait.py:95:
                TimeoutException<br/></div>
        </td>
    </tr>
    </tbody>
    <tbody class="failed results-table-row">
    <tr>
        <td class="col-result">Failed</td>
        <td class="col-name">Test/test_invitepartner.py::Test_Invite_Partner::test_update_invite_partner[chrome]</td>
        <td class="col-duration">48.87</td>
        <td class="col-links"></td>
    </tr>
    <tr>
        <td class="extra" colspan="4">
            <div class="log">self = &lt;Test.test_invitepartner.Test_Invite_Partner object at
                0x000001873B8FA710&gt;<br/><br/> @pytest.mark.partner<br/> @pytest.mark.alltest<br/> def
                test_update_invite_partner(self):<br/> <br/> self.spur = LoginPage(self.driver)<br/>
                self.spur.login(BasePage.COUPLE_EMAIL, BasePage.AUTOMATION_PASSWORD)<br/> <br/> self.spur =
                InvitePartner(self.driver)<br/> self.spur.invite_partner(&#x27;testsk@yopmail.com&#x27;)<br/>
                time.sleep(2)<br/> try:<br/> self.spur.refresh_page(self.driver)<br/> email =
                self.spur.get_element_value(BasePage.Partner_Email)<br/> assert email ==
                &#x27;testsk@yopmail.com&#x27;<br/> # ------ reset to old partner&#x27;s email -----------<br/>
                self.spur.invite_partner(&#x27;partner1@yopmail.com&#x27;)<br/> time.sleep(2)<br/> <br/> except
                AssertionError:<br/> print(&#x27;Partner Email is not updating&#x27;)<br/> raise<br/> time.sleep(2)<br/>&gt;
                self.spur.click_element(BasePage.Log_Out)<br/><br/>Test\test_invitepartner.py:35: <br/>_ _ _ _ _ _ _ _ _
                _ _ _ _ _ _ _ _ _ _ _ _ _ _ _ _ _ _ _ _ _ _ _ _ _ _ _ _ _ _ _<br/>Pages\BasePage.py:233: in
                click_element<br/> WebDriverWait(self.driver,
                20).until(EC.visibility_of_element_located(by_locator)).click()<br/>..\..\AppData\Local\Packages\PythonSoftwareFoundation.Python.3.10_qbz5n2kfra8p0\LocalCache\local-packages\Python310\site-packages\selenium\webdriver\remote\webelement.py:94:
                in click<br/> self._execute(Command.CLICK_ELEMENT)<br/>..\..\AppData\Local\Packages\PythonSoftwareFoundation.Python.3.10_qbz5n2kfra8p0\LocalCache\local-packages\Python310\site-packages\selenium\webdriver\remote\webelement.py:403:
                in _execute<br/> return self._parent.execute(command, params)<br/>..\..\AppData\Local\Packages\PythonSoftwareFoundation.Python.3.10_qbz5n2kfra8p0\LocalCache\local-packages\Python310\site-packages\selenium\webdriver\remote\webdriver.py:440:
                in execute<br/> self.error_handler.check_response(response)<br/>_ _ _ _ _ _ _ _ _ _ _ _ _ _ _ _ _ _ _ _
                _ _ _ _ _ _ _ _ _ _ _ _ _ _ _ _ _ _ _ _<br/><br/>self = &lt;selenium.webdriver.remote.errorhandler.ErrorHandler
                object at 0x000001873C8B5BA0&gt;<br/>response = {&#x27;status&#x27;: 400, &#x27;value&#x27;: &#x27;{&quot;value&quot;:{&quot;error&quot;:&quot;element
                click intercepted&quot;,&quot;message&quot;:&quot;element click intercepted: Element
                ...\n\\tRtlGetAppContainerNamedObjectPath [0x77657B1E+286]\\n\\tRtlGetAppContainerNamedObjectPath
                [0x77657AEE+238]\\n&quot;}}&#x27;}<br/><br/> def check_response(self, response: Dict[str, Any]) -&gt;
                None:<br/> &quot;&quot;&quot;Checks that a JSON response from the WebDriver does not have an<br/> error.<br/>
                <br/> :Args:<br/> - response - The JSON response from the WebDriver server as a dictionary<br/>
                object.<br/> <br/> :Raises: If the response contains an error message.<br/> &quot;&quot;&quot;<br/>
                status = response.get(&quot;status&quot;, None)<br/> if not status or status == ErrorCode.SUCCESS:<br/>
                return<br/> value = None<br/> message = response.get(&quot;message&quot;, &quot;&quot;)<br/> screen: str
                = response.get(&quot;screen&quot;, &quot;&quot;)<br/> stacktrace = None<br/> if isinstance(status, int):<br/>
                value_json = response.get(&quot;value&quot;, None)<br/> if value_json and isinstance(value_json,
                str):<br/> import json<br/> <br/> try:<br/> value = json.loads(value_json)<br/> if len(value) == 1:<br/>
                value = value[&quot;value&quot;]<br/> status = value.get(&quot;error&quot;, None)<br/> if not
                status:<br/> status = value.get(&quot;status&quot;, ErrorCode.UNKNOWN_ERROR)<br/> message = value.get(&quot;value&quot;)
                or value.get(&quot;message&quot;)<br/> if not isinstance(message, str):<br/> value = message<br/>
                message = message.get(&quot;message&quot;)<br/> else:<br/> message = value.get(&quot;message&quot;,
                None)<br/> except ValueError:<br/> pass<br/> <br/> exception_class: Type[WebDriverException]<br/> if
                status in ErrorCode.NO_SUCH_ELEMENT:<br/> exception_class = NoSuchElementException<br/> elif status in
                ErrorCode.NO_SUCH_FRAME:<br/> exception_class = NoSuchFrameException<br/> elif status in
                ErrorCode.NO_SUCH_SHADOW_ROOT:<br/> exception_class = NoSuchShadowRootException<br/> elif status in
                ErrorCode.NO_SUCH_WINDOW:<br/> exception_class = NoSuchWindowException<br/> elif status in
                ErrorCode.STALE_ELEMENT_REFERENCE:<br/> exception_class = StaleElementReferenceException<br/> elif
                status in ErrorCode.ELEMENT_NOT_VISIBLE:<br/> exception_class = ElementNotVisibleException<br/> elif
                status in ErrorCode.INVALID_ELEMENT_STATE:<br/> exception_class = InvalidElementStateException<br/> elif
                (<br/> status in ErrorCode.INVALID_SELECTOR<br/> or status in ErrorCode.INVALID_XPATH_SELECTOR<br/> or
                status in ErrorCode.INVALID_XPATH_SELECTOR_RETURN_TYPER<br/> ):<br/> exception_class =
                InvalidSelectorException<br/> elif status in ErrorCode.ELEMENT_IS_NOT_SELECTABLE:<br/> exception_class =
                ElementNotSelectableException<br/> elif status in ErrorCode.ELEMENT_NOT_INTERACTABLE:<br/>
                exception_class = ElementNotInteractableException<br/> elif status in
                ErrorCode.INVALID_COOKIE_DOMAIN:<br/> exception_class = InvalidCookieDomainException<br/> elif status in
                ErrorCode.UNABLE_TO_SET_COOKIE:<br/> exception_class = UnableToSetCookieException<br/> elif status in
                ErrorCode.TIMEOUT:<br/> exception_class = TimeoutException<br/> elif status in ErrorCode.SCRIPT_TIMEOUT:<br/>
                exception_class = TimeoutException<br/> elif status in ErrorCode.UNKNOWN_ERROR:<br/> exception_class =
                WebDriverException<br/> elif status in ErrorCode.UNEXPECTED_ALERT_OPEN:<br/> exception_class =
                UnexpectedAlertPresentException<br/> elif status in ErrorCode.NO_ALERT_OPEN:<br/> exception_class =
                NoAlertPresentException<br/> elif status in ErrorCode.IME_NOT_AVAILABLE:<br/> exception_class =
                ImeNotAvailableException<br/> elif status in ErrorCode.IME_ENGINE_ACTIVATION_FAILED:<br/>
                exception_class = ImeActivationFailedException<br/> elif status in
                ErrorCode.MOVE_TARGET_OUT_OF_BOUNDS:<br/> exception_class = MoveTargetOutOfBoundsException<br/> elif
                status in ErrorCode.JAVASCRIPT_ERROR:<br/> exception_class = JavascriptException<br/> elif status in
                ErrorCode.SESSION_NOT_CREATED:<br/> exception_class = SessionNotCreatedException<br/> elif status in
                ErrorCode.INVALID_ARGUMENT:<br/> exception_class = InvalidArgumentException<br/> elif status in
                ErrorCode.NO_SUCH_COOKIE:<br/> exception_class = NoSuchCookieException<br/> elif status in
                ErrorCode.UNABLE_TO_CAPTURE_SCREEN:<br/> exception_class = ScreenshotException<br/> elif status in
                ErrorCode.ELEMENT_CLICK_INTERCEPTED:<br/> exception_class = ElementClickInterceptedException<br/> elif
                status in ErrorCode.INSECURE_CERTIFICATE:<br/> exception_class = InsecureCertificateException<br/> elif
                status in ErrorCode.INVALID_COORDINATES:<br/> exception_class = InvalidCoordinatesException<br/> elif
                status in ErrorCode.INVALID_SESSION_ID:<br/> exception_class = InvalidSessionIdException<br/> elif
                status in ErrorCode.UNKNOWN_METHOD:<br/> exception_class = UnknownMethodException<br/> else:<br/>
                exception_class = WebDriverException<br/> if not value:<br/> value = response[&quot;value&quot;]<br/> if
                isinstance(value, str):<br/> raise exception_class(value)<br/> if message == &quot;&quot; and &quot;message&quot;
                in value:<br/> message = value[&quot;message&quot;]<br/> <br/> screen = None # type:
                ignore[assignment]<br/> if &quot;screen&quot; in value:<br/> screen = value[&quot;screen&quot;]<br/>
                <br/> stacktrace = None<br/> st_value = value.get(&quot;stackTrace&quot;) or value.get(&quot;stacktrace&quot;)<br/>
                if st_value:<br/> if isinstance(st_value, str):<br/> stacktrace = st_value.split(&quot;\n&quot;)<br/>
                else:<br/> stacktrace = []<br/> try:<br/> for frame in st_value:<br/> line = frame.get(&quot;lineNumber&quot;,
                &quot;&quot;)<br/> file = frame.get(&quot;fileName&quot;, &quot;&lt;anonymous&gt;&quot;)<br/> if
                line:<br/> file = f&quot;{file}:{line}&quot;<br/> meth = frame.get(&quot;methodName&quot;, &quot;&lt;anonymous&gt;&quot;)<br/>
                if &quot;className&quot; in frame:<br/> meth = f&quot;{frame[&#x27;className&#x27;]}.{meth}&quot;<br/>
                msg = &quot; at %s (%s)&quot;<br/> msg = msg % (meth, file)<br/> stacktrace.append(msg)<br/> except
                TypeError:<br/> pass<br/> if exception_class == UnexpectedAlertPresentException:<br/> alert_text =
                None<br/> if &quot;data&quot; in value:<br/> alert_text =
                value[&quot;data&quot;].get(&quot;text&quot;)<br/> elif &quot;alert&quot; in value:<br/> alert_text =
                value[&quot;alert&quot;].get(&quot;text&quot;)<br/> raise exception_class(message, screen, stacktrace,
                alert_text) # type: ignore[call-arg] # mypy is not smart enough here<br/>&gt; raise
                exception_class(message, screen, stacktrace)<br/><span class="error">E       selenium.common.exceptions.ElementClickInterceptedException: Message: element click intercepted: Element &lt;a _ngcontent-universal-cli-c117=&quot;&quot; href=&quot;javascript:void(0);&quot; class=&quot;nav-link ng-star-inserted&quot;&gt;...&lt;/a&gt; is not clickable at point (1022, 34). Other element would receive the click: &lt;div class=&quot;loader ng-star-inserted&quot;&gt;...&lt;/div&gt;</span><br/><span
                        class="error">E         (Session info: chrome=117.0.5938.132)</span><br/><span class="error">E       Stacktrace:</span><br/><span
                        class="error">E       	GetHandleVerifier [0x004BCEB3+45171]</span><br/><span class="error">E       	(No symbol) [0x00449101]</span><br/><span
                        class="error">E       	(No symbol) [0x0033BE1D]</span><br/><span class="error">E       	(No symbol) [0x00373B91]</span><br/><span
                        class="error">E       	(No symbol) [0x0037268F]</span><br/><span class="error">E       	(No symbol) [0x00370C7B]</span><br/><span
                        class="error">E       	(No symbol) [0x00370015]</span><br/><span class="error">E       	(No symbol) [0x0036856A]</span><br/><span
                        class="error">E       	(No symbol) [0x0038B04C]</span><br/><span class="error">E       	(No symbol) [0x00367FA6]</span><br/><span
                        class="error">E       	(No symbol) [0x0038B2C4]</span><br/><span class="error">E       	(No symbol) [0x0039DCFA]</span><br/><span
                        class="error">E       	(No symbol) [0x0038AE46]</span><br/><span class="error">E       	(No symbol) [0x0036675E]</span><br/><span
                        class="error">E       	(No symbol) [0x003678FD]</span><br/><span class="error">E       	GetHandleVerifier [0x007754B9+2897529]</span><br/><span
                        class="error">E       	GetHandleVerifier [0x007BDC6B+3194411]</span><br/><span class="error">E       	GetHandleVerifier [0x007B7A41+3169281]</span><br/><span
                        class="error">E       	GetHandleVerifier [0x00546130+606960]</span><br/><span class="error">E       	(No symbol) [0x00452E7C]</span><br/><span
                        class="error">E       	(No symbol) [0x0044F008]</span><br/><span class="error">E       	(No symbol) [0x0044F12F]</span><br/><span
                        class="error">E       	(No symbol) [0x00441827]</span><br/><span class="error">E       	BaseThreadInitThunk [0x7555FCC9+25]</span><br/><span
                        class="error">E       	RtlGetAppContainerNamedObjectPath [0x77657B1E+286]</span><br/><span
                        class="error">E       	RtlGetAppContainerNamedObjectPath [0x77657AEE+238]</span><br/><br/>..\..\AppData\Local\Packages\PythonSoftwareFoundation.Python.3.10_qbz5n2kfra8p0\LocalCache\local-packages\Python310\site-packages\selenium\webdriver\remote\errorhandler.py:245:
                ElementClickInterceptedException<br/></div>
        </td>
    </tr>
    </tbody>
    <tbody class="failed results-table-row">
    <tr>
        <td class="col-result">Failed</td>
        <td class="col-name">Test/test_order.py::Test_Order::test_order[chrome]</td>
        <td class="col-duration">21.12</td>
        <td class="col-links"></td>
    </tr>
    <tr>
        <td class="extra" colspan="4">
            <div class="log">self = &lt;Test.test_order.Test_Order object at 0x000001873B8FB1F0&gt;<br/>request = &lt;FixtureRequest
                for &lt;Function test_order[chrome]&gt;&gt;<br/><br/> @pytest.mark.alltest<br/>
                @pytest.mark.regression<br/> @pytest.mark.plceorder<br/> def test_order(self, request):<br/> <br/>
                self.regist = LoginPage(self.driver)<br/> self.regist.login(BasePage.COUPLE_EMAIL,
                BasePage.AUTOMATION_PASSWORD)<br/> time.sleep(5)<br/> self.buy = Booking(self.driver)<br/>&gt;
                self.buy.Add_to_cart(&quot;Test live exp&quot;)<br/><br/>Test\test_order.py:28: <br/>_ _ _ _ _ _ _ _ _ _
                _ _ _ _ _ _ _ _ _ _ _ _ _ _ _ _ _ _ _ _ _ _ _ _ _ _ _ _ _ _<br/>Pages\Booking.py:17: in Add_to_cart<br/>
                self.click_element(BasePage.HOME)<br/>Pages\BasePage.py:233: in click_element<br/>
                WebDriverWait(self.driver, 20).until(EC.visibility_of_element_located(by_locator)).click()<br/>..\..\AppData\Local\Packages\PythonSoftwareFoundation.Python.3.10_qbz5n2kfra8p0\LocalCache\local-packages\Python310\site-packages\selenium\webdriver\remote\webelement.py:94:
                in click<br/> self._execute(Command.CLICK_ELEMENT)<br/>..\..\AppData\Local\Packages\PythonSoftwareFoundation.Python.3.10_qbz5n2kfra8p0\LocalCache\local-packages\Python310\site-packages\selenium\webdriver\remote\webelement.py:403:
                in _execute<br/> return self._parent.execute(command, params)<br/>..\..\AppData\Local\Packages\PythonSoftwareFoundation.Python.3.10_qbz5n2kfra8p0\LocalCache\local-packages\Python310\site-packages\selenium\webdriver\remote\webdriver.py:440:
                in execute<br/> self.error_handler.check_response(response)<br/>_ _ _ _ _ _ _ _ _ _ _ _ _ _ _ _ _ _ _ _
                _ _ _ _ _ _ _ _ _ _ _ _ _ _ _ _ _ _ _ _<br/><br/>self = &lt;selenium.webdriver.remote.errorhandler.ErrorHandler
                object at 0x000001873B8F8EE0&gt;<br/>response = {&#x27;status&#x27;: 400, &#x27;value&#x27;: &#x27;{&quot;value&quot;:{&quot;error&quot;:&quot;element
                click intercepted&quot;,&quot;message&quot;:&quot;element click intercepted: Element
                ...\n\\tRtlGetAppContainerNamedObjectPath [0x77657B1E+286]\\n\\tRtlGetAppContainerNamedObjectPath
                [0x77657AEE+238]\\n&quot;}}&#x27;}<br/><br/> def check_response(self, response: Dict[str, Any]) -&gt;
                None:<br/> &quot;&quot;&quot;Checks that a JSON response from the WebDriver does not have an<br/> error.<br/>
                <br/> :Args:<br/> - response - The JSON response from the WebDriver server as a dictionary<br/>
                object.<br/> <br/> :Raises: If the response contains an error message.<br/> &quot;&quot;&quot;<br/>
                status = response.get(&quot;status&quot;, None)<br/> if not status or status == ErrorCode.SUCCESS:<br/>
                return<br/> value = None<br/> message = response.get(&quot;message&quot;, &quot;&quot;)<br/> screen: str
                = response.get(&quot;screen&quot;, &quot;&quot;)<br/> stacktrace = None<br/> if isinstance(status, int):<br/>
                value_json = response.get(&quot;value&quot;, None)<br/> if value_json and isinstance(value_json,
                str):<br/> import json<br/> <br/> try:<br/> value = json.loads(value_json)<br/> if len(value) == 1:<br/>
                value = value[&quot;value&quot;]<br/> status = value.get(&quot;error&quot;, None)<br/> if not
                status:<br/> status = value.get(&quot;status&quot;, ErrorCode.UNKNOWN_ERROR)<br/> message = value.get(&quot;value&quot;)
                or value.get(&quot;message&quot;)<br/> if not isinstance(message, str):<br/> value = message<br/>
                message = message.get(&quot;message&quot;)<br/> else:<br/> message = value.get(&quot;message&quot;,
                None)<br/> except ValueError:<br/> pass<br/> <br/> exception_class: Type[WebDriverException]<br/> if
                status in ErrorCode.NO_SUCH_ELEMENT:<br/> exception_class = NoSuchElementException<br/> elif status in
                ErrorCode.NO_SUCH_FRAME:<br/> exception_class = NoSuchFrameException<br/> elif status in
                ErrorCode.NO_SUCH_SHADOW_ROOT:<br/> exception_class = NoSuchShadowRootException<br/> elif status in
                ErrorCode.NO_SUCH_WINDOW:<br/> exception_class = NoSuchWindowException<br/> elif status in
                ErrorCode.STALE_ELEMENT_REFERENCE:<br/> exception_class = StaleElementReferenceException<br/> elif
                status in ErrorCode.ELEMENT_NOT_VISIBLE:<br/> exception_class = ElementNotVisibleException<br/> elif
                status in ErrorCode.INVALID_ELEMENT_STATE:<br/> exception_class = InvalidElementStateException<br/> elif
                (<br/> status in ErrorCode.INVALID_SELECTOR<br/> or status in ErrorCode.INVALID_XPATH_SELECTOR<br/> or
                status in ErrorCode.INVALID_XPATH_SELECTOR_RETURN_TYPER<br/> ):<br/> exception_class =
                InvalidSelectorException<br/> elif status in ErrorCode.ELEMENT_IS_NOT_SELECTABLE:<br/> exception_class =
                ElementNotSelectableException<br/> elif status in ErrorCode.ELEMENT_NOT_INTERACTABLE:<br/>
                exception_class = ElementNotInteractableException<br/> elif status in
                ErrorCode.INVALID_COOKIE_DOMAIN:<br/> exception_class = InvalidCookieDomainException<br/> elif status in
                ErrorCode.UNABLE_TO_SET_COOKIE:<br/> exception_class = UnableToSetCookieException<br/> elif status in
                ErrorCode.TIMEOUT:<br/> exception_class = TimeoutException<br/> elif status in ErrorCode.SCRIPT_TIMEOUT:<br/>
                exception_class = TimeoutException<br/> elif status in ErrorCode.UNKNOWN_ERROR:<br/> exception_class =
                WebDriverException<br/> elif status in ErrorCode.UNEXPECTED_ALERT_OPEN:<br/> exception_class =
                UnexpectedAlertPresentException<br/> elif status in ErrorCode.NO_ALERT_OPEN:<br/> exception_class =
                NoAlertPresentException<br/> elif status in ErrorCode.IME_NOT_AVAILABLE:<br/> exception_class =
                ImeNotAvailableException<br/> elif status in ErrorCode.IME_ENGINE_ACTIVATION_FAILED:<br/>
                exception_class = ImeActivationFailedException<br/> elif status in
                ErrorCode.MOVE_TARGET_OUT_OF_BOUNDS:<br/> exception_class = MoveTargetOutOfBoundsException<br/> elif
                status in ErrorCode.JAVASCRIPT_ERROR:<br/> exception_class = JavascriptException<br/> elif status in
                ErrorCode.SESSION_NOT_CREATED:<br/> exception_class = SessionNotCreatedException<br/> elif status in
                ErrorCode.INVALID_ARGUMENT:<br/> exception_class = InvalidArgumentException<br/> elif status in
                ErrorCode.NO_SUCH_COOKIE:<br/> exception_class = NoSuchCookieException<br/> elif status in
                ErrorCode.UNABLE_TO_CAPTURE_SCREEN:<br/> exception_class = ScreenshotException<br/> elif status in
                ErrorCode.ELEMENT_CLICK_INTERCEPTED:<br/> exception_class = ElementClickInterceptedException<br/> elif
                status in ErrorCode.INSECURE_CERTIFICATE:<br/> exception_class = InsecureCertificateException<br/> elif
                status in ErrorCode.INVALID_COORDINATES:<br/> exception_class = InvalidCoordinatesException<br/> elif
                status in ErrorCode.INVALID_SESSION_ID:<br/> exception_class = InvalidSessionIdException<br/> elif
                status in ErrorCode.UNKNOWN_METHOD:<br/> exception_class = UnknownMethodException<br/> else:<br/>
                exception_class = WebDriverException<br/> if not value:<br/> value = response[&quot;value&quot;]<br/> if
                isinstance(value, str):<br/> raise exception_class(value)<br/> if message == &quot;&quot; and &quot;message&quot;
                in value:<br/> message = value[&quot;message&quot;]<br/> <br/> screen = None # type:
                ignore[assignment]<br/> if &quot;screen&quot; in value:<br/> screen = value[&quot;screen&quot;]<br/>
                <br/> stacktrace = None<br/> st_value = value.get(&quot;stackTrace&quot;) or value.get(&quot;stacktrace&quot;)<br/>
                if st_value:<br/> if isinstance(st_value, str):<br/> stacktrace = st_value.split(&quot;\n&quot;)<br/>
                else:<br/> stacktrace = []<br/> try:<br/> for frame in st_value:<br/> line = frame.get(&quot;lineNumber&quot;,
                &quot;&quot;)<br/> file = frame.get(&quot;fileName&quot;, &quot;&lt;anonymous&gt;&quot;)<br/> if
                line:<br/> file = f&quot;{file}:{line}&quot;<br/> meth = frame.get(&quot;methodName&quot;, &quot;&lt;anonymous&gt;&quot;)<br/>
                if &quot;className&quot; in frame:<br/> meth = f&quot;{frame[&#x27;className&#x27;]}.{meth}&quot;<br/>
                msg = &quot; at %s (%s)&quot;<br/> msg = msg % (meth, file)<br/> stacktrace.append(msg)<br/> except
                TypeError:<br/> pass<br/> if exception_class == UnexpectedAlertPresentException:<br/> alert_text =
                None<br/> if &quot;data&quot; in value:<br/> alert_text =
                value[&quot;data&quot;].get(&quot;text&quot;)<br/> elif &quot;alert&quot; in value:<br/> alert_text =
                value[&quot;alert&quot;].get(&quot;text&quot;)<br/> raise exception_class(message, screen, stacktrace,
                alert_text) # type: ignore[call-arg] # mypy is not smart enough here<br/>&gt; raise
                exception_class(message, screen, stacktrace)<br/><span class="error">E       selenium.common.exceptions.ElementClickInterceptedException: Message: element click intercepted: Element &lt;img _ngcontent-universal-cli-c117=&quot;&quot; alt=&quot;&quot; class=&quot;header-logo&quot; src=&quot;https://assets.spurexperiences.com/assets/images/header-logo-small.png&quot;&gt; is not clickable at point (135, 47). Other element would receive the click: &lt;div _ngcontent-universal-cli-c124=&quot;&quot; class=&quot;loader ng-star-inserted&quot;&gt;...&lt;/div&gt;</span><br/><span
                        class="error">E         (Session info: chrome=117.0.5938.132)</span><br/><span class="error">E       Stacktrace:</span><br/><span
                        class="error">E       	GetHandleVerifier [0x0114CEB3+45171]</span><br/><span class="error">E       	(No symbol) [0x010D9101]</span><br/><span
                        class="error">E       	(No symbol) [0x00FCBE1D]</span><br/><span class="error">E       	(No symbol) [0x01003B91]</span><br/><span
                        class="error">E       	(No symbol) [0x0100268F]</span><br/><span class="error">E       	(No symbol) [0x01000C7B]</span><br/><span
                        class="error">E       	(No symbol) [0x01000015]</span><br/><span class="error">E       	(No symbol) [0x00FF856A]</span><br/><span
                        class="error">E       	(No symbol) [0x0101B04C]</span><br/><span class="error">E       	(No symbol) [0x00FF7FA6]</span><br/><span
                        class="error">E       	(No symbol) [0x0101B2C4]</span><br/><span class="error">E       	(No symbol) [0x0102DCFA]</span><br/><span
                        class="error">E       	(No symbol) [0x0101AE46]</span><br/><span class="error">E       	(No symbol) [0x00FF675E]</span><br/><span
                        class="error">E       	(No symbol) [0x00FF78FD]</span><br/><span class="error">E       	GetHandleVerifier [0x014054B9+2897529]</span><br/><span
                        class="error">E       	GetHandleVerifier [0x0144DC6B+3194411]</span><br/><span class="error">E       	GetHandleVerifier [0x01447A41+3169281]</span><br/><span
                        class="error">E       	GetHandleVerifier [0x011D6130+606960]</span><br/><span class="error">E       	(No symbol) [0x010E2E7C]</span><br/><span
                        class="error">E       	(No symbol) [0x010DF008]</span><br/><span class="error">E       	(No symbol) [0x010DF12F]</span><br/><span
                        class="error">E       	(No symbol) [0x010D1827]</span><br/><span class="error">E       	BaseThreadInitThunk [0x7555FCC9+25]</span><br/><span
                        class="error">E       	RtlGetAppContainerNamedObjectPath [0x77657B1E+286]</span><br/><span
                        class="error">E       	RtlGetAppContainerNamedObjectPath [0x77657AEE+238]</span><br/><br/>..\..\AppData\Local\Packages\PythonSoftwareFoundation.Python.3.10_qbz5n2kfra8p0\LocalCache\local-packages\Python310\site-packages\selenium\webdriver\remote\errorhandler.py:245:
                ElementClickInterceptedException<br/></div>
        </td>
    </tr>
    </tbody>
    <tbody class="failed results-table-row">
    <tr>
        <td class="col-result">Failed</td>
        <td class="col-name">Test/test_registry_page.py::Test_Registry::test_add_to_bucket_list[chrome]</td>
        <td class="col-duration">25.92</td>
        <td class="col-links"></td>
    </tr>
    <tr>
        <td class="extra" colspan="4">
            <div class="log">self = &lt;Test.test_registry_page.Test_Registry object at 0x000001873B921FC0&gt;<br/>request
                = &lt;FixtureRequest for &lt;Function test_add_to_bucket_list[chrome]&gt;&gt;<br/><br/>
                @pytest.mark.alltest<br/> @pytest.mark.regression<br/> @pytest.mark.addbucket<br/> def
                test_add_to_bucket_list(self, request):<br/> self.regist = LoginPage(self.driver)<br/>
                self.regist.login(BasePage.INDIVIDUAL_EMAIL, BasePage.AUTOMATION_PASSWORD)<br/> self.registry =
                RegistryPage(self.driver)<br/> self.registry.registry()<br/> time.sleep(3)<br/> # title =
                self.regist.get_element_text(self.EXP_title)<br/> # print(title+&quot; Added to registry&quot;)<br/>
                self.regist.click_element(BasePage.ADD_TO_REGISTRY)<br/> time.sleep(3)<br/>&gt;
                self.regist.click_element(BasePage.EXPERIENCE)<br/><br/>Test\test_registry_page.py:77: <br/>_ _ _ _ _ _
                _ _ _ _ _ _ _ _ _ _ _ _ _ _ _ _ _ _ _ _ _ _ _ _ _ _ _ _ _ _ _ _ _ _<br/>Pages\BasePage.py:233: in
                click_element<br/> WebDriverWait(self.driver,
                20).until(EC.visibility_of_element_located(by_locator)).click()<br/>..\..\AppData\Local\Packages\PythonSoftwareFoundation.Python.3.10_qbz5n2kfra8p0\LocalCache\local-packages\Python310\site-packages\selenium\webdriver\remote\webelement.py:94:
                in click<br/> self._execute(Command.CLICK_ELEMENT)<br/>..\..\AppData\Local\Packages\PythonSoftwareFoundation.Python.3.10_qbz5n2kfra8p0\LocalCache\local-packages\Python310\site-packages\selenium\webdriver\remote\webelement.py:403:
                in _execute<br/> return self._parent.execute(command, params)<br/>..\..\AppData\Local\Packages\PythonSoftwareFoundation.Python.3.10_qbz5n2kfra8p0\LocalCache\local-packages\Python310\site-packages\selenium\webdriver\remote\webdriver.py:440:
                in execute<br/> self.error_handler.check_response(response)<br/>_ _ _ _ _ _ _ _ _ _ _ _ _ _ _ _ _ _ _ _
                _ _ _ _ _ _ _ _ _ _ _ _ _ _ _ _ _ _ _ _<br/><br/>self = &lt;selenium.webdriver.remote.errorhandler.ErrorHandler
                object at 0x000001873BD71270&gt;<br/>response = {&#x27;status&#x27;: 400, &#x27;value&#x27;: &#x27;{&quot;value&quot;:{&quot;error&quot;:&quot;element
                click intercepted&quot;,&quot;message&quot;:&quot;element click intercepted: Element
                ...\n\\tRtlGetAppContainerNamedObjectPath [0x77657B1E+286]\\n\\tRtlGetAppContainerNamedObjectPath
                [0x77657AEE+238]\\n&quot;}}&#x27;}<br/><br/> def check_response(self, response: Dict[str, Any]) -&gt;
                None:<br/> &quot;&quot;&quot;Checks that a JSON response from the WebDriver does not have an<br/> error.<br/>
                <br/> :Args:<br/> - response - The JSON response from the WebDriver server as a dictionary<br/>
                object.<br/> <br/> :Raises: If the response contains an error message.<br/> &quot;&quot;&quot;<br/>
                status = response.get(&quot;status&quot;, None)<br/> if not status or status == ErrorCode.SUCCESS:<br/>
                return<br/> value = None<br/> message = response.get(&quot;message&quot;, &quot;&quot;)<br/> screen: str
                = response.get(&quot;screen&quot;, &quot;&quot;)<br/> stacktrace = None<br/> if isinstance(status, int):<br/>
                value_json = response.get(&quot;value&quot;, None)<br/> if value_json and isinstance(value_json,
                str):<br/> import json<br/> <br/> try:<br/> value = json.loads(value_json)<br/> if len(value) == 1:<br/>
                value = value[&quot;value&quot;]<br/> status = value.get(&quot;error&quot;, None)<br/> if not
                status:<br/> status = value.get(&quot;status&quot;, ErrorCode.UNKNOWN_ERROR)<br/> message = value.get(&quot;value&quot;)
                or value.get(&quot;message&quot;)<br/> if not isinstance(message, str):<br/> value = message<br/>
                message = message.get(&quot;message&quot;)<br/> else:<br/> message = value.get(&quot;message&quot;,
                None)<br/> except ValueError:<br/> pass<br/> <br/> exception_class: Type[WebDriverException]<br/> if
                status in ErrorCode.NO_SUCH_ELEMENT:<br/> exception_class = NoSuchElementException<br/> elif status in
                ErrorCode.NO_SUCH_FRAME:<br/> exception_class = NoSuchFrameException<br/> elif status in
                ErrorCode.NO_SUCH_SHADOW_ROOT:<br/> exception_class = NoSuchShadowRootException<br/> elif status in
                ErrorCode.NO_SUCH_WINDOW:<br/> exception_class = NoSuchWindowException<br/> elif status in
                ErrorCode.STALE_ELEMENT_REFERENCE:<br/> exception_class = StaleElementReferenceException<br/> elif
                status in ErrorCode.ELEMENT_NOT_VISIBLE:<br/> exception_class = ElementNotVisibleException<br/> elif
                status in ErrorCode.INVALID_ELEMENT_STATE:<br/> exception_class = InvalidElementStateException<br/> elif
                (<br/> status in ErrorCode.INVALID_SELECTOR<br/> or status in ErrorCode.INVALID_XPATH_SELECTOR<br/> or
                status in ErrorCode.INVALID_XPATH_SELECTOR_RETURN_TYPER<br/> ):<br/> exception_class =
                InvalidSelectorException<br/> elif status in ErrorCode.ELEMENT_IS_NOT_SELECTABLE:<br/> exception_class =
                ElementNotSelectableException<br/> elif status in ErrorCode.ELEMENT_NOT_INTERACTABLE:<br/>
                exception_class = ElementNotInteractableException<br/> elif status in
                ErrorCode.INVALID_COOKIE_DOMAIN:<br/> exception_class = InvalidCookieDomainException<br/> elif status in
                ErrorCode.UNABLE_TO_SET_COOKIE:<br/> exception_class = UnableToSetCookieException<br/> elif status in
                ErrorCode.TIMEOUT:<br/> exception_class = TimeoutException<br/> elif status in ErrorCode.SCRIPT_TIMEOUT:<br/>
                exception_class = TimeoutException<br/> elif status in ErrorCode.UNKNOWN_ERROR:<br/> exception_class =
                WebDriverException<br/> elif status in ErrorCode.UNEXPECTED_ALERT_OPEN:<br/> exception_class =
                UnexpectedAlertPresentException<br/> elif status in ErrorCode.NO_ALERT_OPEN:<br/> exception_class =
                NoAlertPresentException<br/> elif status in ErrorCode.IME_NOT_AVAILABLE:<br/> exception_class =
                ImeNotAvailableException<br/> elif status in ErrorCode.IME_ENGINE_ACTIVATION_FAILED:<br/>
                exception_class = ImeActivationFailedException<br/> elif status in
                ErrorCode.MOVE_TARGET_OUT_OF_BOUNDS:<br/> exception_class = MoveTargetOutOfBoundsException<br/> elif
                status in ErrorCode.JAVASCRIPT_ERROR:<br/> exception_class = JavascriptException<br/> elif status in
                ErrorCode.SESSION_NOT_CREATED:<br/> exception_class = SessionNotCreatedException<br/> elif status in
                ErrorCode.INVALID_ARGUMENT:<br/> exception_class = InvalidArgumentException<br/> elif status in
                ErrorCode.NO_SUCH_COOKIE:<br/> exception_class = NoSuchCookieException<br/> elif status in
                ErrorCode.UNABLE_TO_CAPTURE_SCREEN:<br/> exception_class = ScreenshotException<br/> elif status in
                ErrorCode.ELEMENT_CLICK_INTERCEPTED:<br/> exception_class = ElementClickInterceptedException<br/> elif
                status in ErrorCode.INSECURE_CERTIFICATE:<br/> exception_class = InsecureCertificateException<br/> elif
                status in ErrorCode.INVALID_COORDINATES:<br/> exception_class = InvalidCoordinatesException<br/> elif
                status in ErrorCode.INVALID_SESSION_ID:<br/> exception_class = InvalidSessionIdException<br/> elif
                status in ErrorCode.UNKNOWN_METHOD:<br/> exception_class = UnknownMethodException<br/> else:<br/>
                exception_class = WebDriverException<br/> if not value:<br/> value = response[&quot;value&quot;]<br/> if
                isinstance(value, str):<br/> raise exception_class(value)<br/> if message == &quot;&quot; and &quot;message&quot;
                in value:<br/> message = value[&quot;message&quot;]<br/> <br/> screen = None # type:
                ignore[assignment]<br/> if &quot;screen&quot; in value:<br/> screen = value[&quot;screen&quot;]<br/>
                <br/> stacktrace = None<br/> st_value = value.get(&quot;stackTrace&quot;) or value.get(&quot;stacktrace&quot;)<br/>
                if st_value:<br/> if isinstance(st_value, str):<br/> stacktrace = st_value.split(&quot;\n&quot;)<br/>
                else:<br/> stacktrace = []<br/> try:<br/> for frame in st_value:<br/> line = frame.get(&quot;lineNumber&quot;,
                &quot;&quot;)<br/> file = frame.get(&quot;fileName&quot;, &quot;&lt;anonymous&gt;&quot;)<br/> if
                line:<br/> file = f&quot;{file}:{line}&quot;<br/> meth = frame.get(&quot;methodName&quot;, &quot;&lt;anonymous&gt;&quot;)<br/>
                if &quot;className&quot; in frame:<br/> meth = f&quot;{frame[&#x27;className&#x27;]}.{meth}&quot;<br/>
                msg = &quot; at %s (%s)&quot;<br/> msg = msg % (meth, file)<br/> stacktrace.append(msg)<br/> except
                TypeError:<br/> pass<br/> if exception_class == UnexpectedAlertPresentException:<br/> alert_text =
                None<br/> if &quot;data&quot; in value:<br/> alert_text =
                value[&quot;data&quot;].get(&quot;text&quot;)<br/> elif &quot;alert&quot; in value:<br/> alert_text =
                value[&quot;alert&quot;].get(&quot;text&quot;)<br/> raise exception_class(message, screen, stacktrace,
                alert_text) # type: ignore[call-arg] # mypy is not smart enough here<br/>&gt; raise
                exception_class(message, screen, stacktrace)<br/><span class="error">E       selenium.common.exceptions.ElementClickInterceptedException: Message: element click intercepted: Element &lt;h2 _ngcontent-universal-cli-c147=&quot;&quot;&gt;...&lt;/h2&gt; is not clickable at point (667, 249). Other element would receive the click: &lt;div _ngcontent-universal-cli-c117=&quot;&quot; class=&quot;loader ng-star-inserted&quot;&gt;...&lt;/div&gt;</span><br/><span
                        class="error">E         (Session info: chrome=117.0.5938.132)</span><br/><span class="error">E       Stacktrace:</span><br/><span
                        class="error">E       	GetHandleVerifier [0x011FCEB3+45171]</span><br/><span class="error">E       	(No symbol) [0x01189101]</span><br/><span
                        class="error">E       	(No symbol) [0x0107BE1D]</span><br/><span class="error">E       	(No symbol) [0x010B3B91]</span><br/><span
                        class="error">E       	(No symbol) [0x010B268F]</span><br/><span class="error">E       	(No symbol) [0x010B0C7B]</span><br/><span
                        class="error">E       	(No symbol) [0x010B0015]</span><br/><span class="error">E       	(No symbol) [0x010A856A]</span><br/><span
                        class="error">E       	(No symbol) [0x010CB04C]</span><br/><span class="error">E       	(No symbol) [0x010A7FA6]</span><br/><span
                        class="error">E       	(No symbol) [0x010CB2C4]</span><br/><span class="error">E       	(No symbol) [0x010DDCFA]</span><br/><span
                        class="error">E       	(No symbol) [0x010CAE46]</span><br/><span class="error">E       	(No symbol) [0x010A675E]</span><br/><span
                        class="error">E       	(No symbol) [0x010A78FD]</span><br/><span class="error">E       	GetHandleVerifier [0x014B54B9+2897529]</span><br/><span
                        class="error">E       	GetHandleVerifier [0x014FDC6B+3194411]</span><br/><span class="error">E       	GetHandleVerifier [0x014F7A41+3169281]</span><br/><span
                        class="error">E       	GetHandleVerifier [0x01286130+606960]</span><br/><span class="error">E       	(No symbol) [0x01192E7C]</span><br/><span
                        class="error">E       	(No symbol) [0x0118F008]</span><br/><span class="error">E       	(No symbol) [0x0118F12F]</span><br/><span
                        class="error">E       	(No symbol) [0x01181827]</span><br/><span class="error">E       	BaseThreadInitThunk [0x7555FCC9+25]</span><br/><span
                        class="error">E       	RtlGetAppContainerNamedObjectPath [0x77657B1E+286]</span><br/><span
                        class="error">E       	RtlGetAppContainerNamedObjectPath [0x77657AEE+238]</span><br/><br/>..\..\AppData\Local\Packages\PythonSoftwareFoundation.Python.3.10_qbz5n2kfra8p0\LocalCache\local-packages\Python310\site-packages\selenium\webdriver\remote\errorhandler.py:245:
                ElementClickInterceptedException<br/></div>
        </td>
    </tr>
    </tbody>
    <tbody class="failed results-table-row">
    <tr>
        <td class="col-result">Failed</td>
        <td class="col-name">Test/test_registry_page.py::Test_Registry::test_guest_view[chrome]</td>
        <td class="col-duration">5.00</td>
        <td class="col-links"></td>
    </tr>
    <tr>
        <td class="extra" colspan="4">
            <div class="log">self = &lt;Test.test_registry_page.Test_Registry object at 0x000001873B921DE0&gt;<br/><br/>
                @pytest.mark.alltest<br/> @pytest.mark.regression<br/> @pytest.mark.guestview<br/> def
                test_guest_view(self):<br/> <br/> self.login = LoginPage(self.driver)<br/>&gt;
                self.login.login(BasePage.COUPLE_EMAIL, BasePage.AUTOMATION_PASSWORD)<br/><br/>Test\test_registry_page.py:112:
                <br/>_ _ _ _ _ _ _ _ _ _ _ _ _ _ _ _ _ _ _ _ _ _ _ _ _ _ _ _ _ _ _ _ _ _ _ _ _ _ _ _<br/>Pages\LoginPage.py:15:
                in login<br/> self.click_element(BasePage.LOGIN_ICON)<br/>Pages\BasePage.py:233: in click_element<br/>
                WebDriverWait(self.driver, 20).until(EC.visibility_of_element_located(by_locator)).click()<br/>..\..\AppData\Local\Packages\PythonSoftwareFoundation.Python.3.10_qbz5n2kfra8p0\LocalCache\local-packages\Python310\site-packages\selenium\webdriver\remote\webelement.py:94:
                in click<br/> self._execute(Command.CLICK_ELEMENT)<br/>..\..\AppData\Local\Packages\PythonSoftwareFoundation.Python.3.10_qbz5n2kfra8p0\LocalCache\local-packages\Python310\site-packages\selenium\webdriver\remote\webelement.py:403:
                in _execute<br/> return self._parent.execute(command, params)<br/>..\..\AppData\Local\Packages\PythonSoftwareFoundation.Python.3.10_qbz5n2kfra8p0\LocalCache\local-packages\Python310\site-packages\selenium\webdriver\remote\webdriver.py:440:
                in execute<br/> self.error_handler.check_response(response)<br/>_ _ _ _ _ _ _ _ _ _ _ _ _ _ _ _ _ _ _ _
                _ _ _ _ _ _ _ _ _ _ _ _ _ _ _ _ _ _ _ _<br/><br/>self = &lt;selenium.webdriver.remote.errorhandler.ErrorHandler
                object at 0x000001873BD71270&gt;<br/>response = {&#x27;status&#x27;: 400, &#x27;value&#x27;: &#x27;{&quot;value&quot;:{&quot;error&quot;:&quot;element
                click intercepted&quot;,&quot;message&quot;:&quot;element click intercepted: Element
                ...\n\\tRtlGetAppContainerNamedObjectPath [0x77657B1E+286]\\n\\tRtlGetAppContainerNamedObjectPath
                [0x77657AEE+238]\\n&quot;}}&#x27;}<br/><br/> def check_response(self, response: Dict[str, Any]) -&gt;
                None:<br/> &quot;&quot;&quot;Checks that a JSON response from the WebDriver does not have an<br/> error.<br/>
                <br/> :Args:<br/> - response - The JSON response from the WebDriver server as a dictionary<br/>
                object.<br/> <br/> :Raises: If the response contains an error message.<br/> &quot;&quot;&quot;<br/>
                status = response.get(&quot;status&quot;, None)<br/> if not status or status == ErrorCode.SUCCESS:<br/>
                return<br/> value = None<br/> message = response.get(&quot;message&quot;, &quot;&quot;)<br/> screen: str
                = response.get(&quot;screen&quot;, &quot;&quot;)<br/> stacktrace = None<br/> if isinstance(status, int):<br/>
                value_json = response.get(&quot;value&quot;, None)<br/> if value_json and isinstance(value_json,
                str):<br/> import json<br/> <br/> try:<br/> value = json.loads(value_json)<br/> if len(value) == 1:<br/>
                value = value[&quot;value&quot;]<br/> status = value.get(&quot;error&quot;, None)<br/> if not
                status:<br/> status = value.get(&quot;status&quot;, ErrorCode.UNKNOWN_ERROR)<br/> message = value.get(&quot;value&quot;)
                or value.get(&quot;message&quot;)<br/> if not isinstance(message, str):<br/> value = message<br/>
                message = message.get(&quot;message&quot;)<br/> else:<br/> message = value.get(&quot;message&quot;,
                None)<br/> except ValueError:<br/> pass<br/> <br/> exception_class: Type[WebDriverException]<br/> if
                status in ErrorCode.NO_SUCH_ELEMENT:<br/> exception_class = NoSuchElementException<br/> elif status in
                ErrorCode.NO_SUCH_FRAME:<br/> exception_class = NoSuchFrameException<br/> elif status in
                ErrorCode.NO_SUCH_SHADOW_ROOT:<br/> exception_class = NoSuchShadowRootException<br/> elif status in
                ErrorCode.NO_SUCH_WINDOW:<br/> exception_class = NoSuchWindowException<br/> elif status in
                ErrorCode.STALE_ELEMENT_REFERENCE:<br/> exception_class = StaleElementReferenceException<br/> elif
                status in ErrorCode.ELEMENT_NOT_VISIBLE:<br/> exception_class = ElementNotVisibleException<br/> elif
                status in ErrorCode.INVALID_ELEMENT_STATE:<br/> exception_class = InvalidElementStateException<br/> elif
                (<br/> status in ErrorCode.INVALID_SELECTOR<br/> or status in ErrorCode.INVALID_XPATH_SELECTOR<br/> or
                status in ErrorCode.INVALID_XPATH_SELECTOR_RETURN_TYPER<br/> ):<br/> exception_class =
                InvalidSelectorException<br/> elif status in ErrorCode.ELEMENT_IS_NOT_SELECTABLE:<br/> exception_class =
                ElementNotSelectableException<br/> elif status in ErrorCode.ELEMENT_NOT_INTERACTABLE:<br/>
                exception_class = ElementNotInteractableException<br/> elif status in
                ErrorCode.INVALID_COOKIE_DOMAIN:<br/> exception_class = InvalidCookieDomainException<br/> elif status in
                ErrorCode.UNABLE_TO_SET_COOKIE:<br/> exception_class = UnableToSetCookieException<br/> elif status in
                ErrorCode.TIMEOUT:<br/> exception_class = TimeoutException<br/> elif status in ErrorCode.SCRIPT_TIMEOUT:<br/>
                exception_class = TimeoutException<br/> elif status in ErrorCode.UNKNOWN_ERROR:<br/> exception_class =
                WebDriverException<br/> elif status in ErrorCode.UNEXPECTED_ALERT_OPEN:<br/> exception_class =
                UnexpectedAlertPresentException<br/> elif status in ErrorCode.NO_ALERT_OPEN:<br/> exception_class =
                NoAlertPresentException<br/> elif status in ErrorCode.IME_NOT_AVAILABLE:<br/> exception_class =
                ImeNotAvailableException<br/> elif status in ErrorCode.IME_ENGINE_ACTIVATION_FAILED:<br/>
                exception_class = ImeActivationFailedException<br/> elif status in
                ErrorCode.MOVE_TARGET_OUT_OF_BOUNDS:<br/> exception_class = MoveTargetOutOfBoundsException<br/> elif
                status in ErrorCode.JAVASCRIPT_ERROR:<br/> exception_class = JavascriptException<br/> elif status in
                ErrorCode.SESSION_NOT_CREATED:<br/> exception_class = SessionNotCreatedException<br/> elif status in
                ErrorCode.INVALID_ARGUMENT:<br/> exception_class = InvalidArgumentException<br/> elif status in
                ErrorCode.NO_SUCH_COOKIE:<br/> exception_class = NoSuchCookieException<br/> elif status in
                ErrorCode.UNABLE_TO_CAPTURE_SCREEN:<br/> exception_class = ScreenshotException<br/> elif status in
                ErrorCode.ELEMENT_CLICK_INTERCEPTED:<br/> exception_class = ElementClickInterceptedException<br/> elif
                status in ErrorCode.INSECURE_CERTIFICATE:<br/> exception_class = InsecureCertificateException<br/> elif
                status in ErrorCode.INVALID_COORDINATES:<br/> exception_class = InvalidCoordinatesException<br/> elif
                status in ErrorCode.INVALID_SESSION_ID:<br/> exception_class = InvalidSessionIdException<br/> elif
                status in ErrorCode.UNKNOWN_METHOD:<br/> exception_class = UnknownMethodException<br/> else:<br/>
                exception_class = WebDriverException<br/> if not value:<br/> value = response[&quot;value&quot;]<br/> if
                isinstance(value, str):<br/> raise exception_class(value)<br/> if message == &quot;&quot; and &quot;message&quot;
                in value:<br/> message = value[&quot;message&quot;]<br/> <br/> screen = None # type:
                ignore[assignment]<br/> if &quot;screen&quot; in value:<br/> screen = value[&quot;screen&quot;]<br/>
                <br/> stacktrace = None<br/> st_value = value.get(&quot;stackTrace&quot;) or value.get(&quot;stacktrace&quot;)<br/>
                if st_value:<br/> if isinstance(st_value, str):<br/> stacktrace = st_value.split(&quot;\n&quot;)<br/>
                else:<br/> stacktrace = []<br/> try:<br/> for frame in st_value:<br/> line = frame.get(&quot;lineNumber&quot;,
                &quot;&quot;)<br/> file = frame.get(&quot;fileName&quot;, &quot;&lt;anonymous&gt;&quot;)<br/> if
                line:<br/> file = f&quot;{file}:{line}&quot;<br/> meth = frame.get(&quot;methodName&quot;, &quot;&lt;anonymous&gt;&quot;)<br/>
                if &quot;className&quot; in frame:<br/> meth = f&quot;{frame[&#x27;className&#x27;]}.{meth}&quot;<br/>
                msg = &quot; at %s (%s)&quot;<br/> msg = msg % (meth, file)<br/> stacktrace.append(msg)<br/> except
                TypeError:<br/> pass<br/> if exception_class == UnexpectedAlertPresentException:<br/> alert_text =
                None<br/> if &quot;data&quot; in value:<br/> alert_text =
                value[&quot;data&quot;].get(&quot;text&quot;)<br/> elif &quot;alert&quot; in value:<br/> alert_text =
                value[&quot;alert&quot;].get(&quot;text&quot;)<br/> raise exception_class(message, screen, stacktrace,
                alert_text) # type: ignore[call-arg] # mypy is not smart enough here<br/>&gt; raise
                exception_class(message, screen, stacktrace)<br/><span class="error">E       selenium.common.exceptions.ElementClickInterceptedException: Message: element click intercepted: Element &lt;a _ngcontent-universal-cli-c117=&quot;&quot; href=&quot;javascript:void(0);&quot; class=&quot;nav-link ng-star-inserted&quot;&gt;...&lt;/a&gt; is not clickable at point (1039, 25). Other element would receive the click: &lt;div _ngcontent-universal-cli-c117=&quot;&quot; class=&quot;loader ng-star-inserted&quot;&gt;...&lt;/div&gt;</span><br/><span
                        class="error">E         (Session info: chrome=117.0.5938.132)</span><br/><span class="error">E       Stacktrace:</span><br/><span
                        class="error">E       	GetHandleVerifier [0x011FCEB3+45171]</span><br/><span class="error">E       	(No symbol) [0x01189101]</span><br/><span
                        class="error">E       	(No symbol) [0x0107BE1D]</span><br/><span class="error">E       	(No symbol) [0x010B3B91]</span><br/><span
                        class="error">E       	(No symbol) [0x010B268F]</span><br/><span class="error">E       	(No symbol) [0x010B0C7B]</span><br/><span
                        class="error">E       	(No symbol) [0x010B0015]</span><br/><span class="error">E       	(No symbol) [0x010A856A]</span><br/><span
                        class="error">E       	(No symbol) [0x010CB04C]</span><br/><span class="error">E       	(No symbol) [0x010A7FA6]</span><br/><span
                        class="error">E       	(No symbol) [0x010CB2C4]</span><br/><span class="error">E       	(No symbol) [0x010DDCFA]</span><br/><span
                        class="error">E       	(No symbol) [0x010CAE46]</span><br/><span class="error">E       	(No symbol) [0x010A675E]</span><br/><span
                        class="error">E       	(No symbol) [0x010A78FD]</span><br/><span class="error">E       	GetHandleVerifier [0x014B54B9+2897529]</span><br/><span
                        class="error">E       	GetHandleVerifier [0x014FDC6B+3194411]</span><br/><span class="error">E       	GetHandleVerifier [0x014F7A41+3169281]</span><br/><span
                        class="error">E       	GetHandleVerifier [0x01286130+606960]</span><br/><span class="error">E       	(No symbol) [0x01192E7C]</span><br/><span
                        class="error">E       	(No symbol) [0x0118F008]</span><br/><span class="error">E       	(No symbol) [0x0118F12F]</span><br/><span
                        class="error">E       	(No symbol) [0x01181827]</span><br/><span class="error">E       	BaseThreadInitThunk [0x7555FCC9+25]</span><br/><span
                        class="error">E       	RtlGetAppContainerNamedObjectPath [0x77657B1E+286]</span><br/><span
                        class="error">E       	RtlGetAppContainerNamedObjectPath [0x77657AEE+238]</span><br/><br/>..\..\AppData\Local\Packages\PythonSoftwareFoundation.Python.3.10_qbz5n2kfra8p0\LocalCache\local-packages\Python310\site-packages\selenium\webdriver\remote\errorhandler.py:245:
                ElementClickInterceptedException<br/></div>
        </td>
    </tr>
    </tbody>
    <tbody class="passed results-table-row">
    <tr>
        <td class="col-result">Passed</td>
        <td class="col-name">Test/test_Charity_reg_page.py::Test_CHARITY_SIGNUP::test_charity_signup[chrome]</td>
        <td class="col-duration">56.57</td>
        <td class="col-links"></td>
    </tr>
    <tr>
        <td class="extra" colspan="4">
            <div class="log"> ------------------------------Captured stdout call------------------------------ <br/>charity
                signup working fine.
                <br/></div>
        </td>
    </tr>
    </tbody>
    <tbody class="passed results-table-row">
    <tr>
        <td class="col-result">Passed</td>
        <td class="col-name">Test/test_EP_register.py::Test_EXPRegistration::test_ep_rgistration[chrome]</td>
        <td class="col-duration">44.02</td>
        <td class="col-links"></td>
    </tr>
    <tr>
        <td class="extra" colspan="4">
            <div class="log"> ------------------------------Captured stdout call------------------------------ <br/>EP
                signup working fine.
                <br/></div>
        </td>
    </tr>
    </tbody>
    <tbody class="passed results-table-row">
    <tr>
        <td class="col-result">Passed</td>
        <td class="col-name">Test/test_Loginpage.py::Test_Login::test_check_with_blank[chrome]</td>
        <td class="col-duration">12.83</td>
        <td class="col-links"></td>
    </tr>
    <tr>
        <td class="extra" colspan="4">
            <div class="empty log">No log output captured.</div>
        </td>
    </tr>
    </tbody>
    <tbody class="passed results-table-row">
    <tr>
        <td class="col-result">Passed</td>
        <td class="col-name">Test/test_Loginpage.py::Test_Login::test_couple_login[chrome]</td>
        <td class="col-duration">12.05</td>
        <td class="col-links"></td>
    </tr>
    <tr>
        <td class="extra" colspan="4">
            <div class="log"> ------------------------------Captured stdout call------------------------------ <br/>Couple
                user login working fine.
                <br/></div>
        </td>
    </tr>
    </tbody>
    <tbody class="passed results-table-row">
    <tr>
        <td class="col-result">Passed</td>
        <td class="col-name">Test/test_Loginpage.py::Test_Login::test_couple_login_by_username[chrome]</td>
        <td class="col-duration">12.01</td>
        <td class="col-links"></td>
    </tr>
    <tr>
        <td class="extra" colspan="4">
            <div class="log"> ------------------------------Captured stdout call------------------------------ <br/>Couple
                user login working fine.
                <br/></div>
        </td>
    </tr>
    </tbody>
    <tbody class="passed results-table-row">
    <tr>
        <td class="col-result">Passed</td>
        <td class="col-name">Test/test_Loginpage.py::Test_Login::test_individual_login[chrome]</td>
        <td class="col-duration">9.01</td>
        <td class="col-links"></td>
    </tr>
    <tr>
        <td class="extra" colspan="4">
            <div class="log"> ------------------------------Captured stdout call------------------------------ <br/>Individual
                user login working fine.
                <br/></div>
        </td>
    </tr>
    </tbody>
    <tbody class="passed results-table-row">
    <tr>
        <td class="col-result">Passed</td>
        <td class="col-name">Test/test_Loginpage.py::Test_Login::test_EP_login[chrome]</td>
        <td class="col-duration">9.10</td>
        <td class="col-links"></td>
    </tr>
    <tr>
        <td class="extra" colspan="4">
            <div class="log"> ------------------------------Captured stdout call------------------------------ <br/>EP
                user login working fine.
                <br/></div>
        </td>
    </tr>
    </tbody>
    <tbody class="passed results-table-row">
    <tr>
        <td class="col-result">Passed</td>
        <td class="col-name">Test/test_Loginpage.py::Test_Login::test_charity_login[chrome]</td>
        <td class="col-duration">8.97</td>
        <td class="col-links"></td>
    </tr>
    <tr>
        <td class="extra" colspan="4">
            <div class="log"> ------------------------------Captured stdout call------------------------------ <br/>Charity
                user login working fine.
                <br/></div>
        </td>
    </tr>
    </tbody>
    <tbody class="passed results-table-row">
    <tr>
        <td class="col-result">Passed</td>
        <td class="col-name">Test/test_Loginpage.py::Test_Login::test_joy_login[chrome]</td>
        <td class="col-duration">9.41</td>
        <td class="col-links"></td>
    </tr>
    <tr>
        <td class="extra" colspan="4">
            <div class="log"> ------------------------------Captured stdout call------------------------------ <br/>Joy
                user login working fine.
                <br/></div>
        </td>
    </tr>
    </tbody>
    <tbody class="passed results-table-row">
    <tr>
        <td class="col-result">Passed</td>
        <td class="col-name">Test/test_Loginpage.py::Test_Login::test_zola_login[chrome]</td>
        <td class="col-duration">9.47</td>
        <td class="col-links"></td>
    </tr>
    <tr>
        <td class="extra" colspan="4">
            <div class="log"> ------------------------------Captured stdout call------------------------------ <br/>Zola
                user login working fine.
                <br/></div>
        </td>
    </tr>
    </tbody>
    <tbody class="passed results-table-row">
    <tr>
        <td class="col-result">Passed</td>
        <td class="col-name">Test/test_Loginpage.py::Test_Login::test_knot_login[chrome]</td>
        <td class="col-duration">15.53</td>
        <td class="col-links"></td>
    </tr>
    <tr>
        <td class="extra" colspan="4">
            <div class="log"> ------------------------------Captured stdout call------------------------------ <br/>Knot
                user login working fine.
                <br/></div>
        </td>
    </tr>
    </tbody>
    <tbody class="passed results-table-row">
    <tr>
        <td class="col-result">Passed</td>
        <td class="col-name">Test/test_UpdateProfile.py::Test_Update_Profile::test_update_profile[chrome]</td>
        <td class="col-duration">51.18</td>
        <td class="col-links"></td>
    </tr>
    <tr>
        <td class="extra" colspan="4">
            <div class="empty log">No log output captured.</div>
        </td>
    </tr>
    </tbody>
    <tbody class="passed results-table-row">
    <tr>
        <td class="col-result">Passed</td>
        <td class="col-name">Test/test_account.py::Test_Account::test_deactivate_account[chrome]</td>
        <td class="col-duration">30.98</td>
        <td class="col-links"></td>
    </tr>
    <tr>
        <td class="extra" colspan="4">
            <div class="empty log">No log output captured.</div>
        </td>
    </tr>
    </tbody>
    <tbody class="passed results-table-row">
    <tr>
        <td class="col-result">Passed</td>
        <td class="col-name">Test/test_change_password.py::Test_change_password::test_change_password_a[chrome]</td>
        <td class="col-duration">19.76</td>
        <td class="col-links"></td>
    </tr>
    <tr>
        <td class="extra" colspan="4">
            <div class="empty log">No log output captured.</div>
        </td>
    </tr>
    </tbody>
    <tbody class="passed results-table-row">
    <tr>
        <td class="col-result">Passed</td>
        <td class="col-name">Test/test_friendrequest.py::Test_Friendreq::test_Friendreq[chrome]</td>
        <td class="col-duration">46.42</td>
        <td class="col-links"></td>
    </tr>
    <tr>
        <td class="extra" colspan="4">
            <div class="empty log">No log output captured.</div>
        </td>
    </tr>
    </tbody>
    <tbody class="passed results-table-row">
    <tr>
        <td class="col-result">Passed</td>
        <td class="col-name">Test/test_prcie_filter.py::TestPriceFilter::test_price_filter_a[chrome]</td>
        <td class="col-duration">55.35</td>
        <td class="col-links"></td>
    </tr>
    <tr>
        <td class="extra" colspan="4">
            <div class="empty log">No log output captured.</div>
        </td>
    </tr>
    </tbody>
    <tbody class="passed results-table-row">
    <tr>
        <td class="col-result">Passed</td>
        <td class="col-name">Test/test_prcie_filter.py::TestPriceFilter::test_price_filter_b[chrome]</td>
        <td class="col-duration">33.97</td>
        <td class="col-links"></td>
    </tr>
    <tr>
        <td class="extra" colspan="4">
            <div class="log"> ------------------------------Captured stdout call------------------------------ <br/>[156,
                110, 180, 144, 110, 175, 125, 100, 150, 122, 120, 130, 198, 158, 159, 178, 178, 178]
                <br/></div>
        </td>
    </tr>
    </tbody>
    <tbody class="passed results-table-row">
    <tr>
        <td class="col-result">Passed</td>
        <td class="col-name">Test/test_prcie_filter.py::TestPriceFilter::test_price_filter_c[chrome]</td>
        <td class="col-duration">42.55</td>
        <td class="col-links"></td>
    </tr>
    <tr>
        <td class="extra" colspan="4">
            <div class="log"> ------------------------------Captured stdout call------------------------------ <br/>[238,
                248, 268, 250, 220, 248, 300, 425, 298, 318, 500, 240, 248, 250, 1644, 558, 548, 250]
                <br/></div>
        </td>
    </tr>
    </tbody>
    <tbody class="passed results-table-row">
    <tr>
        <td class="col-result">Passed</td>
        <td class="col-name">Test/test_prcie_filter.py::TestPriceFilter::test_price_filter_d[chrome]</td>
        <td class="col-duration">37.31</td>
        <td class="col-links"></td>
    </tr>
    <tr>
        <td class="extra" colspan="4">
            <div class="log"> ------------------------------Captured stdout call------------------------------ <br/>[20,
                48, 0, 0]
                <br/></div>
        </td>
    </tr>
    </tbody>
    <tbody class="passed results-table-row">
    <tr>
        <td class="col-result">Passed</td>
        <td class="col-name">Test/test_registry_page.py::Test_Registry::test_add_to_registry[chrome]</td>
        <td class="col-duration">61.34</td>
        <td class="col-links"></td>
    </tr>
    <tr>
        <td class="extra" colspan="4">
            <div class="empty log">No log output captured.</div>
        </td>
    </tr>
    </tbody>
    <tbody class="passed results-table-row">
    <tr>
        <td class="col-result">Passed</td>
        <td class="col-name">Test/test_update_honeymoon.py::Test_Honeymoon::test_update_honeymoon[chrome]</td>
        <td class="col-duration">67.90</td>
        <td class="col-links"></td>
    </tr>
    <tr>
        <td class="extra" colspan="4">
            <div class="empty log">No log output captured.</div>
        </td>
    </tr>
    </tbody>
    <tbody class="passed results-table-row">
    <tr>
        <td class="col-result">Passed</td>
        <td class="col-name">Test/test_update_shipping.py::Test_Update_Shipping::test_update_shipping[chrome]</td>
        <td class="col-duration">47.74</td>
        <td class="col-links"></td>
    </tr>
    <tr>
        <td class="extra" colspan="4">
            <div class="empty log">No log output captured.</div>
        </td>
    </tr>
    </tbody>
    <tbody class="passed results-table-row">
    <tr>
        <td class="col-result">Passed</td>
        <td class="col-name">Test/test_url.py::Test_URL::test_registryurl[chrome]</td>
        <td class="col-duration">21.48</td>
        <td class="col-links"></td>
    </tr>
    <tr>
        <td class="extra" colspan="4">
            <div class="empty log">No log output captured.</div>
        </td>
    </tr>
    </tbody>
</table>
</body>
</html>